[0.515s] Invoking command in '/home/leow/colcon_ws/build/auto_nav': PYTHONPATH=/home/leow/colcon_ws/build/auto_nav/prefix_override:/home/leow/colcon_ws/install/auto_nav/lib/python3.8/site-packages:${PYTHONPATH} /usr/bin/python3 setup.py develop --editable --build-directory /home/leow/colcon_ws/build/auto_nav/build --no-deps install_data
[0.640s] running develop
[0.703s] running egg_info
[0.704s] writing auto_nav.egg-info/PKG-INFO
[0.704s] writing dependency_links to auto_nav.egg-info/dependency_links.txt
[0.704s] writing entry points to auto_nav.egg-info/entry_points.txt
[0.704s] writing requirements to auto_nav.egg-info/requires.txt
[0.704s] writing top-level names to auto_nav.egg-info/top_level.txt
[0.723s] reading manifest file 'auto_nav.egg-info/SOURCES.txt'
[0.724s] writing manifest file 'auto_nav.egg-info/SOURCES.txt'
[0.744s] running build_ext
[0.744s] Creating /home/leow/colcon_ws/install/auto_nav/lib/python3.8/site-packages/site.py
[0.746s] Creating /home/leow/colcon_ws/install/auto_nav/lib/python3.8/site-packages/auto-nav.egg-link (link to .)
[0.746s] Installing r2auto_nav script to /home/leow/colcon_ws/install/auto_nav/lib/auto_nav
[0.746s] Installing r2mover script to /home/leow/colcon_ws/install/auto_nav/lib/auto_nav
[0.746s] Installing r2moverotate script to /home/leow/colcon_ws/install/auto_nav/lib/auto_nav
[0.746s] Installing r2occupancy script to /home/leow/colcon_ws/install/auto_nav/lib/auto_nav
[0.746s] Installing r2occupancy2 script to /home/leow/colcon_ws/install/auto_nav/lib/auto_nav
[0.746s] Installing r2scanner script to /home/leow/colcon_ws/install/auto_nav/lib/auto_nav
[0.747s] 
[0.747s] Installed /home/leow/colcon_ws/build/auto_nav
[0.747s] running install_data
[0.771s] Invoked command in '/home/leow/colcon_ws/build/auto_nav' returned '0': PYTHONPATH=/home/leow/colcon_ws/build/auto_nav/prefix_override:/home/leow/colcon_ws/install/auto_nav/lib/python3.8/site-packages:${PYTHONPATH} /usr/bin/python3 setup.py develop --editable --build-directory /home/leow/colcon_ws/build/auto_nav/build --no-deps install_data
