[0.114s] DEBUG:colcon:Command line arguments: ['/usr/bin/colcon', 'build', '--symlink-install']
[0.114s] DEBUG:colcon:Parsed command line arguments: Namespace(allow_overriding=[], ament_cmake_args=None, base_paths=['.'], build_base='build', catkin_cmake_args=None, catkin_skip_building_tests=False, cmake_args=None, cmake_clean_cache=False, cmake_clean_first=False, cmake_force_configure=False, cmake_target=None, cmake_target_skip_unavailable=False, continue_on_error=False, event_handlers=None, executor='parallel', ignore_user_meta=False, install_base='install', log_base=None, log_level=None, main=<bound method BuildVerb.main of <colcon_core.verb.build.BuildVerb object at 0x7f1fa0b03400>>, merge_install=False, metas=['./colcon.meta'], packages_above=None, packages_above_and_dependencies=None, packages_above_depth=None, packages_end=None, packages_ignore=None, packages_ignore_regex=None, packages_select=None, packages_select_build_failed=False, packages_select_by_dep=None, packages_select_regex=None, packages_select_test_failures=False, packages_skip=None, packages_skip_build_finished=False, packages_skip_by_dep=None, packages_skip_regex=None, packages_skip_test_passed=False, packages_skip_up_to=None, packages_start=None, packages_up_to=None, packages_up_to_regex=None, parallel_workers=20, paths=None, symlink_install=True, test_result_base=None, verb_extension=<colcon_core.verb.build.BuildVerb object at 0x7f1fa0b03400>, verb_name='build', verb_parser=<colcon_defaults.argument_parser.defaults.DefaultArgumentsDecorator object at 0x7f1fa0b03940>)
[0.135s] Level 1:colcon.colcon_core.package_discovery:discover_packages(colcon_meta) check parameters
[0.135s] Level 1:colcon.colcon_core.package_discovery:discover_packages(recursive) check parameters
[0.135s] Level 1:colcon.colcon_core.package_discovery:discover_packages(ignore) check parameters
[0.135s] Level 1:colcon.colcon_core.package_discovery:discover_packages(path) check parameters
[0.135s] Level 1:colcon.colcon_core.package_discovery:discover_packages(colcon_meta) discover
[0.135s] Level 1:colcon.colcon_core.package_discovery:discover_packages(recursive) discover
[0.135s] INFO:colcon.colcon_core.package_discovery:Crawling recursively for packages in '/home/leow/colcon_ws'
[0.135s] Level 1:colcon.colcon_core.package_identification:_identify(.) by extensions ['ignore', 'ignore_ament_install']
[0.135s] Level 1:colcon.colcon_core.package_identification:_identify(.) by extension 'ignore'
[0.136s] Level 1:colcon.colcon_core.package_identification:_identify(.) by extension 'ignore_ament_install'
[0.136s] Level 1:colcon.colcon_core.package_identification:_identify(.) by extensions ['colcon_pkg']
[0.136s] Level 1:colcon.colcon_core.package_identification:_identify(.) by extension 'colcon_pkg'
[0.136s] Level 1:colcon.colcon_core.package_identification:_identify(.) by extensions ['colcon_meta']
[0.136s] Level 1:colcon.colcon_core.package_identification:_identify(.) by extension 'colcon_meta'
[0.136s] Level 1:colcon.colcon_core.package_identification:_identify(.) by extensions ['ros']
[0.136s] Level 1:colcon.colcon_core.package_identification:_identify(.) by extension 'ros'
[0.143s] Level 1:colcon.colcon_core.package_identification:_identify(.) by extensions ['cmake', 'python']
[0.143s] Level 1:colcon.colcon_core.package_identification:_identify(.) by extension 'cmake'
[0.143s] Level 1:colcon.colcon_core.package_identification:_identify(.) by extension 'python'
[0.143s] Level 1:colcon.colcon_core.package_identification:_identify(.) by extensions ['python_setup_py']
[0.143s] Level 1:colcon.colcon_core.package_identification:_identify(.) by extension 'python_setup_py'
[0.144s] Level 1:colcon.colcon_core.package_identification:_identify(build) by extensions ['ignore', 'ignore_ament_install']
[0.144s] Level 1:colcon.colcon_core.package_identification:_identify(build) by extension 'ignore'
[0.144s] Level 1:colcon.colcon_core.package_identification:_identify(build) ignored
[0.144s] Level 1:colcon.colcon_core.package_identification:_identify(install) by extensions ['ignore', 'ignore_ament_install']
[0.144s] Level 1:colcon.colcon_core.package_identification:_identify(install) by extension 'ignore'
[0.144s] Level 1:colcon.colcon_core.package_identification:_identify(install) ignored
[0.144s] Level 1:colcon.colcon_core.package_identification:_identify(log) by extensions ['ignore', 'ignore_ament_install']
[0.144s] Level 1:colcon.colcon_core.package_identification:_identify(log) by extension 'ignore'
[0.144s] Level 1:colcon.colcon_core.package_identification:_identify(log) ignored
[0.144s] Level 1:colcon.colcon_core.package_identification:_identify(mapping) by extensions ['ignore', 'ignore_ament_install']
[0.144s] Level 1:colcon.colcon_core.package_identification:_identify(mapping) by extension 'ignore'
[0.144s] Level 1:colcon.colcon_core.package_identification:_identify(mapping) by extension 'ignore_ament_install'
[0.144s] Level 1:colcon.colcon_core.package_identification:_identify(mapping) by extensions ['colcon_pkg']
[0.144s] Level 1:colcon.colcon_core.package_identification:_identify(mapping) by extension 'colcon_pkg'
[0.144s] Level 1:colcon.colcon_core.package_identification:_identify(mapping) by extensions ['colcon_meta']
[0.144s] Level 1:colcon.colcon_core.package_identification:_identify(mapping) by extension 'colcon_meta'
[0.144s] Level 1:colcon.colcon_core.package_identification:_identify(mapping) by extensions ['ros']
[0.144s] Level 1:colcon.colcon_core.package_identification:_identify(mapping) by extension 'ros'
[0.144s] Level 1:colcon.colcon_core.package_identification:_identify(mapping) by extensions ['cmake', 'python']
[0.144s] Level 1:colcon.colcon_core.package_identification:_identify(mapping) by extension 'cmake'
[0.144s] Level 1:colcon.colcon_core.package_identification:_identify(mapping) by extension 'python'
[0.144s] Level 1:colcon.colcon_core.package_identification:_identify(mapping) by extensions ['python_setup_py']
[0.144s] Level 1:colcon.colcon_core.package_identification:_identify(mapping) by extension 'python_setup_py'
[0.144s] Level 1:colcon.colcon_core.package_identification:_identify(mapping/launch) by extensions ['ignore', 'ignore_ament_install']
[0.144s] Level 1:colcon.colcon_core.package_identification:_identify(mapping/launch) by extension 'ignore'
[0.144s] Level 1:colcon.colcon_core.package_identification:_identify(mapping/launch) by extension 'ignore_ament_install'
[0.144s] Level 1:colcon.colcon_core.package_identification:_identify(mapping/launch) by extensions ['colcon_pkg']
[0.145s] Level 1:colcon.colcon_core.package_identification:_identify(mapping/launch) by extension 'colcon_pkg'
[0.145s] Level 1:colcon.colcon_core.package_identification:_identify(mapping/launch) by extensions ['colcon_meta']
[0.145s] Level 1:colcon.colcon_core.package_identification:_identify(mapping/launch) by extension 'colcon_meta'
[0.145s] Level 1:colcon.colcon_core.package_identification:_identify(mapping/launch) by extensions ['ros']
[0.145s] Level 1:colcon.colcon_core.package_identification:_identify(mapping/launch) by extension 'ros'
[0.145s] Level 1:colcon.colcon_core.package_identification:_identify(mapping/launch) by extensions ['cmake', 'python']
[0.145s] Level 1:colcon.colcon_core.package_identification:_identify(mapping/launch) by extension 'cmake'
[0.145s] Level 1:colcon.colcon_core.package_identification:_identify(mapping/launch) by extension 'python'
[0.145s] Level 1:colcon.colcon_core.package_identification:_identify(mapping/launch) by extensions ['python_setup_py']
[0.145s] Level 1:colcon.colcon_core.package_identification:_identify(mapping/launch) by extension 'python_setup_py'
[0.145s] Level 1:colcon.colcon_core.package_identification:_identify(src) by extensions ['ignore', 'ignore_ament_install']
[0.145s] Level 1:colcon.colcon_core.package_identification:_identify(src) by extension 'ignore'
[0.145s] Level 1:colcon.colcon_core.package_identification:_identify(src) by extension 'ignore_ament_install'
[0.145s] Level 1:colcon.colcon_core.package_identification:_identify(src) by extensions ['colcon_pkg']
[0.145s] Level 1:colcon.colcon_core.package_identification:_identify(src) by extension 'colcon_pkg'
[0.145s] Level 1:colcon.colcon_core.package_identification:_identify(src) by extensions ['colcon_meta']
[0.145s] Level 1:colcon.colcon_core.package_identification:_identify(src) by extension 'colcon_meta'
[0.145s] Level 1:colcon.colcon_core.package_identification:_identify(src) by extensions ['ros']
[0.145s] Level 1:colcon.colcon_core.package_identification:_identify(src) by extension 'ros'
[0.145s] Level 1:colcon.colcon_core.package_identification:_identify(src) by extensions ['cmake', 'python']
[0.145s] Level 1:colcon.colcon_core.package_identification:_identify(src) by extension 'cmake'
[0.145s] Level 1:colcon.colcon_core.package_identification:_identify(src) by extension 'python'
[0.145s] Level 1:colcon.colcon_core.package_identification:_identify(src) by extensions ['python_setup_py']
[0.145s] Level 1:colcon.colcon_core.package_identification:_identify(src) by extension 'python_setup_py'
[0.145s] Level 1:colcon.colcon_core.package_identification:_identify(src/auto_nav) by extensions ['ignore', 'ignore_ament_install']
[0.145s] Level 1:colcon.colcon_core.package_identification:_identify(src/auto_nav) by extension 'ignore'
[0.145s] Level 1:colcon.colcon_core.package_identification:_identify(src/auto_nav) by extension 'ignore_ament_install'
[0.145s] Level 1:colcon.colcon_core.package_identification:_identify(src/auto_nav) by extensions ['colcon_pkg']
[0.145s] Level 1:colcon.colcon_core.package_identification:_identify(src/auto_nav) by extension 'colcon_pkg'
[0.145s] Level 1:colcon.colcon_core.package_identification:_identify(src/auto_nav) by extensions ['colcon_meta']
[0.145s] Level 1:colcon.colcon_core.package_identification:_identify(src/auto_nav) by extension 'colcon_meta'
[0.145s] Level 1:colcon.colcon_core.package_identification:_identify(src/auto_nav) by extensions ['ros']
[0.145s] Level 1:colcon.colcon_core.package_identification:_identify(src/auto_nav) by extension 'ros'
[0.148s] DEBUG:colcon.colcon_core.package_identification:Package 'src/auto_nav' with type 'ros.ament_python' and name 'auto_nav'
[0.148s] Level 1:colcon.colcon_core.package_identification:_identify(src/map_loader) by extensions ['ignore', 'ignore_ament_install']
[0.148s] Level 1:colcon.colcon_core.package_identification:_identify(src/map_loader) by extension 'ignore'
[0.148s] Level 1:colcon.colcon_core.package_identification:_identify(src/map_loader) by extension 'ignore_ament_install'
[0.148s] Level 1:colcon.colcon_core.package_identification:_identify(src/map_loader) by extensions ['colcon_pkg']
[0.148s] Level 1:colcon.colcon_core.package_identification:_identify(src/map_loader) by extension 'colcon_pkg'
[0.148s] Level 1:colcon.colcon_core.package_identification:_identify(src/map_loader) by extensions ['colcon_meta']
[0.148s] Level 1:colcon.colcon_core.package_identification:_identify(src/map_loader) by extension 'colcon_meta'
[0.148s] Level 1:colcon.colcon_core.package_identification:_identify(src/map_loader) by extensions ['ros']
[0.148s] Level 1:colcon.colcon_core.package_identification:_identify(src/map_loader) by extension 'ros'
[0.149s] DEBUG:colcon.colcon_core.package_identification:Package 'src/map_loader' with type 'ros.ament_python' and name 'map_loader'
[0.149s] Level 1:colcon.colcon_core.package_identification:_identify(src/py_pubsub) by extensions ['ignore', 'ignore_ament_install']
[0.149s] Level 1:colcon.colcon_core.package_identification:_identify(src/py_pubsub) by extension 'ignore'
[0.149s] Level 1:colcon.colcon_core.package_identification:_identify(src/py_pubsub) by extension 'ignore_ament_install'
[0.149s] Level 1:colcon.colcon_core.package_identification:_identify(src/py_pubsub) by extensions ['colcon_pkg']
[0.149s] Level 1:colcon.colcon_core.package_identification:_identify(src/py_pubsub) by extension 'colcon_pkg'
[0.149s] Level 1:colcon.colcon_core.package_identification:_identify(src/py_pubsub) by extensions ['colcon_meta']
[0.149s] Level 1:colcon.colcon_core.package_identification:_identify(src/py_pubsub) by extension 'colcon_meta'
[0.149s] Level 1:colcon.colcon_core.package_identification:_identify(src/py_pubsub) by extensions ['ros']
[0.149s] Level 1:colcon.colcon_core.package_identification:_identify(src/py_pubsub) by extension 'ros'
[0.149s] DEBUG:colcon.colcon_core.package_identification:Package 'src/py_pubsub' with type 'ros.ament_python' and name 'py_pubsub'
[0.150s] Level 1:colcon.colcon_core.package_identification:_identify(src/turtlebot3_simulations) by extensions ['ignore', 'ignore_ament_install']
[0.150s] Level 1:colcon.colcon_core.package_identification:_identify(src/turtlebot3_simulations) by extension 'ignore'
[0.150s] Level 1:colcon.colcon_core.package_identification:_identify(src/turtlebot3_simulations) by extension 'ignore_ament_install'
[0.150s] Level 1:colcon.colcon_core.package_identification:_identify(src/turtlebot3_simulations) by extensions ['colcon_pkg']
[0.150s] Level 1:colcon.colcon_core.package_identification:_identify(src/turtlebot3_simulations) by extension 'colcon_pkg'
[0.150s] Level 1:colcon.colcon_core.package_identification:_identify(src/turtlebot3_simulations) by extensions ['colcon_meta']
[0.150s] Level 1:colcon.colcon_core.package_identification:_identify(src/turtlebot3_simulations) by extension 'colcon_meta'
[0.150s] Level 1:colcon.colcon_core.package_identification:_identify(src/turtlebot3_simulations) by extensions ['ros']
[0.150s] Level 1:colcon.colcon_core.package_identification:_identify(src/turtlebot3_simulations) by extension 'ros'
[0.150s] Level 1:colcon.colcon_core.package_identification:_identify(src/turtlebot3_simulations) by extensions ['cmake', 'python']
[0.150s] Level 1:colcon.colcon_core.package_identification:_identify(src/turtlebot3_simulations) by extension 'cmake'
[0.150s] Level 1:colcon.colcon_core.package_identification:_identify(src/turtlebot3_simulations) by extension 'python'
[0.150s] Level 1:colcon.colcon_core.package_identification:_identify(src/turtlebot3_simulations) by extensions ['python_setup_py']
[0.150s] Level 1:colcon.colcon_core.package_identification:_identify(src/turtlebot3_simulations) by extension 'python_setup_py'
[0.150s] Level 1:colcon.colcon_core.package_identification:_identify(src/turtlebot3_simulations/turtlebot3_fake_node) by extensions ['ignore', 'ignore_ament_install']
[0.150s] Level 1:colcon.colcon_core.package_identification:_identify(src/turtlebot3_simulations/turtlebot3_fake_node) by extension 'ignore'
[0.150s] Level 1:colcon.colcon_core.package_identification:_identify(src/turtlebot3_simulations/turtlebot3_fake_node) by extension 'ignore_ament_install'
[0.150s] Level 1:colcon.colcon_core.package_identification:_identify(src/turtlebot3_simulations/turtlebot3_fake_node) by extensions ['colcon_pkg']
[0.150s] Level 1:colcon.colcon_core.package_identification:_identify(src/turtlebot3_simulations/turtlebot3_fake_node) by extension 'colcon_pkg'
[0.150s] Level 1:colcon.colcon_core.package_identification:_identify(src/turtlebot3_simulations/turtlebot3_fake_node) by extensions ['colcon_meta']
[0.150s] Level 1:colcon.colcon_core.package_identification:_identify(src/turtlebot3_simulations/turtlebot3_fake_node) by extension 'colcon_meta'
[0.150s] Level 1:colcon.colcon_core.package_identification:_identify(src/turtlebot3_simulations/turtlebot3_fake_node) by extensions ['ros']
[0.150s] Level 1:colcon.colcon_core.package_identification:_identify(src/turtlebot3_simulations/turtlebot3_fake_node) by extension 'ros'
[0.156s] DEBUG:colcon.colcon_core.package_identification:Package 'src/turtlebot3_simulations/turtlebot3_fake_node' with type 'ros.ament_cmake' and name 'turtlebot3_fake_node'
[0.156s] Level 1:colcon.colcon_core.package_identification:_identify(src/turtlebot3_simulations/turtlebot3_gazebo) by extensions ['ignore', 'ignore_ament_install']
[0.156s] Level 1:colcon.colcon_core.package_identification:_identify(src/turtlebot3_simulations/turtlebot3_gazebo) by extension 'ignore'
[0.156s] Level 1:colcon.colcon_core.package_identification:_identify(src/turtlebot3_simulations/turtlebot3_gazebo) by extension 'ignore_ament_install'
[0.156s] Level 1:colcon.colcon_core.package_identification:_identify(src/turtlebot3_simulations/turtlebot3_gazebo) by extensions ['colcon_pkg']
[0.156s] Level 1:colcon.colcon_core.package_identification:_identify(src/turtlebot3_simulations/turtlebot3_gazebo) by extension 'colcon_pkg'
[0.156s] Level 1:colcon.colcon_core.package_identification:_identify(src/turtlebot3_simulations/turtlebot3_gazebo) by extensions ['colcon_meta']
[0.156s] Level 1:colcon.colcon_core.package_identification:_identify(src/turtlebot3_simulations/turtlebot3_gazebo) by extension 'colcon_meta'
[0.156s] Level 1:colcon.colcon_core.package_identification:_identify(src/turtlebot3_simulations/turtlebot3_gazebo) by extensions ['ros']
[0.156s] Level 1:colcon.colcon_core.package_identification:_identify(src/turtlebot3_simulations/turtlebot3_gazebo) by extension 'ros'
[0.157s] DEBUG:colcon.colcon_core.package_identification:Package 'src/turtlebot3_simulations/turtlebot3_gazebo' with type 'ros.ament_cmake' and name 'turtlebot3_gazebo'
[0.157s] Level 1:colcon.colcon_core.package_identification:_identify(src/turtlebot3_simulations/turtlebot3_simulations) by extensions ['ignore', 'ignore_ament_install']
[0.157s] Level 1:colcon.colcon_core.package_identification:_identify(src/turtlebot3_simulations/turtlebot3_simulations) by extension 'ignore'
[0.157s] Level 1:colcon.colcon_core.package_identification:_identify(src/turtlebot3_simulations/turtlebot3_simulations) by extension 'ignore_ament_install'
[0.157s] Level 1:colcon.colcon_core.package_identification:_identify(src/turtlebot3_simulations/turtlebot3_simulations) by extensions ['colcon_pkg']
[0.157s] Level 1:colcon.colcon_core.package_identification:_identify(src/turtlebot3_simulations/turtlebot3_simulations) by extension 'colcon_pkg'
[0.157s] Level 1:colcon.colcon_core.package_identification:_identify(src/turtlebot3_simulations/turtlebot3_simulations) by extensions ['colcon_meta']
[0.157s] Level 1:colcon.colcon_core.package_identification:_identify(src/turtlebot3_simulations/turtlebot3_simulations) by extension 'colcon_meta'
[0.157s] Level 1:colcon.colcon_core.package_identification:_identify(src/turtlebot3_simulations/turtlebot3_simulations) by extensions ['ros']
[0.157s] Level 1:colcon.colcon_core.package_identification:_identify(src/turtlebot3_simulations/turtlebot3_simulations) by extension 'ros'
[0.158s] DEBUG:colcon.colcon_core.package_identification:Package 'src/turtlebot3_simulations/turtlebot3_simulations' with type 'ros.ament_cmake' and name 'turtlebot3_simulations'
[0.158s] Level 1:colcon.colcon_core.package_discovery:discover_packages(recursive) using defaults
[0.158s] Level 1:colcon.colcon_core.package_discovery:discover_packages(ignore) discover
[0.158s] Level 1:colcon.colcon_core.package_discovery:discover_packages(ignore) using defaults
[0.158s] Level 1:colcon.colcon_core.package_discovery:discover_packages(path) discover
[0.158s] Level 1:colcon.colcon_core.package_discovery:discover_packages(path) using defaults
[0.173s] Level 1:colcon.colcon_core.package_discovery:discover_packages(prefix_path) check parameters
[0.173s] Level 1:colcon.colcon_core.package_discovery:discover_packages(prefix_path) discover
[0.175s] DEBUG:colcon.colcon_installed_package_information.package_discovery:Found 6 installed packages in /home/leow/colcon_ws/install
[0.176s] DEBUG:colcon.colcon_installed_package_information.package_discovery:Found 333 installed packages in /opt/ros/foxy
[0.177s] Level 1:colcon.colcon_core.package_discovery:discover_packages(prefix_path) using defaults
[0.229s] Level 5:colcon.colcon_core.verb:set package 'auto_nav' build argument 'cmake_args' from command line to 'None'
[0.229s] Level 5:colcon.colcon_core.verb:set package 'auto_nav' build argument 'cmake_target' from command line to 'None'
[0.229s] Level 5:colcon.colcon_core.verb:set package 'auto_nav' build argument 'cmake_target_skip_unavailable' from command line to 'False'
[0.229s] Level 5:colcon.colcon_core.verb:set package 'auto_nav' build argument 'cmake_clean_cache' from command line to 'False'
[0.229s] Level 5:colcon.colcon_core.verb:set package 'auto_nav' build argument 'cmake_clean_first' from command line to 'False'
[0.229s] Level 5:colcon.colcon_core.verb:set package 'auto_nav' build argument 'cmake_force_configure' from command line to 'False'
[0.229s] Level 5:colcon.colcon_core.verb:set package 'auto_nav' build argument 'ament_cmake_args' from command line to 'None'
[0.229s] Level 5:colcon.colcon_core.verb:set package 'auto_nav' build argument 'catkin_cmake_args' from command line to 'None'
[0.229s] Level 5:colcon.colcon_core.verb:set package 'auto_nav' build argument 'catkin_skip_building_tests' from command line to 'False'
[0.229s] DEBUG:colcon.colcon_core.verb:Building package 'auto_nav' with the following arguments: {'ament_cmake_args': None, 'build_base': '/home/leow/colcon_ws/build/auto_nav', 'catkin_cmake_args': None, 'catkin_skip_building_tests': False, 'cmake_args': None, 'cmake_clean_cache': False, 'cmake_clean_first': False, 'cmake_force_configure': False, 'cmake_target': None, 'cmake_target_skip_unavailable': False, 'install_base': '/home/leow/colcon_ws/install/auto_nav', 'merge_install': False, 'path': '/home/leow/colcon_ws/src/auto_nav', 'symlink_install': True, 'test_result_base': None}
[0.230s] Level 5:colcon.colcon_core.verb:set package 'map_loader' build argument 'cmake_args' from command line to 'None'
[0.230s] Level 5:colcon.colcon_core.verb:set package 'map_loader' build argument 'cmake_target' from command line to 'None'
[0.230s] Level 5:colcon.colcon_core.verb:set package 'map_loader' build argument 'cmake_target_skip_unavailable' from command line to 'False'
[0.230s] Level 5:colcon.colcon_core.verb:set package 'map_loader' build argument 'cmake_clean_cache' from command line to 'False'
[0.230s] Level 5:colcon.colcon_core.verb:set package 'map_loader' build argument 'cmake_clean_first' from command line to 'False'
[0.230s] Level 5:colcon.colcon_core.verb:set package 'map_loader' build argument 'cmake_force_configure' from command line to 'False'
[0.230s] Level 5:colcon.colcon_core.verb:set package 'map_loader' build argument 'ament_cmake_args' from command line to 'None'
[0.230s] Level 5:colcon.colcon_core.verb:set package 'map_loader' build argument 'catkin_cmake_args' from command line to 'None'
[0.230s] Level 5:colcon.colcon_core.verb:set package 'map_loader' build argument 'catkin_skip_building_tests' from command line to 'False'
[0.230s] DEBUG:colcon.colcon_core.verb:Building package 'map_loader' with the following arguments: {'ament_cmake_args': None, 'build_base': '/home/leow/colcon_ws/build/map_loader', 'catkin_cmake_args': None, 'catkin_skip_building_tests': False, 'cmake_args': None, 'cmake_clean_cache': False, 'cmake_clean_first': False, 'cmake_force_configure': False, 'cmake_target': None, 'cmake_target_skip_unavailable': False, 'install_base': '/home/leow/colcon_ws/install/map_loader', 'merge_install': False, 'path': '/home/leow/colcon_ws/src/map_loader', 'symlink_install': True, 'test_result_base': None}
[0.231s] Level 5:colcon.colcon_core.verb:set package 'py_pubsub' build argument 'cmake_args' from command line to 'None'
[0.231s] Level 5:colcon.colcon_core.verb:set package 'py_pubsub' build argument 'cmake_target' from command line to 'None'
[0.231s] Level 5:colcon.colcon_core.verb:set package 'py_pubsub' build argument 'cmake_target_skip_unavailable' from command line to 'False'
[0.231s] Level 5:colcon.colcon_core.verb:set package 'py_pubsub' build argument 'cmake_clean_cache' from command line to 'False'
[0.231s] Level 5:colcon.colcon_core.verb:set package 'py_pubsub' build argument 'cmake_clean_first' from command line to 'False'
[0.231s] Level 5:colcon.colcon_core.verb:set package 'py_pubsub' build argument 'cmake_force_configure' from command line to 'False'
[0.231s] Level 5:colcon.colcon_core.verb:set package 'py_pubsub' build argument 'ament_cmake_args' from command line to 'None'
[0.231s] Level 5:colcon.colcon_core.verb:set package 'py_pubsub' build argument 'catkin_cmake_args' from command line to 'None'
[0.231s] Level 5:colcon.colcon_core.verb:set package 'py_pubsub' build argument 'catkin_skip_building_tests' from command line to 'False'
[0.231s] DEBUG:colcon.colcon_core.verb:Building package 'py_pubsub' with the following arguments: {'ament_cmake_args': None, 'build_base': '/home/leow/colcon_ws/build/py_pubsub', 'catkin_cmake_args': None, 'catkin_skip_building_tests': False, 'cmake_args': None, 'cmake_clean_cache': False, 'cmake_clean_first': False, 'cmake_force_configure': False, 'cmake_target': None, 'cmake_target_skip_unavailable': False, 'install_base': '/home/leow/colcon_ws/install/py_pubsub', 'merge_install': False, 'path': '/home/leow/colcon_ws/src/py_pubsub', 'symlink_install': True, 'test_result_base': None}
[0.231s] Level 5:colcon.colcon_core.verb:set package 'turtlebot3_fake_node' build argument 'cmake_args' from command line to 'None'
[0.231s] Level 5:colcon.colcon_core.verb:set package 'turtlebot3_fake_node' build argument 'cmake_target' from command line to 'None'
[0.231s] Level 5:colcon.colcon_core.verb:set package 'turtlebot3_fake_node' build argument 'cmake_target_skip_unavailable' from command line to 'False'
[0.231s] Level 5:colcon.colcon_core.verb:set package 'turtlebot3_fake_node' build argument 'cmake_clean_cache' from command line to 'False'
[0.231s] Level 5:colcon.colcon_core.verb:set package 'turtlebot3_fake_node' build argument 'cmake_clean_first' from command line to 'False'
[0.231s] Level 5:colcon.colcon_core.verb:set package 'turtlebot3_fake_node' build argument 'cmake_force_configure' from command line to 'False'
[0.231s] Level 5:colcon.colcon_core.verb:set package 'turtlebot3_fake_node' build argument 'ament_cmake_args' from command line to 'None'
[0.231s] Level 5:colcon.colcon_core.verb:set package 'turtlebot3_fake_node' build argument 'catkin_cmake_args' from command line to 'None'
[0.231s] Level 5:colcon.colcon_core.verb:set package 'turtlebot3_fake_node' build argument 'catkin_skip_building_tests' from command line to 'False'
[0.231s] DEBUG:colcon.colcon_core.verb:Building package 'turtlebot3_fake_node' with the following arguments: {'ament_cmake_args': None, 'build_base': '/home/leow/colcon_ws/build/turtlebot3_fake_node', 'catkin_cmake_args': None, 'catkin_skip_building_tests': False, 'cmake_args': None, 'cmake_clean_cache': False, 'cmake_clean_first': False, 'cmake_force_configure': False, 'cmake_target': None, 'cmake_target_skip_unavailable': False, 'install_base': '/home/leow/colcon_ws/install/turtlebot3_fake_node', 'merge_install': False, 'path': '/home/leow/colcon_ws/src/turtlebot3_simulations/turtlebot3_fake_node', 'symlink_install': True, 'test_result_base': None}
[0.232s] Level 5:colcon.colcon_core.verb:set package 'turtlebot3_gazebo' build argument 'cmake_args' from command line to 'None'
[0.232s] Level 5:colcon.colcon_core.verb:set package 'turtlebot3_gazebo' build argument 'cmake_target' from command line to 'None'
[0.232s] Level 5:colcon.colcon_core.verb:set package 'turtlebot3_gazebo' build argument 'cmake_target_skip_unavailable' from command line to 'False'
[0.232s] Level 5:colcon.colcon_core.verb:set package 'turtlebot3_gazebo' build argument 'cmake_clean_cache' from command line to 'False'
[0.232s] Level 5:colcon.colcon_core.verb:set package 'turtlebot3_gazebo' build argument 'cmake_clean_first' from command line to 'False'
[0.232s] Level 5:colcon.colcon_core.verb:set package 'turtlebot3_gazebo' build argument 'cmake_force_configure' from command line to 'False'
[0.232s] Level 5:colcon.colcon_core.verb:set package 'turtlebot3_gazebo' build argument 'ament_cmake_args' from command line to 'None'
[0.232s] Level 5:colcon.colcon_core.verb:set package 'turtlebot3_gazebo' build argument 'catkin_cmake_args' from command line to 'None'
[0.232s] Level 5:colcon.colcon_core.verb:set package 'turtlebot3_gazebo' build argument 'catkin_skip_building_tests' from command line to 'False'
[0.232s] DEBUG:colcon.colcon_core.verb:Building package 'turtlebot3_gazebo' with the following arguments: {'ament_cmake_args': None, 'build_base': '/home/leow/colcon_ws/build/turtlebot3_gazebo', 'catkin_cmake_args': None, 'catkin_skip_building_tests': False, 'cmake_args': None, 'cmake_clean_cache': False, 'cmake_clean_first': False, 'cmake_force_configure': False, 'cmake_target': None, 'cmake_target_skip_unavailable': False, 'install_base': '/home/leow/colcon_ws/install/turtlebot3_gazebo', 'merge_install': False, 'path': '/home/leow/colcon_ws/src/turtlebot3_simulations/turtlebot3_gazebo', 'symlink_install': True, 'test_result_base': None}
[0.233s] Level 5:colcon.colcon_core.verb:set package 'turtlebot3_simulations' build argument 'cmake_args' from command line to 'None'
[0.233s] Level 5:colcon.colcon_core.verb:set package 'turtlebot3_simulations' build argument 'cmake_target' from command line to 'None'
[0.233s] Level 5:colcon.colcon_core.verb:set package 'turtlebot3_simulations' build argument 'cmake_target_skip_unavailable' from command line to 'False'
[0.233s] Level 5:colcon.colcon_core.verb:set package 'turtlebot3_simulations' build argument 'cmake_clean_cache' from command line to 'False'
[0.233s] Level 5:colcon.colcon_core.verb:set package 'turtlebot3_simulations' build argument 'cmake_clean_first' from command line to 'False'
[0.233s] Level 5:colcon.colcon_core.verb:set package 'turtlebot3_simulations' build argument 'cmake_force_configure' from command line to 'False'
[0.233s] Level 5:colcon.colcon_core.verb:set package 'turtlebot3_simulations' build argument 'ament_cmake_args' from command line to 'None'
[0.233s] Level 5:colcon.colcon_core.verb:set package 'turtlebot3_simulations' build argument 'catkin_cmake_args' from command line to 'None'
[0.233s] Level 5:colcon.colcon_core.verb:set package 'turtlebot3_simulations' build argument 'catkin_skip_building_tests' from command line to 'False'
[0.233s] DEBUG:colcon.colcon_core.verb:Building package 'turtlebot3_simulations' with the following arguments: {'ament_cmake_args': None, 'build_base': '/home/leow/colcon_ws/build/turtlebot3_simulations', 'catkin_cmake_args': None, 'catkin_skip_building_tests': False, 'cmake_args': None, 'cmake_clean_cache': False, 'cmake_clean_first': False, 'cmake_force_configure': False, 'cmake_target': None, 'cmake_target_skip_unavailable': False, 'install_base': '/home/leow/colcon_ws/install/turtlebot3_simulations', 'merge_install': False, 'path': '/home/leow/colcon_ws/src/turtlebot3_simulations/turtlebot3_simulations', 'symlink_install': True, 'test_result_base': None}
[0.233s] INFO:colcon.colcon_core.executor:Executing jobs using 'parallel' executor
[0.235s] DEBUG:colcon.colcon_parallel_executor.executor.parallel:run_until_complete
[0.235s] INFO:colcon.colcon_ros.task.ament_cmake.build:Building ROS package in '/home/leow/colcon_ws/src/turtlebot3_simulations/turtlebot3_fake_node' with build type 'ament_cmake'
[0.235s] INFO:colcon.colcon_cmake.task.cmake.build:Building CMake package in '/home/leow/colcon_ws/src/turtlebot3_simulations/turtlebot3_fake_node'
[0.239s] INFO:colcon.colcon_core.plugin_system:Skipping extension 'colcon_core.shell.bat': Not used on non-Windows systems
[0.239s] INFO:colcon.colcon_core.shell:Skip shell extension 'powershell' for command environment: Not usable outside of PowerShell
[0.239s] DEBUG:colcon.colcon_core.shell:Skip shell extension 'dsv' for command environment
[0.243s] INFO:colcon.colcon_ros.task.ament_cmake.build:Building ROS package in '/home/leow/colcon_ws/src/turtlebot3_simulations/turtlebot3_gazebo' with build type 'ament_cmake'
[0.244s] INFO:colcon.colcon_cmake.task.cmake.build:Building CMake package in '/home/leow/colcon_ws/src/turtlebot3_simulations/turtlebot3_gazebo'
[0.245s] INFO:colcon.colcon_core.shell:Skip shell extension 'powershell' for command environment: Not usable outside of PowerShell
[0.245s] DEBUG:colcon.colcon_core.shell:Skip shell extension 'dsv' for command environment
[0.249s] INFO:colcon.colcon_ros.task.ament_python.build:Building ROS package in '/home/leow/colcon_ws/src/auto_nav' with build type 'ament_python'
[0.249s] Level 1:colcon.colcon_core.shell:create_environment_hook('auto_nav', 'ament_prefix_path')
[0.250s] INFO:colcon.colcon_core.shell:Creating environment hook '/home/leow/colcon_ws/install/auto_nav/share/auto_nav/hook/ament_prefix_path.ps1'
[0.251s] INFO:colcon.colcon_core.shell:Creating environment descriptor '/home/leow/colcon_ws/install/auto_nav/share/auto_nav/hook/ament_prefix_path.dsv'
[0.251s] INFO:colcon.colcon_core.shell:Creating environment hook '/home/leow/colcon_ws/install/auto_nav/share/auto_nav/hook/ament_prefix_path.sh'
[0.253s] INFO:colcon.colcon_core.shell:Skip shell extension 'powershell' for command environment: Not usable outside of PowerShell
[0.253s] DEBUG:colcon.colcon_core.shell:Skip shell extension 'dsv' for command environment
[0.257s] INFO:colcon.colcon_ros.task.ament_python.build:Building ROS package in '/home/leow/colcon_ws/src/map_loader' with build type 'ament_python'
[0.257s] Level 1:colcon.colcon_core.shell:create_environment_hook('map_loader', 'ament_prefix_path')
[0.258s] INFO:colcon.colcon_core.shell:Creating environment hook '/home/leow/colcon_ws/install/map_loader/share/map_loader/hook/ament_prefix_path.ps1'
[0.259s] INFO:colcon.colcon_core.shell:Creating environment descriptor '/home/leow/colcon_ws/install/map_loader/share/map_loader/hook/ament_prefix_path.dsv'
[0.259s] INFO:colcon.colcon_core.shell:Creating environment hook '/home/leow/colcon_ws/install/map_loader/share/map_loader/hook/ament_prefix_path.sh'
[0.260s] INFO:colcon.colcon_core.shell:Skip shell extension 'powershell' for command environment: Not usable outside of PowerShell
[0.260s] DEBUG:colcon.colcon_core.shell:Skip shell extension 'dsv' for command environment
[0.264s] INFO:colcon.colcon_ros.task.ament_python.build:Building ROS package in '/home/leow/colcon_ws/src/py_pubsub' with build type 'ament_python'
[0.264s] Level 1:colcon.colcon_core.shell:create_environment_hook('py_pubsub', 'ament_prefix_path')
[0.265s] INFO:colcon.colcon_core.shell:Creating environment hook '/home/leow/colcon_ws/install/py_pubsub/share/py_pubsub/hook/ament_prefix_path.ps1'
[0.266s] INFO:colcon.colcon_core.shell:Creating environment descriptor '/home/leow/colcon_ws/install/py_pubsub/share/py_pubsub/hook/ament_prefix_path.dsv'
[0.266s] INFO:colcon.colcon_core.shell:Creating environment hook '/home/leow/colcon_ws/install/py_pubsub/share/py_pubsub/hook/ament_prefix_path.sh'
[0.267s] INFO:colcon.colcon_core.shell:Skip shell extension 'powershell' for command environment: Not usable outside of PowerShell
[0.267s] DEBUG:colcon.colcon_core.shell:Skip shell extension 'dsv' for command environment
[0.275s] DEBUG:colcon.colcon_core.event_handler.log_command:Invoking command in '/home/leow/colcon_ws/build/turtlebot3_fake_node': CMAKE_PREFIX_PATH=${CMAKE_PREFIX_PATH}:/home/leow/colcon_ws/install/py_pubsub:/home/leow/colcon_ws/install/map_loader:/home/leow/colcon_ws/install/auto_nav:/opt/ros/foxy /usr/bin/cmake --build /home/leow/colcon_ws/build/turtlebot3_fake_node -- -j20 -l20
[0.281s] DEBUG:colcon.colcon_core.event_handler.log_command:Invoking command in '/home/leow/colcon_ws/build/turtlebot3_gazebo': CMAKE_PREFIX_PATH=${CMAKE_PREFIX_PATH}:/home/leow/colcon_ws/install/py_pubsub:/home/leow/colcon_ws/install/map_loader:/home/leow/colcon_ws/install/auto_nav:/opt/ros/foxy /usr/bin/cmake --build /home/leow/colcon_ws/build/turtlebot3_gazebo -- -j20 -l20
[0.419s] INFO:colcon.colcon_core.task.python.build:Building Python package in '/home/leow/colcon_ws/src/auto_nav'
[0.420s] INFO:colcon.colcon_core.shell:Skip shell extension 'powershell' for command environment: Not usable outside of PowerShell
[0.420s] DEBUG:colcon.colcon_core.shell:Skip shell extension 'dsv' for command environment
[0.566s] INFO:colcon.colcon_core.task.python.build:Building Python package in '/home/leow/colcon_ws/src/map_loader'
[0.568s] INFO:colcon.colcon_core.shell:Skip shell extension 'powershell' for command environment: Not usable outside of PowerShell
[0.568s] DEBUG:colcon.colcon_core.shell:Skip shell extension 'dsv' for command environment
[0.717s] INFO:colcon.colcon_core.task.python.build:Building Python package in '/home/leow/colcon_ws/src/py_pubsub'
[0.719s] INFO:colcon.colcon_core.shell:Skip shell extension 'powershell' for command environment: Not usable outside of PowerShell
[0.719s] DEBUG:colcon.colcon_core.shell:Skip shell extension 'dsv' for command environment
[0.727s] DEBUG:colcon.colcon_core.event_handler.log_command:Invoked command in '/home/leow/colcon_ws/build/turtlebot3_fake_node' returned '0': CMAKE_PREFIX_PATH=${CMAKE_PREFIX_PATH}:/home/leow/colcon_ws/install/py_pubsub:/home/leow/colcon_ws/install/map_loader:/home/leow/colcon_ws/install/auto_nav:/opt/ros/foxy /usr/bin/cmake --build /home/leow/colcon_ws/build/turtlebot3_fake_node -- -j20 -l20
[0.729s] DEBUG:colcon.colcon_core.event_handler.log_command:Invoked command in '/home/leow/colcon_ws/build/turtlebot3_gazebo' returned '0': CMAKE_PREFIX_PATH=${CMAKE_PREFIX_PATH}:/home/leow/colcon_ws/install/py_pubsub:/home/leow/colcon_ws/install/map_loader:/home/leow/colcon_ws/install/auto_nav:/opt/ros/foxy /usr/bin/cmake --build /home/leow/colcon_ws/build/turtlebot3_gazebo -- -j20 -l20
[0.760s] DEBUG:colcon.colcon_core.event_handler.log_command:Invoking command in '/home/leow/colcon_ws/build/turtlebot3_fake_node': CMAKE_PREFIX_PATH=${CMAKE_PREFIX_PATH}:/home/leow/colcon_ws/install/py_pubsub:/home/leow/colcon_ws/install/map_loader:/home/leow/colcon_ws/install/auto_nav:/opt/ros/foxy /usr/bin/cmake --install /home/leow/colcon_ws/build/turtlebot3_fake_node
[0.764s] DEBUG:colcon.colcon_core.event_handler.log_command:Invoking command in '/home/leow/colcon_ws/build/turtlebot3_gazebo': CMAKE_PREFIX_PATH=${CMAKE_PREFIX_PATH}:/home/leow/colcon_ws/install/py_pubsub:/home/leow/colcon_ws/install/map_loader:/home/leow/colcon_ws/install/auto_nav:/opt/ros/foxy /usr/bin/cmake --install /home/leow/colcon_ws/build/turtlebot3_gazebo
[0.782s] Level 1:colcon.colcon_core.environment:create_environment_scripts_only(turtlebot3_fake_node)
[0.785s] DEBUG:colcon.colcon_core.event_handler.log_command:Invoked command in '/home/leow/colcon_ws/build/turtlebot3_fake_node' returned '0': CMAKE_PREFIX_PATH=${CMAKE_PREFIX_PATH}:/home/leow/colcon_ws/install/py_pubsub:/home/leow/colcon_ws/install/map_loader:/home/leow/colcon_ws/install/auto_nav:/opt/ros/foxy /usr/bin/cmake --install /home/leow/colcon_ws/build/turtlebot3_fake_node
[0.793s] Level 1:colcon.colcon_core.environment:checking '/home/leow/colcon_ws/install/turtlebot3_fake_node' for CMake module files
[0.793s] Level 1:colcon.colcon_core.environment:checking '/home/leow/colcon_ws/install/turtlebot3_fake_node' for CMake config files
[0.794s] Level 1:colcon.colcon_core.shell:create_environment_hook('turtlebot3_fake_node', 'cmake_prefix_path')
[0.795s] INFO:colcon.colcon_core.shell:Creating environment hook '/home/leow/colcon_ws/install/turtlebot3_fake_node/share/turtlebot3_fake_node/hook/cmake_prefix_path.ps1'
[0.796s] INFO:colcon.colcon_core.shell:Creating environment descriptor '/home/leow/colcon_ws/install/turtlebot3_fake_node/share/turtlebot3_fake_node/hook/cmake_prefix_path.dsv'
[0.796s] INFO:colcon.colcon_core.shell:Creating environment hook '/home/leow/colcon_ws/install/turtlebot3_fake_node/share/turtlebot3_fake_node/hook/cmake_prefix_path.sh'
[0.797s] Level 1:colcon.colcon_core.environment:checking '/home/leow/colcon_ws/install/turtlebot3_fake_node/lib'
[0.797s] Level 1:colcon.colcon_core.environment:checking '/home/leow/colcon_ws/install/turtlebot3_fake_node/bin'
[0.797s] Level 1:colcon.colcon_core.environment:checking '/home/leow/colcon_ws/install/turtlebot3_fake_node/lib/pkgconfig/turtlebot3_fake_node.pc'
[0.797s] Level 1:colcon.colcon_core.environment:checking '/home/leow/colcon_ws/install/turtlebot3_fake_node/lib/python3.8/site-packages'
[0.797s] Level 1:colcon.colcon_core.environment:checking '/home/leow/colcon_ws/install/turtlebot3_fake_node/bin'
[0.798s] INFO:colcon.colcon_core.shell:Creating package script '/home/leow/colcon_ws/install/turtlebot3_fake_node/share/turtlebot3_fake_node/package.ps1'
[0.799s] INFO:colcon.colcon_core.shell:Creating package descriptor '/home/leow/colcon_ws/install/turtlebot3_fake_node/share/turtlebot3_fake_node/package.dsv'
[0.799s] INFO:colcon.colcon_core.shell:Creating package script '/home/leow/colcon_ws/install/turtlebot3_fake_node/share/turtlebot3_fake_node/package.sh'
[0.800s] INFO:colcon.colcon_core.shell:Creating package script '/home/leow/colcon_ws/install/turtlebot3_fake_node/share/turtlebot3_fake_node/package.bash'
[0.800s] INFO:colcon.colcon_core.shell:Creating package script '/home/leow/colcon_ws/install/turtlebot3_fake_node/share/turtlebot3_fake_node/package.zsh'
[0.801s] Level 1:colcon.colcon_core.environment:create_file_with_runtime_dependencies(/home/leow/colcon_ws/install/turtlebot3_fake_node/share/colcon-core/packages/turtlebot3_fake_node)
[0.804s] Level 1:colcon.colcon_core.environment:create_environment_scripts_only(turtlebot3_gazebo)
[0.806s] Level 1:colcon.colcon_core.environment:checking '/home/leow/colcon_ws/install/turtlebot3_gazebo' for CMake module files
[0.806s] DEBUG:colcon.colcon_core.event_handler.log_command:Invoked command in '/home/leow/colcon_ws/build/turtlebot3_gazebo' returned '0': CMAKE_PREFIX_PATH=${CMAKE_PREFIX_PATH}:/home/leow/colcon_ws/install/py_pubsub:/home/leow/colcon_ws/install/map_loader:/home/leow/colcon_ws/install/auto_nav:/opt/ros/foxy /usr/bin/cmake --install /home/leow/colcon_ws/build/turtlebot3_gazebo
[0.807s] Level 1:colcon.colcon_core.environment:checking '/home/leow/colcon_ws/install/turtlebot3_gazebo' for CMake config files
[0.807s] Level 1:colcon.colcon_core.shell:create_environment_hook('turtlebot3_gazebo', 'cmake_prefix_path')
[0.808s] INFO:colcon.colcon_core.shell:Creating environment hook '/home/leow/colcon_ws/install/turtlebot3_gazebo/share/turtlebot3_gazebo/hook/cmake_prefix_path.ps1'
[0.808s] INFO:colcon.colcon_core.shell:Creating environment descriptor '/home/leow/colcon_ws/install/turtlebot3_gazebo/share/turtlebot3_gazebo/hook/cmake_prefix_path.dsv'
[0.809s] INFO:colcon.colcon_core.shell:Creating environment hook '/home/leow/colcon_ws/install/turtlebot3_gazebo/share/turtlebot3_gazebo/hook/cmake_prefix_path.sh'
[0.809s] Level 1:colcon.colcon_core.environment:checking '/home/leow/colcon_ws/install/turtlebot3_gazebo/lib'
[0.809s] Level 1:colcon.colcon_core.environment:checking '/home/leow/colcon_ws/install/turtlebot3_gazebo/bin'
[0.809s] Level 1:colcon.colcon_core.environment:checking '/home/leow/colcon_ws/install/turtlebot3_gazebo/lib/pkgconfig/turtlebot3_gazebo.pc'
[0.809s] Level 1:colcon.colcon_core.environment:checking '/home/leow/colcon_ws/install/turtlebot3_gazebo/lib/python3.8/site-packages'
[0.809s] Level 1:colcon.colcon_core.environment:checking '/home/leow/colcon_ws/install/turtlebot3_gazebo/bin'
[0.810s] INFO:colcon.colcon_core.shell:Creating package script '/home/leow/colcon_ws/install/turtlebot3_gazebo/share/turtlebot3_gazebo/package.ps1'
[0.810s] INFO:colcon.colcon_core.shell:Creating package descriptor '/home/leow/colcon_ws/install/turtlebot3_gazebo/share/turtlebot3_gazebo/package.dsv'
[0.811s] INFO:colcon.colcon_core.shell:Creating package script '/home/leow/colcon_ws/install/turtlebot3_gazebo/share/turtlebot3_gazebo/package.sh'
[0.811s] INFO:colcon.colcon_core.shell:Creating package script '/home/leow/colcon_ws/install/turtlebot3_gazebo/share/turtlebot3_gazebo/package.bash'
[0.811s] INFO:colcon.colcon_core.shell:Creating package script '/home/leow/colcon_ws/install/turtlebot3_gazebo/share/turtlebot3_gazebo/package.zsh'
[0.811s] Level 1:colcon.colcon_core.environment:create_file_with_runtime_dependencies(/home/leow/colcon_ws/install/turtlebot3_gazebo/share/colcon-core/packages/turtlebot3_gazebo)
[0.818s] Level 1:colcon.colcon_core.environment:create_environment_scripts_only(turtlebot3_fake_node)
[0.821s] Level 1:colcon.colcon_core.environment:checking '/home/leow/colcon_ws/install/turtlebot3_fake_node' for CMake module files
[0.821s] Level 1:colcon.colcon_core.environment:checking '/home/leow/colcon_ws/install/turtlebot3_fake_node' for CMake config files
[0.822s] Level 1:colcon.colcon_core.shell:create_environment_hook('turtlebot3_fake_node', 'cmake_prefix_path')
[0.823s] INFO:colcon.colcon_core.shell:Creating environment hook '/home/leow/colcon_ws/install/turtlebot3_fake_node/share/turtlebot3_fake_node/hook/cmake_prefix_path.ps1'
[0.824s] INFO:colcon.colcon_core.shell:Creating environment descriptor '/home/leow/colcon_ws/install/turtlebot3_fake_node/share/turtlebot3_fake_node/hook/cmake_prefix_path.dsv'
[0.824s] INFO:colcon.colcon_core.shell:Creating environment hook '/home/leow/colcon_ws/install/turtlebot3_fake_node/share/turtlebot3_fake_node/hook/cmake_prefix_path.sh'
[0.825s] Level 1:colcon.colcon_core.environment:checking '/home/leow/colcon_ws/install/turtlebot3_fake_node/lib'
[0.825s] Level 1:colcon.colcon_core.environment:checking '/home/leow/colcon_ws/install/turtlebot3_fake_node/bin'
[0.825s] Level 1:colcon.colcon_core.environment:checking '/home/leow/colcon_ws/install/turtlebot3_fake_node/lib/pkgconfig/turtlebot3_fake_node.pc'
[0.825s] Level 1:colcon.colcon_core.environment:checking '/home/leow/colcon_ws/install/turtlebot3_fake_node/lib/python3.8/site-packages'
[0.825s] Level 1:colcon.colcon_core.environment:checking '/home/leow/colcon_ws/install/turtlebot3_fake_node/bin'
[0.827s] INFO:colcon.colcon_core.shell:Creating package script '/home/leow/colcon_ws/install/turtlebot3_fake_node/share/turtlebot3_fake_node/package.ps1'
[0.827s] INFO:colcon.colcon_core.shell:Creating package descriptor '/home/leow/colcon_ws/install/turtlebot3_fake_node/share/turtlebot3_fake_node/package.dsv'
[0.828s] INFO:colcon.colcon_core.shell:Creating package script '/home/leow/colcon_ws/install/turtlebot3_fake_node/share/turtlebot3_fake_node/package.sh'
[0.828s] INFO:colcon.colcon_core.shell:Creating package script '/home/leow/colcon_ws/install/turtlebot3_fake_node/share/turtlebot3_fake_node/package.bash'
[0.828s] INFO:colcon.colcon_core.shell:Creating package script '/home/leow/colcon_ws/install/turtlebot3_fake_node/share/turtlebot3_fake_node/package.zsh'
[0.829s] Level 1:colcon.colcon_core.environment:create_file_with_runtime_dependencies(/home/leow/colcon_ws/install/turtlebot3_fake_node/share/colcon-core/packages/turtlebot3_fake_node)
[0.831s] Level 1:colcon.colcon_core.environment:create_environment_scripts_only(turtlebot3_gazebo)
[0.833s] Level 1:colcon.colcon_core.environment:checking '/home/leow/colcon_ws/install/turtlebot3_gazebo' for CMake module files
[0.834s] Level 1:colcon.colcon_core.environment:checking '/home/leow/colcon_ws/install/turtlebot3_gazebo' for CMake config files
[0.835s] Level 1:colcon.colcon_core.shell:create_environment_hook('turtlebot3_gazebo', 'cmake_prefix_path')
[0.836s] INFO:colcon.colcon_core.shell:Creating environment hook '/home/leow/colcon_ws/install/turtlebot3_gazebo/share/turtlebot3_gazebo/hook/cmake_prefix_path.ps1'
[0.837s] INFO:colcon.colcon_core.shell:Creating environment descriptor '/home/leow/colcon_ws/install/turtlebot3_gazebo/share/turtlebot3_gazebo/hook/cmake_prefix_path.dsv'
[0.838s] INFO:colcon.colcon_core.shell:Creating environment hook '/home/leow/colcon_ws/install/turtlebot3_gazebo/share/turtlebot3_gazebo/hook/cmake_prefix_path.sh'
[0.838s] Level 1:colcon.colcon_core.environment:checking '/home/leow/colcon_ws/install/turtlebot3_gazebo/lib'
[0.839s] Level 1:colcon.colcon_core.environment:checking '/home/leow/colcon_ws/install/turtlebot3_gazebo/bin'
[0.839s] Level 1:colcon.colcon_core.environment:checking '/home/leow/colcon_ws/install/turtlebot3_gazebo/lib/pkgconfig/turtlebot3_gazebo.pc'
[0.839s] Level 1:colcon.colcon_core.environment:checking '/home/leow/colcon_ws/install/turtlebot3_gazebo/lib/python3.8/site-packages'
[0.839s] Level 1:colcon.colcon_core.environment:checking '/home/leow/colcon_ws/install/turtlebot3_gazebo/bin'
[0.841s] INFO:colcon.colcon_core.shell:Creating package script '/home/leow/colcon_ws/install/turtlebot3_gazebo/share/turtlebot3_gazebo/package.ps1'
[0.841s] INFO:colcon.colcon_core.shell:Creating package descriptor '/home/leow/colcon_ws/install/turtlebot3_gazebo/share/turtlebot3_gazebo/package.dsv'
[0.841s] INFO:colcon.colcon_core.shell:Creating package script '/home/leow/colcon_ws/install/turtlebot3_gazebo/share/turtlebot3_gazebo/package.sh'
[0.842s] INFO:colcon.colcon_core.shell:Creating package script '/home/leow/colcon_ws/install/turtlebot3_gazebo/share/turtlebot3_gazebo/package.bash'
[0.842s] INFO:colcon.colcon_core.shell:Creating package script '/home/leow/colcon_ws/install/turtlebot3_gazebo/share/turtlebot3_gazebo/package.zsh'
[0.842s] Level 1:colcon.colcon_core.environment:create_file_with_runtime_dependencies(/home/leow/colcon_ws/install/turtlebot3_gazebo/share/colcon-core/packages/turtlebot3_gazebo)
[0.842s] INFO:colcon.colcon_ros.task.ament_cmake.build:Building ROS package in '/home/leow/colcon_ws/src/turtlebot3_simulations/turtlebot3_simulations' with build type 'ament_cmake'
[0.843s] INFO:colcon.colcon_cmake.task.cmake.build:Building CMake package in '/home/leow/colcon_ws/src/turtlebot3_simulations/turtlebot3_simulations'
[0.843s] INFO:colcon.colcon_core.shell:Skip shell extension 'powershell' for command environment: Not usable outside of PowerShell
[0.843s] DEBUG:colcon.colcon_core.shell:Skip shell extension 'dsv' for command environment
[0.855s] DEBUG:colcon.colcon_core.event_handler.log_command:Invoking command in '/home/leow/colcon_ws/build/turtlebot3_simulations': CMAKE_PREFIX_PATH=/home/leow/colcon_ws/install/turtlebot3_gazebo:/home/leow/colcon_ws/install/turtlebot3_fake_node:/home/leow/colcon_ws/install/turtlebot3_simulations:/home/leow/colcon_ws/install/py_pubsub:/home/leow/colcon_ws/install/map_loader:/home/leow/colcon_ws/install/auto_nav:/opt/ros/foxy /usr/bin/cmake --build /home/leow/colcon_ws/build/turtlebot3_simulations -- -j20 -l20
[0.886s] DEBUG:colcon.colcon_core.event_handler.log_command:Invoked command in '/home/leow/colcon_ws/build/turtlebot3_simulations' returned '0': CMAKE_PREFIX_PATH=/home/leow/colcon_ws/install/turtlebot3_gazebo:/home/leow/colcon_ws/install/turtlebot3_fake_node:/home/leow/colcon_ws/install/turtlebot3_simulations:/home/leow/colcon_ws/install/py_pubsub:/home/leow/colcon_ws/install/map_loader:/home/leow/colcon_ws/install/auto_nav:/opt/ros/foxy /usr/bin/cmake --build /home/leow/colcon_ws/build/turtlebot3_simulations -- -j20 -l20
[0.901s] DEBUG:colcon.colcon_core.event_handler.log_command:Invoking command in '/home/leow/colcon_ws/build/turtlebot3_simulations': CMAKE_PREFIX_PATH=/home/leow/colcon_ws/install/turtlebot3_gazebo:/home/leow/colcon_ws/install/turtlebot3_fake_node:/home/leow/colcon_ws/install/turtlebot3_simulations:/home/leow/colcon_ws/install/py_pubsub:/home/leow/colcon_ws/install/map_loader:/home/leow/colcon_ws/install/auto_nav:/opt/ros/foxy /usr/bin/cmake --install /home/leow/colcon_ws/build/turtlebot3_simulations
[0.916s] Level 1:colcon.colcon_core.environment:create_environment_scripts_only(turtlebot3_simulations)
[0.918s] Level 1:colcon.colcon_core.environment:checking '/home/leow/colcon_ws/install/turtlebot3_simulations' for CMake module files
[0.918s] DEBUG:colcon.colcon_core.event_handler.log_command:Invoked command in '/home/leow/colcon_ws/build/turtlebot3_simulations' returned '0': CMAKE_PREFIX_PATH=/home/leow/colcon_ws/install/turtlebot3_gazebo:/home/leow/colcon_ws/install/turtlebot3_fake_node:/home/leow/colcon_ws/install/turtlebot3_simulations:/home/leow/colcon_ws/install/py_pubsub:/home/leow/colcon_ws/install/map_loader:/home/leow/colcon_ws/install/auto_nav:/opt/ros/foxy /usr/bin/cmake --install /home/leow/colcon_ws/build/turtlebot3_simulations
[0.918s] Level 1:colcon.colcon_core.environment:checking '/home/leow/colcon_ws/install/turtlebot3_simulations' for CMake config files
[0.918s] Level 1:colcon.colcon_core.shell:create_environment_hook('turtlebot3_simulations', 'cmake_prefix_path')
[0.919s] INFO:colcon.colcon_core.shell:Creating environment hook '/home/leow/colcon_ws/install/turtlebot3_simulations/share/turtlebot3_simulations/hook/cmake_prefix_path.ps1'
[0.920s] INFO:colcon.colcon_core.shell:Creating environment descriptor '/home/leow/colcon_ws/install/turtlebot3_simulations/share/turtlebot3_simulations/hook/cmake_prefix_path.dsv'
[0.920s] INFO:colcon.colcon_core.shell:Creating environment hook '/home/leow/colcon_ws/install/turtlebot3_simulations/share/turtlebot3_simulations/hook/cmake_prefix_path.sh'
[0.920s] Level 1:colcon.colcon_core.environment:checking '/home/leow/colcon_ws/install/turtlebot3_simulations/bin'
[0.920s] Level 1:colcon.colcon_core.environment:checking '/home/leow/colcon_ws/install/turtlebot3_simulations/lib/pkgconfig/turtlebot3_simulations.pc'
[0.920s] Level 1:colcon.colcon_core.environment:checking '/home/leow/colcon_ws/install/turtlebot3_simulations/lib/python3.8/site-packages'
[0.920s] Level 1:colcon.colcon_core.environment:checking '/home/leow/colcon_ws/install/turtlebot3_simulations/bin'
[0.921s] INFO:colcon.colcon_core.shell:Creating package script '/home/leow/colcon_ws/install/turtlebot3_simulations/share/turtlebot3_simulations/package.ps1'
[0.921s] INFO:colcon.colcon_core.shell:Creating package descriptor '/home/leow/colcon_ws/install/turtlebot3_simulations/share/turtlebot3_simulations/package.dsv'
[0.922s] INFO:colcon.colcon_core.shell:Creating package script '/home/leow/colcon_ws/install/turtlebot3_simulations/share/turtlebot3_simulations/package.sh'
[0.922s] INFO:colcon.colcon_core.shell:Creating package script '/home/leow/colcon_ws/install/turtlebot3_simulations/share/turtlebot3_simulations/package.bash'
[0.922s] INFO:colcon.colcon_core.shell:Creating package script '/home/leow/colcon_ws/install/turtlebot3_simulations/share/turtlebot3_simulations/package.zsh'
[0.922s] Level 1:colcon.colcon_core.environment:create_file_with_runtime_dependencies(/home/leow/colcon_ws/install/turtlebot3_simulations/share/colcon-core/packages/turtlebot3_simulations)
[0.937s] Level 1:colcon.colcon_core.environment:create_environment_scripts_only(turtlebot3_simulations)
[0.939s] Level 1:colcon.colcon_core.environment:checking '/home/leow/colcon_ws/install/turtlebot3_simulations' for CMake module files
[0.940s] Level 1:colcon.colcon_core.environment:checking '/home/leow/colcon_ws/install/turtlebot3_simulations' for CMake config files
[0.940s] Level 1:colcon.colcon_core.shell:create_environment_hook('turtlebot3_simulations', 'cmake_prefix_path')
[0.942s] INFO:colcon.colcon_core.shell:Creating environment hook '/home/leow/colcon_ws/install/turtlebot3_simulations/share/turtlebot3_simulations/hook/cmake_prefix_path.ps1'
[0.942s] INFO:colcon.colcon_core.shell:Creating environment descriptor '/home/leow/colcon_ws/install/turtlebot3_simulations/share/turtlebot3_simulations/hook/cmake_prefix_path.dsv'
[0.942s] INFO:colcon.colcon_core.shell:Creating environment hook '/home/leow/colcon_ws/install/turtlebot3_simulations/share/turtlebot3_simulations/hook/cmake_prefix_path.sh'
[0.943s] Level 1:colcon.colcon_core.environment:checking '/home/leow/colcon_ws/install/turtlebot3_simulations/bin'
[0.943s] Level 1:colcon.colcon_core.environment:checking '/home/leow/colcon_ws/install/turtlebot3_simulations/lib/pkgconfig/turtlebot3_simulations.pc'
[0.943s] Level 1:colcon.colcon_core.environment:checking '/home/leow/colcon_ws/install/turtlebot3_simulations/lib/python3.8/site-packages'
[0.943s] Level 1:colcon.colcon_core.environment:checking '/home/leow/colcon_ws/install/turtlebot3_simulations/bin'
[0.945s] INFO:colcon.colcon_core.shell:Creating package script '/home/leow/colcon_ws/install/turtlebot3_simulations/share/turtlebot3_simulations/package.ps1'
[0.946s] INFO:colcon.colcon_core.shell:Creating package descriptor '/home/leow/colcon_ws/install/turtlebot3_simulations/share/turtlebot3_simulations/package.dsv'
[0.946s] INFO:colcon.colcon_core.shell:Creating package script '/home/leow/colcon_ws/install/turtlebot3_simulations/share/turtlebot3_simulations/package.sh'
[0.947s] INFO:colcon.colcon_core.shell:Creating package script '/home/leow/colcon_ws/install/turtlebot3_simulations/share/turtlebot3_simulations/package.bash'
[0.947s] INFO:colcon.colcon_core.shell:Creating package script '/home/leow/colcon_ws/install/turtlebot3_simulations/share/turtlebot3_simulations/package.zsh'
[0.947s] Level 1:colcon.colcon_core.environment:create_file_with_runtime_dependencies(/home/leow/colcon_ws/install/turtlebot3_simulations/share/colcon-core/packages/turtlebot3_simulations)
[1.031s] DEBUG:colcon.colcon_core.event_handler.log_command:Invoking command in '/home/leow/colcon_ws/build/map_loader': PYTHONPATH=/home/leow/colcon_ws/build/map_loader/prefix_override:/home/leow/colcon_ws/install/map_loader/lib/python3.8/site-packages:${PYTHONPATH} /usr/bin/python3 setup.py develop --editable --build-directory /home/leow/colcon_ws/build/map_loader/build --no-deps install_data
[1.033s] DEBUG:colcon.colcon_core.event_handler.log_command:Invoking command in '/home/leow/colcon_ws/build/py_pubsub': PYTHONPATH=/home/leow/colcon_ws/build/py_pubsub/prefix_override:/home/leow/colcon_ws/install/py_pubsub/lib/python3.8/site-packages:${PYTHONPATH} /usr/bin/python3 setup.py develop --editable --build-directory /home/leow/colcon_ws/build/py_pubsub/build --no-deps install_data
[1.036s] DEBUG:colcon.colcon_core.event_handler.log_command:Invoking command in '/home/leow/colcon_ws/build/auto_nav': PYTHONPATH=/home/leow/colcon_ws/build/auto_nav/prefix_override:/home/leow/colcon_ws/install/auto_nav/lib/python3.8/site-packages:${PYTHONPATH} /usr/bin/python3 setup.py develop --editable --build-directory /home/leow/colcon_ws/build/auto_nav/build --no-deps install_data
[1.298s] Level 1:colcon.colcon_core.shell:create_environment_hook('py_pubsub', 'pythonpath_develop')
[1.301s] INFO:colcon.colcon_core.shell:Creating environment hook '/home/leow/colcon_ws/build/py_pubsub/share/py_pubsub/hook/pythonpath_develop.ps1'
[1.301s] INFO:colcon.colcon_core.shell:Creating environment descriptor '/home/leow/colcon_ws/build/py_pubsub/share/py_pubsub/hook/pythonpath_develop.dsv'
[1.302s] DEBUG:colcon.colcon_core.event_handler.log_command:Invoked command in '/home/leow/colcon_ws/build/py_pubsub' returned '0': PYTHONPATH=/home/leow/colcon_ws/build/py_pubsub/prefix_override:/home/leow/colcon_ws/install/py_pubsub/lib/python3.8/site-packages:${PYTHONPATH} /usr/bin/python3 setup.py develop --editable --build-directory /home/leow/colcon_ws/build/py_pubsub/build --no-deps install_data
[1.302s] INFO:colcon.colcon_core.shell:Creating environment hook '/home/leow/colcon_ws/build/py_pubsub/share/py_pubsub/hook/pythonpath_develop.sh'
[1.303s] Level 1:colcon.colcon_core.environment:checking '/home/leow/colcon_ws/install/py_pubsub' for CMake module files
[1.303s] Level 1:colcon.colcon_core.environment:checking '/home/leow/colcon_ws/install/py_pubsub' for CMake config files
[1.304s] Level 1:colcon.colcon_core.environment:checking '/home/leow/colcon_ws/install/py_pubsub/lib'
[1.304s] Level 1:colcon.colcon_core.environment:checking '/home/leow/colcon_ws/install/py_pubsub/bin'
[1.304s] Level 1:colcon.colcon_core.environment:checking '/home/leow/colcon_ws/install/py_pubsub/lib/pkgconfig/py_pubsub.pc'
[1.304s] Level 1:colcon.colcon_core.environment:checking '/home/leow/colcon_ws/install/py_pubsub/lib/python3.8/site-packages'
[1.304s] Level 1:colcon.colcon_core.shell:create_environment_hook('py_pubsub', 'pythonpath')
[1.305s] INFO:colcon.colcon_core.shell:Creating environment hook '/home/leow/colcon_ws/install/py_pubsub/share/py_pubsub/hook/pythonpath.ps1'
[1.305s] INFO:colcon.colcon_core.shell:Creating environment descriptor '/home/leow/colcon_ws/install/py_pubsub/share/py_pubsub/hook/pythonpath.dsv'
[1.305s] INFO:colcon.colcon_core.shell:Creating environment hook '/home/leow/colcon_ws/install/py_pubsub/share/py_pubsub/hook/pythonpath.sh'
[1.305s] Level 1:colcon.colcon_core.environment:checking '/home/leow/colcon_ws/install/py_pubsub/bin'
[1.305s] Level 1:colcon.colcon_core.environment:create_environment_scripts_only(py_pubsub)
[1.306s] INFO:colcon.colcon_core.shell:Creating package script '/home/leow/colcon_ws/install/py_pubsub/share/py_pubsub/package.ps1'
[1.307s] INFO:colcon.colcon_core.shell:Creating package descriptor '/home/leow/colcon_ws/install/py_pubsub/share/py_pubsub/package.dsv'
[1.307s] INFO:colcon.colcon_core.shell:Creating package script '/home/leow/colcon_ws/install/py_pubsub/share/py_pubsub/package.sh'
[1.307s] INFO:colcon.colcon_core.shell:Creating package script '/home/leow/colcon_ws/install/py_pubsub/share/py_pubsub/package.bash'
[1.307s] INFO:colcon.colcon_core.shell:Creating package script '/home/leow/colcon_ws/install/py_pubsub/share/py_pubsub/package.zsh'
[1.307s] Level 1:colcon.colcon_core.environment:create_file_with_runtime_dependencies(/home/leow/colcon_ws/install/py_pubsub/share/colcon-core/packages/py_pubsub)
[1.308s] Level 1:colcon.colcon_core.shell:create_environment_hook('map_loader', 'pythonpath_develop')
[1.309s] INFO:colcon.colcon_core.shell:Creating environment hook '/home/leow/colcon_ws/build/map_loader/share/map_loader/hook/pythonpath_develop.ps1'
[1.310s] DEBUG:colcon.colcon_core.event_handler.log_command:Invoked command in '/home/leow/colcon_ws/build/map_loader' returned '0': PYTHONPATH=/home/leow/colcon_ws/build/map_loader/prefix_override:/home/leow/colcon_ws/install/map_loader/lib/python3.8/site-packages:${PYTHONPATH} /usr/bin/python3 setup.py develop --editable --build-directory /home/leow/colcon_ws/build/map_loader/build --no-deps install_data
[1.310s] INFO:colcon.colcon_core.shell:Creating environment descriptor '/home/leow/colcon_ws/build/map_loader/share/map_loader/hook/pythonpath_develop.dsv'
[1.310s] INFO:colcon.colcon_core.shell:Creating environment hook '/home/leow/colcon_ws/build/map_loader/share/map_loader/hook/pythonpath_develop.sh'
[1.312s] Level 1:colcon.colcon_core.environment:checking '/home/leow/colcon_ws/install/map_loader' for CMake module files
[1.312s] Level 1:colcon.colcon_core.environment:checking '/home/leow/colcon_ws/install/map_loader' for CMake config files
[1.312s] Level 1:colcon.colcon_core.environment:checking '/home/leow/colcon_ws/install/map_loader/lib'
[1.312s] Level 1:colcon.colcon_core.environment:checking '/home/leow/colcon_ws/install/map_loader/bin'
[1.312s] Level 1:colcon.colcon_core.environment:checking '/home/leow/colcon_ws/install/map_loader/lib/pkgconfig/map_loader.pc'
[1.312s] Level 1:colcon.colcon_core.environment:checking '/home/leow/colcon_ws/install/map_loader/lib/python3.8/site-packages'
[1.312s] Level 1:colcon.colcon_core.shell:create_environment_hook('map_loader', 'pythonpath')
[1.313s] INFO:colcon.colcon_core.shell:Creating environment hook '/home/leow/colcon_ws/install/map_loader/share/map_loader/hook/pythonpath.ps1'
[1.313s] INFO:colcon.colcon_core.shell:Creating environment descriptor '/home/leow/colcon_ws/install/map_loader/share/map_loader/hook/pythonpath.dsv'
[1.314s] INFO:colcon.colcon_core.shell:Creating environment hook '/home/leow/colcon_ws/install/map_loader/share/map_loader/hook/pythonpath.sh'
[1.314s] Level 1:colcon.colcon_core.environment:checking '/home/leow/colcon_ws/install/map_loader/bin'
[1.314s] Level 1:colcon.colcon_core.environment:create_environment_scripts_only(map_loader)
[1.315s] INFO:colcon.colcon_core.shell:Creating package script '/home/leow/colcon_ws/install/map_loader/share/map_loader/package.ps1'
[1.315s] INFO:colcon.colcon_core.shell:Creating package descriptor '/home/leow/colcon_ws/install/map_loader/share/map_loader/package.dsv'
[1.315s] INFO:colcon.colcon_core.shell:Creating package script '/home/leow/colcon_ws/install/map_loader/share/map_loader/package.sh'
[1.315s] INFO:colcon.colcon_core.shell:Creating package script '/home/leow/colcon_ws/install/map_loader/share/map_loader/package.bash'
[1.315s] INFO:colcon.colcon_core.shell:Creating package script '/home/leow/colcon_ws/install/map_loader/share/map_loader/package.zsh'
[1.316s] Level 1:colcon.colcon_core.environment:create_file_with_runtime_dependencies(/home/leow/colcon_ws/install/map_loader/share/colcon-core/packages/map_loader)
[1.316s] Level 1:colcon.colcon_core.shell:create_environment_hook('auto_nav', 'pythonpath_develop')
[1.316s] INFO:colcon.colcon_core.shell:Creating environment hook '/home/leow/colcon_ws/build/auto_nav/share/auto_nav/hook/pythonpath_develop.ps1'
[1.317s] INFO:colcon.colcon_core.shell:Creating environment descriptor '/home/leow/colcon_ws/build/auto_nav/share/auto_nav/hook/pythonpath_develop.dsv'
[1.317s] INFO:colcon.colcon_core.shell:Creating environment hook '/home/leow/colcon_ws/build/auto_nav/share/auto_nav/hook/pythonpath_develop.sh'
[1.319s] Level 1:colcon.colcon_core.environment:checking '/home/leow/colcon_ws/install/auto_nav' for CMake module files
[1.319s] DEBUG:colcon.colcon_core.event_handler.log_command:Invoked command in '/home/leow/colcon_ws/build/auto_nav' returned '0': PYTHONPATH=/home/leow/colcon_ws/build/auto_nav/prefix_override:/home/leow/colcon_ws/install/auto_nav/lib/python3.8/site-packages:${PYTHONPATH} /usr/bin/python3 setup.py develop --editable --build-directory /home/leow/colcon_ws/build/auto_nav/build --no-deps install_data
[1.319s] Level 1:colcon.colcon_core.environment:checking '/home/leow/colcon_ws/install/auto_nav' for CMake config files
[1.319s] Level 1:colcon.colcon_core.environment:checking '/home/leow/colcon_ws/install/auto_nav/lib'
[1.320s] Level 1:colcon.colcon_core.environment:checking '/home/leow/colcon_ws/install/auto_nav/bin'
[1.320s] Level 1:colcon.colcon_core.environment:checking '/home/leow/colcon_ws/install/auto_nav/lib/pkgconfig/auto_nav.pc'
[1.320s] Level 1:colcon.colcon_core.environment:checking '/home/leow/colcon_ws/install/auto_nav/lib/python3.8/site-packages'
[1.320s] Level 1:colcon.colcon_core.shell:create_environment_hook('auto_nav', 'pythonpath')
[1.320s] INFO:colcon.colcon_core.shell:Creating environment hook '/home/leow/colcon_ws/install/auto_nav/share/auto_nav/hook/pythonpath.ps1'
[1.321s] INFO:colcon.colcon_core.shell:Creating environment descriptor '/home/leow/colcon_ws/install/auto_nav/share/auto_nav/hook/pythonpath.dsv'
[1.321s] INFO:colcon.colcon_core.shell:Creating environment hook '/home/leow/colcon_ws/install/auto_nav/share/auto_nav/hook/pythonpath.sh'
[1.321s] Level 1:colcon.colcon_core.environment:checking '/home/leow/colcon_ws/install/auto_nav/bin'
[1.321s] Level 1:colcon.colcon_core.environment:create_environment_scripts_only(auto_nav)
[1.322s] INFO:colcon.colcon_core.shell:Creating package script '/home/leow/colcon_ws/install/auto_nav/share/auto_nav/package.ps1'
[1.322s] INFO:colcon.colcon_core.shell:Creating package descriptor '/home/leow/colcon_ws/install/auto_nav/share/auto_nav/package.dsv'
[1.323s] INFO:colcon.colcon_core.shell:Creating package script '/home/leow/colcon_ws/install/auto_nav/share/auto_nav/package.sh'
[1.323s] INFO:colcon.colcon_core.shell:Creating package script '/home/leow/colcon_ws/install/auto_nav/share/auto_nav/package.bash'
[1.323s] INFO:colcon.colcon_core.shell:Creating package script '/home/leow/colcon_ws/install/auto_nav/share/auto_nav/package.zsh'
[1.323s] Level 1:colcon.colcon_core.environment:create_file_with_runtime_dependencies(/home/leow/colcon_ws/install/auto_nav/share/colcon-core/packages/auto_nav)
[1.323s] DEBUG:colcon.colcon_parallel_executor.executor.parallel:closing loop
[1.323s] DEBUG:colcon.colcon_parallel_executor.executor.parallel:loop closed
[1.324s] DEBUG:colcon.colcon_parallel_executor.executor.parallel:run_until_complete finished with '0'
[1.324s] DEBUG:colcon.colcon_core.event_reactor:joining thread
[1.329s] INFO:colcon.colcon_core.plugin_system:Skipping extension 'colcon_notification.desktop_notification.terminal_notifier': Not used on non-Darwin systems
[1.329s] INFO:colcon.colcon_core.plugin_system:Skipping extension 'colcon_notification.desktop_notification.win32': Not used on non-Windows systems
[1.329s] INFO:colcon.colcon_notification.desktop_notification:Sending desktop notification using 'notify2'
[1.346s] DEBUG:colcon.colcon_core.event_reactor:joined thread
[1.348s] INFO:colcon.colcon_core.shell:Creating prefix script '/home/leow/colcon_ws/install/local_setup.ps1'
[1.349s] INFO:colcon.colcon_core.shell:Creating prefix util module '/home/leow/colcon_ws/install/_local_setup_util_ps1.py'
[1.350s] INFO:colcon.colcon_core.shell:Creating prefix chain script '/home/leow/colcon_ws/install/setup.ps1'
[1.351s] INFO:colcon.colcon_core.shell:Creating prefix script '/home/leow/colcon_ws/install/local_setup.sh'
[1.352s] INFO:colcon.colcon_core.shell:Creating prefix util module '/home/leow/colcon_ws/install/_local_setup_util_sh.py'
[1.352s] INFO:colcon.colcon_core.shell:Creating prefix chain script '/home/leow/colcon_ws/install/setup.sh'
[1.353s] INFO:colcon.colcon_core.shell:Creating prefix script '/home/leow/colcon_ws/install/local_setup.bash'
[1.353s] INFO:colcon.colcon_core.shell:Creating prefix chain script '/home/leow/colcon_ws/install/setup.bash'
[1.354s] INFO:colcon.colcon_core.shell:Creating prefix script '/home/leow/colcon_ws/install/local_setup.zsh'
[1.355s] INFO:colcon.colcon_core.shell:Creating prefix chain script '/home/leow/colcon_ws/install/setup.zsh'
