[0.105s] DEBUG:colcon:Command line arguments: ['/usr/bin/colcon', 'build', '--symlink-install']
[0.105s] DEBUG:colcon:Parsed command line arguments: Namespace(allow_overriding=[], ament_cmake_args=None, base_paths=['.'], build_base='build', catkin_cmake_args=None, catkin_skip_building_tests=False, cmake_args=None, cmake_clean_cache=False, cmake_clean_first=False, cmake_force_configure=False, cmake_target=None, cmake_target_skip_unavailable=False, continue_on_error=False, event_handlers=None, executor='parallel', ignore_user_meta=False, install_base='install', log_base=None, log_level=None, main=<bound method BuildVerb.main of <colcon_core.verb.build.BuildVerb object at 0x7f87e1551640>>, merge_install=False, metas=['./colcon.meta'], packages_above=None, packages_above_and_dependencies=None, packages_above_depth=None, packages_end=None, packages_ignore=None, packages_ignore_regex=None, packages_select=None, packages_select_build_failed=False, packages_select_by_dep=None, packages_select_regex=None, packages_select_test_failures=False, packages_skip=None, packages_skip_build_finished=False, packages_skip_by_dep=None, packages_skip_regex=None, packages_skip_test_passed=False, packages_skip_up_to=None, packages_start=None, packages_up_to=None, packages_up_to_regex=None, parallel_workers=20, paths=None, symlink_install=True, test_result_base=None, verb_extension=<colcon_core.verb.build.BuildVerb object at 0x7f87e1551640>, verb_name='build', verb_parser=<colcon_defaults.argument_parser.defaults.DefaultArgumentsDecorator object at 0x7f87e1551b80>)
[0.120s] Level 1:colcon.colcon_core.package_discovery:discover_packages(colcon_meta) check parameters
[0.121s] Level 1:colcon.colcon_core.package_discovery:discover_packages(recursive) check parameters
[0.121s] Level 1:colcon.colcon_core.package_discovery:discover_packages(ignore) check parameters
[0.121s] Level 1:colcon.colcon_core.package_discovery:discover_packages(path) check parameters
[0.121s] Level 1:colcon.colcon_core.package_discovery:discover_packages(colcon_meta) discover
[0.121s] Level 1:colcon.colcon_core.package_discovery:discover_packages(recursive) discover
[0.121s] INFO:colcon.colcon_core.package_discovery:Crawling recursively for packages in '/home/leow/colcon_ws'
[0.121s] Level 1:colcon.colcon_core.package_identification:_identify(.) by extensions ['ignore', 'ignore_ament_install']
[0.121s] Level 1:colcon.colcon_core.package_identification:_identify(.) by extension 'ignore'
[0.121s] Level 1:colcon.colcon_core.package_identification:_identify(.) by extension 'ignore_ament_install'
[0.121s] Level 1:colcon.colcon_core.package_identification:_identify(.) by extensions ['colcon_pkg']
[0.121s] Level 1:colcon.colcon_core.package_identification:_identify(.) by extension 'colcon_pkg'
[0.121s] Level 1:colcon.colcon_core.package_identification:_identify(.) by extensions ['colcon_meta']
[0.121s] Level 1:colcon.colcon_core.package_identification:_identify(.) by extension 'colcon_meta'
[0.121s] Level 1:colcon.colcon_core.package_identification:_identify(.) by extensions ['ros']
[0.121s] Level 1:colcon.colcon_core.package_identification:_identify(.) by extension 'ros'
[0.128s] Level 1:colcon.colcon_core.package_identification:_identify(.) by extensions ['cmake', 'python']
[0.128s] Level 1:colcon.colcon_core.package_identification:_identify(.) by extension 'cmake'
[0.128s] Level 1:colcon.colcon_core.package_identification:_identify(.) by extension 'python'
[0.128s] Level 1:colcon.colcon_core.package_identification:_identify(.) by extensions ['python_setup_py']
[0.128s] Level 1:colcon.colcon_core.package_identification:_identify(.) by extension 'python_setup_py'
[0.128s] Level 1:colcon.colcon_core.package_identification:_identify(build) by extensions ['ignore', 'ignore_ament_install']
[0.128s] Level 1:colcon.colcon_core.package_identification:_identify(build) by extension 'ignore'
[0.128s] Level 1:colcon.colcon_core.package_identification:_identify(build) ignored
[0.128s] Level 1:colcon.colcon_core.package_identification:_identify(install) by extensions ['ignore', 'ignore_ament_install']
[0.128s] Level 1:colcon.colcon_core.package_identification:_identify(install) by extension 'ignore'
[0.128s] Level 1:colcon.colcon_core.package_identification:_identify(install) ignored
[0.128s] Level 1:colcon.colcon_core.package_identification:_identify(log) by extensions ['ignore', 'ignore_ament_install']
[0.128s] Level 1:colcon.colcon_core.package_identification:_identify(log) by extension 'ignore'
[0.128s] Level 1:colcon.colcon_core.package_identification:_identify(log) ignored
[0.128s] Level 1:colcon.colcon_core.package_identification:_identify(mapping) by extensions ['ignore', 'ignore_ament_install']
[0.128s] Level 1:colcon.colcon_core.package_identification:_identify(mapping) by extension 'ignore'
[0.129s] Level 1:colcon.colcon_core.package_identification:_identify(mapping) by extension 'ignore_ament_install'
[0.129s] Level 1:colcon.colcon_core.package_identification:_identify(mapping) by extensions ['colcon_pkg']
[0.129s] Level 1:colcon.colcon_core.package_identification:_identify(mapping) by extension 'colcon_pkg'
[0.129s] Level 1:colcon.colcon_core.package_identification:_identify(mapping) by extensions ['colcon_meta']
[0.129s] Level 1:colcon.colcon_core.package_identification:_identify(mapping) by extension 'colcon_meta'
[0.129s] Level 1:colcon.colcon_core.package_identification:_identify(mapping) by extensions ['ros']
[0.129s] Level 1:colcon.colcon_core.package_identification:_identify(mapping) by extension 'ros'
[0.129s] Level 1:colcon.colcon_core.package_identification:_identify(mapping) by extensions ['cmake', 'python']
[0.129s] Level 1:colcon.colcon_core.package_identification:_identify(mapping) by extension 'cmake'
[0.129s] Level 1:colcon.colcon_core.package_identification:_identify(mapping) by extension 'python'
[0.129s] Level 1:colcon.colcon_core.package_identification:_identify(mapping) by extensions ['python_setup_py']
[0.129s] Level 1:colcon.colcon_core.package_identification:_identify(mapping) by extension 'python_setup_py'
[0.129s] Level 1:colcon.colcon_core.package_identification:_identify(src) by extensions ['ignore', 'ignore_ament_install']
[0.129s] Level 1:colcon.colcon_core.package_identification:_identify(src) by extension 'ignore'
[0.129s] Level 1:colcon.colcon_core.package_identification:_identify(src) by extension 'ignore_ament_install'
[0.129s] Level 1:colcon.colcon_core.package_identification:_identify(src) by extensions ['colcon_pkg']
[0.129s] Level 1:colcon.colcon_core.package_identification:_identify(src) by extension 'colcon_pkg'
[0.129s] Level 1:colcon.colcon_core.package_identification:_identify(src) by extensions ['colcon_meta']
[0.129s] Level 1:colcon.colcon_core.package_identification:_identify(src) by extension 'colcon_meta'
[0.129s] Level 1:colcon.colcon_core.package_identification:_identify(src) by extensions ['ros']
[0.129s] Level 1:colcon.colcon_core.package_identification:_identify(src) by extension 'ros'
[0.129s] Level 1:colcon.colcon_core.package_identification:_identify(src) by extensions ['cmake', 'python']
[0.129s] Level 1:colcon.colcon_core.package_identification:_identify(src) by extension 'cmake'
[0.129s] Level 1:colcon.colcon_core.package_identification:_identify(src) by extension 'python'
[0.129s] Level 1:colcon.colcon_core.package_identification:_identify(src) by extensions ['python_setup_py']
[0.129s] Level 1:colcon.colcon_core.package_identification:_identify(src) by extension 'python_setup_py'
[0.129s] Level 1:colcon.colcon_core.package_identification:_identify(src/auto_nav) by extensions ['ignore', 'ignore_ament_install']
[0.129s] Level 1:colcon.colcon_core.package_identification:_identify(src/auto_nav) by extension 'ignore'
[0.129s] Level 1:colcon.colcon_core.package_identification:_identify(src/auto_nav) by extension 'ignore_ament_install'
[0.129s] Level 1:colcon.colcon_core.package_identification:_identify(src/auto_nav) by extensions ['colcon_pkg']
[0.129s] Level 1:colcon.colcon_core.package_identification:_identify(src/auto_nav) by extension 'colcon_pkg'
[0.129s] Level 1:colcon.colcon_core.package_identification:_identify(src/auto_nav) by extensions ['colcon_meta']
[0.129s] Level 1:colcon.colcon_core.package_identification:_identify(src/auto_nav) by extension 'colcon_meta'
[0.129s] Level 1:colcon.colcon_core.package_identification:_identify(src/auto_nav) by extensions ['ros']
[0.129s] Level 1:colcon.colcon_core.package_identification:_identify(src/auto_nav) by extension 'ros'
[0.131s] DEBUG:colcon.colcon_core.package_identification:Package 'src/auto_nav' with type 'ros.ament_python' and name 'auto_nav'
[0.132s] Level 1:colcon.colcon_core.package_identification:_identify(src/map_loader) by extensions ['ignore', 'ignore_ament_install']
[0.132s] Level 1:colcon.colcon_core.package_identification:_identify(src/map_loader) by extension 'ignore'
[0.132s] Level 1:colcon.colcon_core.package_identification:_identify(src/map_loader) by extension 'ignore_ament_install'
[0.132s] Level 1:colcon.colcon_core.package_identification:_identify(src/map_loader) by extensions ['colcon_pkg']
[0.132s] Level 1:colcon.colcon_core.package_identification:_identify(src/map_loader) by extension 'colcon_pkg'
[0.132s] Level 1:colcon.colcon_core.package_identification:_identify(src/map_loader) by extensions ['colcon_meta']
[0.132s] Level 1:colcon.colcon_core.package_identification:_identify(src/map_loader) by extension 'colcon_meta'
[0.132s] Level 1:colcon.colcon_core.package_identification:_identify(src/map_loader) by extensions ['ros']
[0.132s] Level 1:colcon.colcon_core.package_identification:_identify(src/map_loader) by extension 'ros'
[0.132s] DEBUG:colcon.colcon_core.package_identification:Package 'src/map_loader' with type 'ros.ament_python' and name 'map_loader'
[0.132s] Level 1:colcon.colcon_core.package_identification:_identify(src/py_pubsub) by extensions ['ignore', 'ignore_ament_install']
[0.132s] Level 1:colcon.colcon_core.package_identification:_identify(src/py_pubsub) by extension 'ignore'
[0.132s] Level 1:colcon.colcon_core.package_identification:_identify(src/py_pubsub) by extension 'ignore_ament_install'
[0.132s] Level 1:colcon.colcon_core.package_identification:_identify(src/py_pubsub) by extensions ['colcon_pkg']
[0.132s] Level 1:colcon.colcon_core.package_identification:_identify(src/py_pubsub) by extension 'colcon_pkg'
[0.132s] Level 1:colcon.colcon_core.package_identification:_identify(src/py_pubsub) by extensions ['colcon_meta']
[0.132s] Level 1:colcon.colcon_core.package_identification:_identify(src/py_pubsub) by extension 'colcon_meta'
[0.132s] Level 1:colcon.colcon_core.package_identification:_identify(src/py_pubsub) by extensions ['ros']
[0.132s] Level 1:colcon.colcon_core.package_identification:_identify(src/py_pubsub) by extension 'ros'
[0.133s] DEBUG:colcon.colcon_core.package_identification:Package 'src/py_pubsub' with type 'ros.ament_python' and name 'py_pubsub'
[0.133s] Level 1:colcon.colcon_core.package_identification:_identify(src/turtlebot3_simulations) by extensions ['ignore', 'ignore_ament_install']
[0.133s] Level 1:colcon.colcon_core.package_identification:_identify(src/turtlebot3_simulations) by extension 'ignore'
[0.133s] Level 1:colcon.colcon_core.package_identification:_identify(src/turtlebot3_simulations) by extension 'ignore_ament_install'
[0.133s] Level 1:colcon.colcon_core.package_identification:_identify(src/turtlebot3_simulations) by extensions ['colcon_pkg']
[0.133s] Level 1:colcon.colcon_core.package_identification:_identify(src/turtlebot3_simulations) by extension 'colcon_pkg'
[0.133s] Level 1:colcon.colcon_core.package_identification:_identify(src/turtlebot3_simulations) by extensions ['colcon_meta']
[0.133s] Level 1:colcon.colcon_core.package_identification:_identify(src/turtlebot3_simulations) by extension 'colcon_meta'
[0.133s] Level 1:colcon.colcon_core.package_identification:_identify(src/turtlebot3_simulations) by extensions ['ros']
[0.133s] Level 1:colcon.colcon_core.package_identification:_identify(src/turtlebot3_simulations) by extension 'ros'
[0.133s] Level 1:colcon.colcon_core.package_identification:_identify(src/turtlebot3_simulations) by extensions ['cmake', 'python']
[0.133s] Level 1:colcon.colcon_core.package_identification:_identify(src/turtlebot3_simulations) by extension 'cmake'
[0.133s] Level 1:colcon.colcon_core.package_identification:_identify(src/turtlebot3_simulations) by extension 'python'
[0.133s] Level 1:colcon.colcon_core.package_identification:_identify(src/turtlebot3_simulations) by extensions ['python_setup_py']
[0.133s] Level 1:colcon.colcon_core.package_identification:_identify(src/turtlebot3_simulations) by extension 'python_setup_py'
[0.133s] Level 1:colcon.colcon_core.package_identification:_identify(src/turtlebot3_simulations/turtlebot3_fake_node) by extensions ['ignore', 'ignore_ament_install']
[0.133s] Level 1:colcon.colcon_core.package_identification:_identify(src/turtlebot3_simulations/turtlebot3_fake_node) by extension 'ignore'
[0.133s] Level 1:colcon.colcon_core.package_identification:_identify(src/turtlebot3_simulations/turtlebot3_fake_node) by extension 'ignore_ament_install'
[0.133s] Level 1:colcon.colcon_core.package_identification:_identify(src/turtlebot3_simulations/turtlebot3_fake_node) by extensions ['colcon_pkg']
[0.133s] Level 1:colcon.colcon_core.package_identification:_identify(src/turtlebot3_simulations/turtlebot3_fake_node) by extension 'colcon_pkg'
[0.133s] Level 1:colcon.colcon_core.package_identification:_identify(src/turtlebot3_simulations/turtlebot3_fake_node) by extensions ['colcon_meta']
[0.133s] Level 1:colcon.colcon_core.package_identification:_identify(src/turtlebot3_simulations/turtlebot3_fake_node) by extension 'colcon_meta'
[0.133s] Level 1:colcon.colcon_core.package_identification:_identify(src/turtlebot3_simulations/turtlebot3_fake_node) by extensions ['ros']
[0.133s] Level 1:colcon.colcon_core.package_identification:_identify(src/turtlebot3_simulations/turtlebot3_fake_node) by extension 'ros'
[0.139s] DEBUG:colcon.colcon_core.package_identification:Package 'src/turtlebot3_simulations/turtlebot3_fake_node' with type 'ros.ament_cmake' and name 'turtlebot3_fake_node'
[0.140s] Level 1:colcon.colcon_core.package_identification:_identify(src/turtlebot3_simulations/turtlebot3_gazebo) by extensions ['ignore', 'ignore_ament_install']
[0.140s] Level 1:colcon.colcon_core.package_identification:_identify(src/turtlebot3_simulations/turtlebot3_gazebo) by extension 'ignore'
[0.140s] Level 1:colcon.colcon_core.package_identification:_identify(src/turtlebot3_simulations/turtlebot3_gazebo) by extension 'ignore_ament_install'
[0.140s] Level 1:colcon.colcon_core.package_identification:_identify(src/turtlebot3_simulations/turtlebot3_gazebo) by extensions ['colcon_pkg']
[0.140s] Level 1:colcon.colcon_core.package_identification:_identify(src/turtlebot3_simulations/turtlebot3_gazebo) by extension 'colcon_pkg'
[0.140s] Level 1:colcon.colcon_core.package_identification:_identify(src/turtlebot3_simulations/turtlebot3_gazebo) by extensions ['colcon_meta']
[0.140s] Level 1:colcon.colcon_core.package_identification:_identify(src/turtlebot3_simulations/turtlebot3_gazebo) by extension 'colcon_meta'
[0.140s] Level 1:colcon.colcon_core.package_identification:_identify(src/turtlebot3_simulations/turtlebot3_gazebo) by extensions ['ros']
[0.140s] Level 1:colcon.colcon_core.package_identification:_identify(src/turtlebot3_simulations/turtlebot3_gazebo) by extension 'ros'
[0.140s] DEBUG:colcon.colcon_core.package_identification:Package 'src/turtlebot3_simulations/turtlebot3_gazebo' with type 'ros.ament_cmake' and name 'turtlebot3_gazebo'
[0.140s] Level 1:colcon.colcon_core.package_identification:_identify(src/turtlebot3_simulations/turtlebot3_simulations) by extensions ['ignore', 'ignore_ament_install']
[0.141s] Level 1:colcon.colcon_core.package_identification:_identify(src/turtlebot3_simulations/turtlebot3_simulations) by extension 'ignore'
[0.141s] Level 1:colcon.colcon_core.package_identification:_identify(src/turtlebot3_simulations/turtlebot3_simulations) by extension 'ignore_ament_install'
[0.141s] Level 1:colcon.colcon_core.package_identification:_identify(src/turtlebot3_simulations/turtlebot3_simulations) by extensions ['colcon_pkg']
[0.141s] Level 1:colcon.colcon_core.package_identification:_identify(src/turtlebot3_simulations/turtlebot3_simulations) by extension 'colcon_pkg'
[0.141s] Level 1:colcon.colcon_core.package_identification:_identify(src/turtlebot3_simulations/turtlebot3_simulations) by extensions ['colcon_meta']
[0.141s] Level 1:colcon.colcon_core.package_identification:_identify(src/turtlebot3_simulations/turtlebot3_simulations) by extension 'colcon_meta'
[0.141s] Level 1:colcon.colcon_core.package_identification:_identify(src/turtlebot3_simulations/turtlebot3_simulations) by extensions ['ros']
[0.141s] Level 1:colcon.colcon_core.package_identification:_identify(src/turtlebot3_simulations/turtlebot3_simulations) by extension 'ros'
[0.141s] DEBUG:colcon.colcon_core.package_identification:Package 'src/turtlebot3_simulations/turtlebot3_simulations' with type 'ros.ament_cmake' and name 'turtlebot3_simulations'
[0.141s] Level 1:colcon.colcon_core.package_discovery:discover_packages(recursive) using defaults
[0.141s] Level 1:colcon.colcon_core.package_discovery:discover_packages(ignore) discover
[0.141s] Level 1:colcon.colcon_core.package_discovery:discover_packages(ignore) using defaults
[0.141s] Level 1:colcon.colcon_core.package_discovery:discover_packages(path) discover
[0.141s] Level 1:colcon.colcon_core.package_discovery:discover_packages(path) using defaults
[0.154s] Level 1:colcon.colcon_core.package_discovery:discover_packages(prefix_path) check parameters
[0.154s] Level 1:colcon.colcon_core.package_discovery:discover_packages(prefix_path) discover
[0.156s] DEBUG:colcon.colcon_installed_package_information.package_discovery:Found 6 installed packages in /home/leow/colcon_ws/install
[0.157s] DEBUG:colcon.colcon_installed_package_information.package_discovery:Found 333 installed packages in /opt/ros/foxy
[0.158s] Level 1:colcon.colcon_core.package_discovery:discover_packages(prefix_path) using defaults
[0.198s] Level 5:colcon.colcon_core.verb:set package 'auto_nav' build argument 'cmake_args' from command line to 'None'
[0.198s] Level 5:colcon.colcon_core.verb:set package 'auto_nav' build argument 'cmake_target' from command line to 'None'
[0.198s] Level 5:colcon.colcon_core.verb:set package 'auto_nav' build argument 'cmake_target_skip_unavailable' from command line to 'False'
[0.198s] Level 5:colcon.colcon_core.verb:set package 'auto_nav' build argument 'cmake_clean_cache' from command line to 'False'
[0.198s] Level 5:colcon.colcon_core.verb:set package 'auto_nav' build argument 'cmake_clean_first' from command line to 'False'
[0.198s] Level 5:colcon.colcon_core.verb:set package 'auto_nav' build argument 'cmake_force_configure' from command line to 'False'
[0.198s] Level 5:colcon.colcon_core.verb:set package 'auto_nav' build argument 'ament_cmake_args' from command line to 'None'
[0.198s] Level 5:colcon.colcon_core.verb:set package 'auto_nav' build argument 'catkin_cmake_args' from command line to 'None'
[0.198s] Level 5:colcon.colcon_core.verb:set package 'auto_nav' build argument 'catkin_skip_building_tests' from command line to 'False'
[0.198s] DEBUG:colcon.colcon_core.verb:Building package 'auto_nav' with the following arguments: {'ament_cmake_args': None, 'build_base': '/home/leow/colcon_ws/build/auto_nav', 'catkin_cmake_args': None, 'catkin_skip_building_tests': False, 'cmake_args': None, 'cmake_clean_cache': False, 'cmake_clean_first': False, 'cmake_force_configure': False, 'cmake_target': None, 'cmake_target_skip_unavailable': False, 'install_base': '/home/leow/colcon_ws/install/auto_nav', 'merge_install': False, 'path': '/home/leow/colcon_ws/src/auto_nav', 'symlink_install': True, 'test_result_base': None}
[0.199s] Level 5:colcon.colcon_core.verb:set package 'map_loader' build argument 'cmake_args' from command line to 'None'
[0.199s] Level 5:colcon.colcon_core.verb:set package 'map_loader' build argument 'cmake_target' from command line to 'None'
[0.199s] Level 5:colcon.colcon_core.verb:set package 'map_loader' build argument 'cmake_target_skip_unavailable' from command line to 'False'
[0.199s] Level 5:colcon.colcon_core.verb:set package 'map_loader' build argument 'cmake_clean_cache' from command line to 'False'
[0.199s] Level 5:colcon.colcon_core.verb:set package 'map_loader' build argument 'cmake_clean_first' from command line to 'False'
[0.199s] Level 5:colcon.colcon_core.verb:set package 'map_loader' build argument 'cmake_force_configure' from command line to 'False'
[0.199s] Level 5:colcon.colcon_core.verb:set package 'map_loader' build argument 'ament_cmake_args' from command line to 'None'
[0.199s] Level 5:colcon.colcon_core.verb:set package 'map_loader' build argument 'catkin_cmake_args' from command line to 'None'
[0.199s] Level 5:colcon.colcon_core.verb:set package 'map_loader' build argument 'catkin_skip_building_tests' from command line to 'False'
[0.199s] DEBUG:colcon.colcon_core.verb:Building package 'map_loader' with the following arguments: {'ament_cmake_args': None, 'build_base': '/home/leow/colcon_ws/build/map_loader', 'catkin_cmake_args': None, 'catkin_skip_building_tests': False, 'cmake_args': None, 'cmake_clean_cache': False, 'cmake_clean_first': False, 'cmake_force_configure': False, 'cmake_target': None, 'cmake_target_skip_unavailable': False, 'install_base': '/home/leow/colcon_ws/install/map_loader', 'merge_install': False, 'path': '/home/leow/colcon_ws/src/map_loader', 'symlink_install': True, 'test_result_base': None}
[0.200s] Level 5:colcon.colcon_core.verb:set package 'py_pubsub' build argument 'cmake_args' from command line to 'None'
[0.200s] Level 5:colcon.colcon_core.verb:set package 'py_pubsub' build argument 'cmake_target' from command line to 'None'
[0.200s] Level 5:colcon.colcon_core.verb:set package 'py_pubsub' build argument 'cmake_target_skip_unavailable' from command line to 'False'
[0.200s] Level 5:colcon.colcon_core.verb:set package 'py_pubsub' build argument 'cmake_clean_cache' from command line to 'False'
[0.200s] Level 5:colcon.colcon_core.verb:set package 'py_pubsub' build argument 'cmake_clean_first' from command line to 'False'
[0.200s] Level 5:colcon.colcon_core.verb:set package 'py_pubsub' build argument 'cmake_force_configure' from command line to 'False'
[0.200s] Level 5:colcon.colcon_core.verb:set package 'py_pubsub' build argument 'ament_cmake_args' from command line to 'None'
[0.200s] Level 5:colcon.colcon_core.verb:set package 'py_pubsub' build argument 'catkin_cmake_args' from command line to 'None'
[0.200s] Level 5:colcon.colcon_core.verb:set package 'py_pubsub' build argument 'catkin_skip_building_tests' from command line to 'False'
[0.200s] DEBUG:colcon.colcon_core.verb:Building package 'py_pubsub' with the following arguments: {'ament_cmake_args': None, 'build_base': '/home/leow/colcon_ws/build/py_pubsub', 'catkin_cmake_args': None, 'catkin_skip_building_tests': False, 'cmake_args': None, 'cmake_clean_cache': False, 'cmake_clean_first': False, 'cmake_force_configure': False, 'cmake_target': None, 'cmake_target_skip_unavailable': False, 'install_base': '/home/leow/colcon_ws/install/py_pubsub', 'merge_install': False, 'path': '/home/leow/colcon_ws/src/py_pubsub', 'symlink_install': True, 'test_result_base': None}
[0.200s] Level 5:colcon.colcon_core.verb:set package 'turtlebot3_fake_node' build argument 'cmake_args' from command line to 'None'
[0.200s] Level 5:colcon.colcon_core.verb:set package 'turtlebot3_fake_node' build argument 'cmake_target' from command line to 'None'
[0.200s] Level 5:colcon.colcon_core.verb:set package 'turtlebot3_fake_node' build argument 'cmake_target_skip_unavailable' from command line to 'False'
[0.200s] Level 5:colcon.colcon_core.verb:set package 'turtlebot3_fake_node' build argument 'cmake_clean_cache' from command line to 'False'
[0.200s] Level 5:colcon.colcon_core.verb:set package 'turtlebot3_fake_node' build argument 'cmake_clean_first' from command line to 'False'
[0.200s] Level 5:colcon.colcon_core.verb:set package 'turtlebot3_fake_node' build argument 'cmake_force_configure' from command line to 'False'
[0.201s] Level 5:colcon.colcon_core.verb:set package 'turtlebot3_fake_node' build argument 'ament_cmake_args' from command line to 'None'
[0.201s] Level 5:colcon.colcon_core.verb:set package 'turtlebot3_fake_node' build argument 'catkin_cmake_args' from command line to 'None'
[0.201s] Level 5:colcon.colcon_core.verb:set package 'turtlebot3_fake_node' build argument 'catkin_skip_building_tests' from command line to 'False'
[0.201s] DEBUG:colcon.colcon_core.verb:Building package 'turtlebot3_fake_node' with the following arguments: {'ament_cmake_args': None, 'build_base': '/home/leow/colcon_ws/build/turtlebot3_fake_node', 'catkin_cmake_args': None, 'catkin_skip_building_tests': False, 'cmake_args': None, 'cmake_clean_cache': False, 'cmake_clean_first': False, 'cmake_force_configure': False, 'cmake_target': None, 'cmake_target_skip_unavailable': False, 'install_base': '/home/leow/colcon_ws/install/turtlebot3_fake_node', 'merge_install': False, 'path': '/home/leow/colcon_ws/src/turtlebot3_simulations/turtlebot3_fake_node', 'symlink_install': True, 'test_result_base': None}
[0.201s] Level 5:colcon.colcon_core.verb:set package 'turtlebot3_gazebo' build argument 'cmake_args' from command line to 'None'
[0.201s] Level 5:colcon.colcon_core.verb:set package 'turtlebot3_gazebo' build argument 'cmake_target' from command line to 'None'
[0.201s] Level 5:colcon.colcon_core.verb:set package 'turtlebot3_gazebo' build argument 'cmake_target_skip_unavailable' from command line to 'False'
[0.201s] Level 5:colcon.colcon_core.verb:set package 'turtlebot3_gazebo' build argument 'cmake_clean_cache' from command line to 'False'
[0.201s] Level 5:colcon.colcon_core.verb:set package 'turtlebot3_gazebo' build argument 'cmake_clean_first' from command line to 'False'
[0.201s] Level 5:colcon.colcon_core.verb:set package 'turtlebot3_gazebo' build argument 'cmake_force_configure' from command line to 'False'
[0.201s] Level 5:colcon.colcon_core.verb:set package 'turtlebot3_gazebo' build argument 'ament_cmake_args' from command line to 'None'
[0.201s] Level 5:colcon.colcon_core.verb:set package 'turtlebot3_gazebo' build argument 'catkin_cmake_args' from command line to 'None'
[0.201s] Level 5:colcon.colcon_core.verb:set package 'turtlebot3_gazebo' build argument 'catkin_skip_building_tests' from command line to 'False'
[0.201s] DEBUG:colcon.colcon_core.verb:Building package 'turtlebot3_gazebo' with the following arguments: {'ament_cmake_args': None, 'build_base': '/home/leow/colcon_ws/build/turtlebot3_gazebo', 'catkin_cmake_args': None, 'catkin_skip_building_tests': False, 'cmake_args': None, 'cmake_clean_cache': False, 'cmake_clean_first': False, 'cmake_force_configure': False, 'cmake_target': None, 'cmake_target_skip_unavailable': False, 'install_base': '/home/leow/colcon_ws/install/turtlebot3_gazebo', 'merge_install': False, 'path': '/home/leow/colcon_ws/src/turtlebot3_simulations/turtlebot3_gazebo', 'symlink_install': True, 'test_result_base': None}
[0.202s] Level 5:colcon.colcon_core.verb:set package 'turtlebot3_simulations' build argument 'cmake_args' from command line to 'None'
[0.202s] Level 5:colcon.colcon_core.verb:set package 'turtlebot3_simulations' build argument 'cmake_target' from command line to 'None'
[0.202s] Level 5:colcon.colcon_core.verb:set package 'turtlebot3_simulations' build argument 'cmake_target_skip_unavailable' from command line to 'False'
[0.202s] Level 5:colcon.colcon_core.verb:set package 'turtlebot3_simulations' build argument 'cmake_clean_cache' from command line to 'False'
[0.202s] Level 5:colcon.colcon_core.verb:set package 'turtlebot3_simulations' build argument 'cmake_clean_first' from command line to 'False'
[0.202s] Level 5:colcon.colcon_core.verb:set package 'turtlebot3_simulations' build argument 'cmake_force_configure' from command line to 'False'
[0.202s] Level 5:colcon.colcon_core.verb:set package 'turtlebot3_simulations' build argument 'ament_cmake_args' from command line to 'None'
[0.202s] Level 5:colcon.colcon_core.verb:set package 'turtlebot3_simulations' build argument 'catkin_cmake_args' from command line to 'None'
[0.202s] Level 5:colcon.colcon_core.verb:set package 'turtlebot3_simulations' build argument 'catkin_skip_building_tests' from command line to 'False'
[0.202s] DEBUG:colcon.colcon_core.verb:Building package 'turtlebot3_simulations' with the following arguments: {'ament_cmake_args': None, 'build_base': '/home/leow/colcon_ws/build/turtlebot3_simulations', 'catkin_cmake_args': None, 'catkin_skip_building_tests': False, 'cmake_args': None, 'cmake_clean_cache': False, 'cmake_clean_first': False, 'cmake_force_configure': False, 'cmake_target': None, 'cmake_target_skip_unavailable': False, 'install_base': '/home/leow/colcon_ws/install/turtlebot3_simulations', 'merge_install': False, 'path': '/home/leow/colcon_ws/src/turtlebot3_simulations/turtlebot3_simulations', 'symlink_install': True, 'test_result_base': None}
[0.202s] INFO:colcon.colcon_core.executor:Executing jobs using 'parallel' executor
[0.204s] DEBUG:colcon.colcon_parallel_executor.executor.parallel:run_until_complete
[0.204s] INFO:colcon.colcon_ros.task.ament_cmake.build:Building ROS package in '/home/leow/colcon_ws/src/turtlebot3_simulations/turtlebot3_fake_node' with build type 'ament_cmake'
[0.204s] INFO:colcon.colcon_cmake.task.cmake.build:Building CMake package in '/home/leow/colcon_ws/src/turtlebot3_simulations/turtlebot3_fake_node'
[0.207s] INFO:colcon.colcon_core.plugin_system:Skipping extension 'colcon_core.shell.bat': Not used on non-Windows systems
[0.207s] INFO:colcon.colcon_core.shell:Skip shell extension 'powershell' for command environment: Not usable outside of PowerShell
[0.207s] DEBUG:colcon.colcon_core.shell:Skip shell extension 'dsv' for command environment
[0.211s] INFO:colcon.colcon_ros.task.ament_cmake.build:Building ROS package in '/home/leow/colcon_ws/src/turtlebot3_simulations/turtlebot3_gazebo' with build type 'ament_cmake'
[0.212s] INFO:colcon.colcon_cmake.task.cmake.build:Building CMake package in '/home/leow/colcon_ws/src/turtlebot3_simulations/turtlebot3_gazebo'
[0.213s] INFO:colcon.colcon_core.shell:Skip shell extension 'powershell' for command environment: Not usable outside of PowerShell
[0.213s] DEBUG:colcon.colcon_core.shell:Skip shell extension 'dsv' for command environment
[0.217s] INFO:colcon.colcon_ros.task.ament_python.build:Building ROS package in '/home/leow/colcon_ws/src/auto_nav' with build type 'ament_python'
[0.218s] Level 1:colcon.colcon_core.shell:create_environment_hook('auto_nav', 'ament_prefix_path')
[0.219s] INFO:colcon.colcon_core.shell:Creating environment hook '/home/leow/colcon_ws/install/auto_nav/share/auto_nav/hook/ament_prefix_path.ps1'
[0.219s] INFO:colcon.colcon_core.shell:Creating environment descriptor '/home/leow/colcon_ws/install/auto_nav/share/auto_nav/hook/ament_prefix_path.dsv'
[0.220s] INFO:colcon.colcon_core.shell:Creating environment hook '/home/leow/colcon_ws/install/auto_nav/share/auto_nav/hook/ament_prefix_path.sh'
[0.221s] INFO:colcon.colcon_core.shell:Skip shell extension 'powershell' for command environment: Not usable outside of PowerShell
[0.221s] DEBUG:colcon.colcon_core.shell:Skip shell extension 'dsv' for command environment
[0.226s] INFO:colcon.colcon_ros.task.ament_python.build:Building ROS package in '/home/leow/colcon_ws/src/map_loader' with build type 'ament_python'
[0.226s] Level 1:colcon.colcon_core.shell:create_environment_hook('map_loader', 'ament_prefix_path')
[0.227s] INFO:colcon.colcon_core.shell:Creating environment hook '/home/leow/colcon_ws/install/map_loader/share/map_loader/hook/ament_prefix_path.ps1'
[0.228s] INFO:colcon.colcon_core.shell:Creating environment descriptor '/home/leow/colcon_ws/install/map_loader/share/map_loader/hook/ament_prefix_path.dsv'
[0.228s] INFO:colcon.colcon_core.shell:Creating environment hook '/home/leow/colcon_ws/install/map_loader/share/map_loader/hook/ament_prefix_path.sh'
[0.229s] INFO:colcon.colcon_core.shell:Skip shell extension 'powershell' for command environment: Not usable outside of PowerShell
[0.229s] DEBUG:colcon.colcon_core.shell:Skip shell extension 'dsv' for command environment
[0.233s] INFO:colcon.colcon_ros.task.ament_python.build:Building ROS package in '/home/leow/colcon_ws/src/py_pubsub' with build type 'ament_python'
[0.233s] Level 1:colcon.colcon_core.shell:create_environment_hook('py_pubsub', 'ament_prefix_path')
[0.234s] INFO:colcon.colcon_core.shell:Creating environment hook '/home/leow/colcon_ws/install/py_pubsub/share/py_pubsub/hook/ament_prefix_path.ps1'
[0.235s] INFO:colcon.colcon_core.shell:Creating environment descriptor '/home/leow/colcon_ws/install/py_pubsub/share/py_pubsub/hook/ament_prefix_path.dsv'
[0.235s] INFO:colcon.colcon_core.shell:Creating environment hook '/home/leow/colcon_ws/install/py_pubsub/share/py_pubsub/hook/ament_prefix_path.sh'
[0.236s] INFO:colcon.colcon_core.shell:Skip shell extension 'powershell' for command environment: Not usable outside of PowerShell
[0.236s] DEBUG:colcon.colcon_core.shell:Skip shell extension 'dsv' for command environment
[0.247s] DEBUG:colcon.colcon_core.event_handler.log_command:Invoking command in '/home/leow/colcon_ws/build/turtlebot3_fake_node': CMAKE_PREFIX_PATH=${CMAKE_PREFIX_PATH}:/home/leow/colcon_ws/install/py_pubsub:/home/leow/colcon_ws/install/map_loader:/home/leow/colcon_ws/install/auto_nav:/opt/ros/foxy /usr/bin/cmake --build /home/leow/colcon_ws/build/turtlebot3_fake_node -- -j20 -l20
[0.251s] DEBUG:colcon.colcon_core.event_handler.log_command:Invoking command in '/home/leow/colcon_ws/build/turtlebot3_gazebo': CMAKE_PREFIX_PATH=${CMAKE_PREFIX_PATH}:/home/leow/colcon_ws/install/py_pubsub:/home/leow/colcon_ws/install/map_loader:/home/leow/colcon_ws/install/auto_nav:/opt/ros/foxy /usr/bin/cmake --build /home/leow/colcon_ws/build/turtlebot3_gazebo -- -j20 -l20
[0.387s] INFO:colcon.colcon_core.task.python.build:Building Python package in '/home/leow/colcon_ws/src/auto_nav'
[0.388s] INFO:colcon.colcon_core.shell:Skip shell extension 'powershell' for command environment: Not usable outside of PowerShell
[0.388s] DEBUG:colcon.colcon_core.shell:Skip shell extension 'dsv' for command environment
[0.522s] INFO:colcon.colcon_core.task.python.build:Building Python package in '/home/leow/colcon_ws/src/map_loader'
[0.523s] INFO:colcon.colcon_core.shell:Skip shell extension 'powershell' for command environment: Not usable outside of PowerShell
[0.523s] DEBUG:colcon.colcon_core.shell:Skip shell extension 'dsv' for command environment
[0.660s] INFO:colcon.colcon_core.task.python.build:Building Python package in '/home/leow/colcon_ws/src/py_pubsub'
[0.661s] INFO:colcon.colcon_core.shell:Skip shell extension 'powershell' for command environment: Not usable outside of PowerShell
[0.661s] DEBUG:colcon.colcon_core.shell:Skip shell extension 'dsv' for command environment
[0.668s] DEBUG:colcon.colcon_core.event_handler.log_command:Invoked command in '/home/leow/colcon_ws/build/turtlebot3_fake_node' returned '0': CMAKE_PREFIX_PATH=${CMAKE_PREFIX_PATH}:/home/leow/colcon_ws/install/py_pubsub:/home/leow/colcon_ws/install/map_loader:/home/leow/colcon_ws/install/auto_nav:/opt/ros/foxy /usr/bin/cmake --build /home/leow/colcon_ws/build/turtlebot3_fake_node -- -j20 -l20
[0.669s] DEBUG:colcon.colcon_core.event_handler.log_command:Invoked command in '/home/leow/colcon_ws/build/turtlebot3_gazebo' returned '0': CMAKE_PREFIX_PATH=${CMAKE_PREFIX_PATH}:/home/leow/colcon_ws/install/py_pubsub:/home/leow/colcon_ws/install/map_loader:/home/leow/colcon_ws/install/auto_nav:/opt/ros/foxy /usr/bin/cmake --build /home/leow/colcon_ws/build/turtlebot3_gazebo -- -j20 -l20
[0.690s] DEBUG:colcon.colcon_core.event_handler.log_command:Invoking command in '/home/leow/colcon_ws/build/turtlebot3_fake_node': CMAKE_PREFIX_PATH=${CMAKE_PREFIX_PATH}:/home/leow/colcon_ws/install/py_pubsub:/home/leow/colcon_ws/install/map_loader:/home/leow/colcon_ws/install/auto_nav:/opt/ros/foxy /usr/bin/cmake --install /home/leow/colcon_ws/build/turtlebot3_fake_node
[0.692s] DEBUG:colcon.colcon_core.event_handler.log_command:Invoking command in '/home/leow/colcon_ws/build/turtlebot3_gazebo': CMAKE_PREFIX_PATH=${CMAKE_PREFIX_PATH}:/home/leow/colcon_ws/install/py_pubsub:/home/leow/colcon_ws/install/map_loader:/home/leow/colcon_ws/install/auto_nav:/opt/ros/foxy /usr/bin/cmake --install /home/leow/colcon_ws/build/turtlebot3_gazebo
[0.707s] Level 1:colcon.colcon_core.environment:create_environment_scripts_only(turtlebot3_fake_node)
[0.714s] Level 1:colcon.colcon_core.environment:checking '/home/leow/colcon_ws/install/turtlebot3_fake_node' for CMake module files
[0.715s] DEBUG:colcon.colcon_core.event_handler.log_command:Invoked command in '/home/leow/colcon_ws/build/turtlebot3_fake_node' returned '0': CMAKE_PREFIX_PATH=${CMAKE_PREFIX_PATH}:/home/leow/colcon_ws/install/py_pubsub:/home/leow/colcon_ws/install/map_loader:/home/leow/colcon_ws/install/auto_nav:/opt/ros/foxy /usr/bin/cmake --install /home/leow/colcon_ws/build/turtlebot3_fake_node
[0.716s] Level 1:colcon.colcon_core.environment:checking '/home/leow/colcon_ws/install/turtlebot3_fake_node' for CMake config files
[0.717s] Level 1:colcon.colcon_core.shell:create_environment_hook('turtlebot3_fake_node', 'cmake_prefix_path')
[0.718s] INFO:colcon.colcon_core.shell:Creating environment hook '/home/leow/colcon_ws/install/turtlebot3_fake_node/share/turtlebot3_fake_node/hook/cmake_prefix_path.ps1'
[0.719s] INFO:colcon.colcon_core.shell:Creating environment descriptor '/home/leow/colcon_ws/install/turtlebot3_fake_node/share/turtlebot3_fake_node/hook/cmake_prefix_path.dsv'
[0.719s] INFO:colcon.colcon_core.shell:Creating environment hook '/home/leow/colcon_ws/install/turtlebot3_fake_node/share/turtlebot3_fake_node/hook/cmake_prefix_path.sh'
[0.720s] Level 1:colcon.colcon_core.environment:checking '/home/leow/colcon_ws/install/turtlebot3_fake_node/lib'
[0.721s] Level 1:colcon.colcon_core.environment:checking '/home/leow/colcon_ws/install/turtlebot3_fake_node/bin'
[0.721s] Level 1:colcon.colcon_core.environment:checking '/home/leow/colcon_ws/install/turtlebot3_fake_node/lib/pkgconfig/turtlebot3_fake_node.pc'
[0.721s] Level 1:colcon.colcon_core.environment:checking '/home/leow/colcon_ws/install/turtlebot3_fake_node/lib/python3.8/site-packages'
[0.721s] Level 1:colcon.colcon_core.environment:checking '/home/leow/colcon_ws/install/turtlebot3_fake_node/bin'
[0.722s] INFO:colcon.colcon_core.shell:Creating package script '/home/leow/colcon_ws/install/turtlebot3_fake_node/share/turtlebot3_fake_node/package.ps1'
[0.724s] INFO:colcon.colcon_core.shell:Creating package descriptor '/home/leow/colcon_ws/install/turtlebot3_fake_node/share/turtlebot3_fake_node/package.dsv'
[0.724s] INFO:colcon.colcon_core.shell:Creating package script '/home/leow/colcon_ws/install/turtlebot3_fake_node/share/turtlebot3_fake_node/package.sh'
[0.725s] INFO:colcon.colcon_core.shell:Creating package script '/home/leow/colcon_ws/install/turtlebot3_fake_node/share/turtlebot3_fake_node/package.bash'
[0.726s] INFO:colcon.colcon_core.shell:Creating package script '/home/leow/colcon_ws/install/turtlebot3_fake_node/share/turtlebot3_fake_node/package.zsh'
[0.727s] Level 1:colcon.colcon_core.environment:create_file_with_runtime_dependencies(/home/leow/colcon_ws/install/turtlebot3_fake_node/share/colcon-core/packages/turtlebot3_fake_node)
[0.730s] Level 1:colcon.colcon_core.environment:create_environment_scripts_only(turtlebot3_gazebo)
[0.731s] Level 1:colcon.colcon_core.environment:checking '/home/leow/colcon_ws/install/turtlebot3_gazebo' for CMake module files
[0.732s] DEBUG:colcon.colcon_core.event_handler.log_command:Invoked command in '/home/leow/colcon_ws/build/turtlebot3_gazebo' returned '0': CMAKE_PREFIX_PATH=${CMAKE_PREFIX_PATH}:/home/leow/colcon_ws/install/py_pubsub:/home/leow/colcon_ws/install/map_loader:/home/leow/colcon_ws/install/auto_nav:/opt/ros/foxy /usr/bin/cmake --install /home/leow/colcon_ws/build/turtlebot3_gazebo
[0.732s] Level 1:colcon.colcon_core.environment:checking '/home/leow/colcon_ws/install/turtlebot3_gazebo' for CMake config files
[0.733s] Level 1:colcon.colcon_core.shell:create_environment_hook('turtlebot3_gazebo', 'cmake_prefix_path')
[0.733s] INFO:colcon.colcon_core.shell:Creating environment hook '/home/leow/colcon_ws/install/turtlebot3_gazebo/share/turtlebot3_gazebo/hook/cmake_prefix_path.ps1'
[0.734s] INFO:colcon.colcon_core.shell:Creating environment descriptor '/home/leow/colcon_ws/install/turtlebot3_gazebo/share/turtlebot3_gazebo/hook/cmake_prefix_path.dsv'
[0.734s] INFO:colcon.colcon_core.shell:Creating environment hook '/home/leow/colcon_ws/install/turtlebot3_gazebo/share/turtlebot3_gazebo/hook/cmake_prefix_path.sh'
[0.734s] Level 1:colcon.colcon_core.environment:checking '/home/leow/colcon_ws/install/turtlebot3_gazebo/lib'
[0.734s] Level 1:colcon.colcon_core.environment:checking '/home/leow/colcon_ws/install/turtlebot3_gazebo/bin'
[0.734s] Level 1:colcon.colcon_core.environment:checking '/home/leow/colcon_ws/install/turtlebot3_gazebo/lib/pkgconfig/turtlebot3_gazebo.pc'
[0.735s] Level 1:colcon.colcon_core.environment:checking '/home/leow/colcon_ws/install/turtlebot3_gazebo/lib/python3.8/site-packages'
[0.735s] Level 1:colcon.colcon_core.environment:checking '/home/leow/colcon_ws/install/turtlebot3_gazebo/bin'
[0.736s] INFO:colcon.colcon_core.shell:Creating package script '/home/leow/colcon_ws/install/turtlebot3_gazebo/share/turtlebot3_gazebo/package.ps1'
[0.736s] INFO:colcon.colcon_core.shell:Creating package descriptor '/home/leow/colcon_ws/install/turtlebot3_gazebo/share/turtlebot3_gazebo/package.dsv'
[0.737s] INFO:colcon.colcon_core.shell:Creating package script '/home/leow/colcon_ws/install/turtlebot3_gazebo/share/turtlebot3_gazebo/package.sh'
[0.737s] INFO:colcon.colcon_core.shell:Creating package script '/home/leow/colcon_ws/install/turtlebot3_gazebo/share/turtlebot3_gazebo/package.bash'
[0.738s] INFO:colcon.colcon_core.shell:Creating package script '/home/leow/colcon_ws/install/turtlebot3_gazebo/share/turtlebot3_gazebo/package.zsh'
[0.738s] Level 1:colcon.colcon_core.environment:create_file_with_runtime_dependencies(/home/leow/colcon_ws/install/turtlebot3_gazebo/share/colcon-core/packages/turtlebot3_gazebo)
[0.746s] Level 1:colcon.colcon_core.environment:create_environment_scripts_only(turtlebot3_fake_node)
[0.747s] Level 1:colcon.colcon_core.environment:checking '/home/leow/colcon_ws/install/turtlebot3_fake_node' for CMake module files
[0.748s] Level 1:colcon.colcon_core.environment:checking '/home/leow/colcon_ws/install/turtlebot3_fake_node' for CMake config files
[0.748s] Level 1:colcon.colcon_core.shell:create_environment_hook('turtlebot3_fake_node', 'cmake_prefix_path')
[0.749s] INFO:colcon.colcon_core.shell:Creating environment hook '/home/leow/colcon_ws/install/turtlebot3_fake_node/share/turtlebot3_fake_node/hook/cmake_prefix_path.ps1'
[0.749s] INFO:colcon.colcon_core.shell:Creating environment descriptor '/home/leow/colcon_ws/install/turtlebot3_fake_node/share/turtlebot3_fake_node/hook/cmake_prefix_path.dsv'
[0.749s] INFO:colcon.colcon_core.shell:Creating environment hook '/home/leow/colcon_ws/install/turtlebot3_fake_node/share/turtlebot3_fake_node/hook/cmake_prefix_path.sh'
[0.750s] Level 1:colcon.colcon_core.environment:checking '/home/leow/colcon_ws/install/turtlebot3_fake_node/lib'
[0.750s] Level 1:colcon.colcon_core.environment:checking '/home/leow/colcon_ws/install/turtlebot3_fake_node/bin'
[0.750s] Level 1:colcon.colcon_core.environment:checking '/home/leow/colcon_ws/install/turtlebot3_fake_node/lib/pkgconfig/turtlebot3_fake_node.pc'
[0.750s] Level 1:colcon.colcon_core.environment:checking '/home/leow/colcon_ws/install/turtlebot3_fake_node/lib/python3.8/site-packages'
[0.750s] Level 1:colcon.colcon_core.environment:checking '/home/leow/colcon_ws/install/turtlebot3_fake_node/bin'
[0.751s] INFO:colcon.colcon_core.shell:Creating package script '/home/leow/colcon_ws/install/turtlebot3_fake_node/share/turtlebot3_fake_node/package.ps1'
[0.751s] INFO:colcon.colcon_core.shell:Creating package descriptor '/home/leow/colcon_ws/install/turtlebot3_fake_node/share/turtlebot3_fake_node/package.dsv'
[0.751s] INFO:colcon.colcon_core.shell:Creating package script '/home/leow/colcon_ws/install/turtlebot3_fake_node/share/turtlebot3_fake_node/package.sh'
[0.752s] INFO:colcon.colcon_core.shell:Creating package script '/home/leow/colcon_ws/install/turtlebot3_fake_node/share/turtlebot3_fake_node/package.bash'
[0.752s] INFO:colcon.colcon_core.shell:Creating package script '/home/leow/colcon_ws/install/turtlebot3_fake_node/share/turtlebot3_fake_node/package.zsh'
[0.752s] Level 1:colcon.colcon_core.environment:create_file_with_runtime_dependencies(/home/leow/colcon_ws/install/turtlebot3_fake_node/share/colcon-core/packages/turtlebot3_fake_node)
[0.758s] Level 1:colcon.colcon_core.environment:create_environment_scripts_only(turtlebot3_gazebo)
[0.759s] Level 1:colcon.colcon_core.environment:checking '/home/leow/colcon_ws/install/turtlebot3_gazebo' for CMake module files
[0.760s] Level 1:colcon.colcon_core.environment:checking '/home/leow/colcon_ws/install/turtlebot3_gazebo' for CMake config files
[0.760s] Level 1:colcon.colcon_core.shell:create_environment_hook('turtlebot3_gazebo', 'cmake_prefix_path')
[0.761s] INFO:colcon.colcon_core.shell:Creating environment hook '/home/leow/colcon_ws/install/turtlebot3_gazebo/share/turtlebot3_gazebo/hook/cmake_prefix_path.ps1'
[0.761s] INFO:colcon.colcon_core.shell:Creating environment descriptor '/home/leow/colcon_ws/install/turtlebot3_gazebo/share/turtlebot3_gazebo/hook/cmake_prefix_path.dsv'
[0.762s] INFO:colcon.colcon_core.shell:Creating environment hook '/home/leow/colcon_ws/install/turtlebot3_gazebo/share/turtlebot3_gazebo/hook/cmake_prefix_path.sh'
[0.762s] Level 1:colcon.colcon_core.environment:checking '/home/leow/colcon_ws/install/turtlebot3_gazebo/lib'
[0.762s] Level 1:colcon.colcon_core.environment:checking '/home/leow/colcon_ws/install/turtlebot3_gazebo/bin'
[0.762s] Level 1:colcon.colcon_core.environment:checking '/home/leow/colcon_ws/install/turtlebot3_gazebo/lib/pkgconfig/turtlebot3_gazebo.pc'
[0.762s] Level 1:colcon.colcon_core.environment:checking '/home/leow/colcon_ws/install/turtlebot3_gazebo/lib/python3.8/site-packages'
[0.762s] Level 1:colcon.colcon_core.environment:checking '/home/leow/colcon_ws/install/turtlebot3_gazebo/bin'
[0.764s] INFO:colcon.colcon_core.shell:Creating package script '/home/leow/colcon_ws/install/turtlebot3_gazebo/share/turtlebot3_gazebo/package.ps1'
[0.764s] INFO:colcon.colcon_core.shell:Creating package descriptor '/home/leow/colcon_ws/install/turtlebot3_gazebo/share/turtlebot3_gazebo/package.dsv'
[0.764s] INFO:colcon.colcon_core.shell:Creating package script '/home/leow/colcon_ws/install/turtlebot3_gazebo/share/turtlebot3_gazebo/package.sh'
[0.765s] INFO:colcon.colcon_core.shell:Creating package script '/home/leow/colcon_ws/install/turtlebot3_gazebo/share/turtlebot3_gazebo/package.bash'
[0.765s] INFO:colcon.colcon_core.shell:Creating package script '/home/leow/colcon_ws/install/turtlebot3_gazebo/share/turtlebot3_gazebo/package.zsh'
[0.765s] Level 1:colcon.colcon_core.environment:create_file_with_runtime_dependencies(/home/leow/colcon_ws/install/turtlebot3_gazebo/share/colcon-core/packages/turtlebot3_gazebo)
[0.765s] INFO:colcon.colcon_ros.task.ament_cmake.build:Building ROS package in '/home/leow/colcon_ws/src/turtlebot3_simulations/turtlebot3_simulations' with build type 'ament_cmake'
[0.765s] INFO:colcon.colcon_cmake.task.cmake.build:Building CMake package in '/home/leow/colcon_ws/src/turtlebot3_simulations/turtlebot3_simulations'
[0.766s] INFO:colcon.colcon_core.shell:Skip shell extension 'powershell' for command environment: Not usable outside of PowerShell
[0.766s] DEBUG:colcon.colcon_core.shell:Skip shell extension 'dsv' for command environment
[0.777s] DEBUG:colcon.colcon_core.event_handler.log_command:Invoking command in '/home/leow/colcon_ws/build/turtlebot3_simulations': CMAKE_PREFIX_PATH=/home/leow/colcon_ws/install/turtlebot3_gazebo:/home/leow/colcon_ws/install/turtlebot3_fake_node:/home/leow/colcon_ws/install/turtlebot3_simulations:/home/leow/colcon_ws/install/py_pubsub:/home/leow/colcon_ws/install/map_loader:/home/leow/colcon_ws/install/auto_nav:/opt/ros/foxy /usr/bin/cmake --build /home/leow/colcon_ws/build/turtlebot3_simulations -- -j20 -l20
[0.807s] DEBUG:colcon.colcon_core.event_handler.log_command:Invoked command in '/home/leow/colcon_ws/build/turtlebot3_simulations' returned '0': CMAKE_PREFIX_PATH=/home/leow/colcon_ws/install/turtlebot3_gazebo:/home/leow/colcon_ws/install/turtlebot3_fake_node:/home/leow/colcon_ws/install/turtlebot3_simulations:/home/leow/colcon_ws/install/py_pubsub:/home/leow/colcon_ws/install/map_loader:/home/leow/colcon_ws/install/auto_nav:/opt/ros/foxy /usr/bin/cmake --build /home/leow/colcon_ws/build/turtlebot3_simulations -- -j20 -l20
[0.829s] DEBUG:colcon.colcon_core.event_handler.log_command:Invoking command in '/home/leow/colcon_ws/build/turtlebot3_simulations': CMAKE_PREFIX_PATH=/home/leow/colcon_ws/install/turtlebot3_gazebo:/home/leow/colcon_ws/install/turtlebot3_fake_node:/home/leow/colcon_ws/install/turtlebot3_simulations:/home/leow/colcon_ws/install/py_pubsub:/home/leow/colcon_ws/install/map_loader:/home/leow/colcon_ws/install/auto_nav:/opt/ros/foxy /usr/bin/cmake --install /home/leow/colcon_ws/build/turtlebot3_simulations
[0.846s] Level 1:colcon.colcon_core.environment:create_environment_scripts_only(turtlebot3_simulations)
[0.848s] Level 1:colcon.colcon_core.environment:checking '/home/leow/colcon_ws/install/turtlebot3_simulations' for CMake module files
[0.849s] DEBUG:colcon.colcon_core.event_handler.log_command:Invoked command in '/home/leow/colcon_ws/build/turtlebot3_simulations' returned '0': CMAKE_PREFIX_PATH=/home/leow/colcon_ws/install/turtlebot3_gazebo:/home/leow/colcon_ws/install/turtlebot3_fake_node:/home/leow/colcon_ws/install/turtlebot3_simulations:/home/leow/colcon_ws/install/py_pubsub:/home/leow/colcon_ws/install/map_loader:/home/leow/colcon_ws/install/auto_nav:/opt/ros/foxy /usr/bin/cmake --install /home/leow/colcon_ws/build/turtlebot3_simulations
[0.849s] Level 1:colcon.colcon_core.environment:checking '/home/leow/colcon_ws/install/turtlebot3_simulations' for CMake config files
[0.849s] Level 1:colcon.colcon_core.shell:create_environment_hook('turtlebot3_simulations', 'cmake_prefix_path')
[0.850s] INFO:colcon.colcon_core.shell:Creating environment hook '/home/leow/colcon_ws/install/turtlebot3_simulations/share/turtlebot3_simulations/hook/cmake_prefix_path.ps1'
[0.851s] INFO:colcon.colcon_core.shell:Creating environment descriptor '/home/leow/colcon_ws/install/turtlebot3_simulations/share/turtlebot3_simulations/hook/cmake_prefix_path.dsv'
[0.851s] INFO:colcon.colcon_core.shell:Creating environment hook '/home/leow/colcon_ws/install/turtlebot3_simulations/share/turtlebot3_simulations/hook/cmake_prefix_path.sh'
[0.851s] Level 1:colcon.colcon_core.environment:checking '/home/leow/colcon_ws/install/turtlebot3_simulations/bin'
[0.851s] Level 1:colcon.colcon_core.environment:checking '/home/leow/colcon_ws/install/turtlebot3_simulations/lib/pkgconfig/turtlebot3_simulations.pc'
[0.851s] Level 1:colcon.colcon_core.environment:checking '/home/leow/colcon_ws/install/turtlebot3_simulations/lib/python3.8/site-packages'
[0.852s] Level 1:colcon.colcon_core.environment:checking '/home/leow/colcon_ws/install/turtlebot3_simulations/bin'
[0.852s] INFO:colcon.colcon_core.shell:Creating package script '/home/leow/colcon_ws/install/turtlebot3_simulations/share/turtlebot3_simulations/package.ps1'
[0.853s] INFO:colcon.colcon_core.shell:Creating package descriptor '/home/leow/colcon_ws/install/turtlebot3_simulations/share/turtlebot3_simulations/package.dsv'
[0.853s] INFO:colcon.colcon_core.shell:Creating package script '/home/leow/colcon_ws/install/turtlebot3_simulations/share/turtlebot3_simulations/package.sh'
[0.853s] INFO:colcon.colcon_core.shell:Creating package script '/home/leow/colcon_ws/install/turtlebot3_simulations/share/turtlebot3_simulations/package.bash'
[0.854s] INFO:colcon.colcon_core.shell:Creating package script '/home/leow/colcon_ws/install/turtlebot3_simulations/share/turtlebot3_simulations/package.zsh'
[0.854s] Level 1:colcon.colcon_core.environment:create_file_with_runtime_dependencies(/home/leow/colcon_ws/install/turtlebot3_simulations/share/colcon-core/packages/turtlebot3_simulations)
[0.872s] Level 1:colcon.colcon_core.environment:create_environment_scripts_only(turtlebot3_simulations)
[0.875s] Level 1:colcon.colcon_core.environment:checking '/home/leow/colcon_ws/install/turtlebot3_simulations' for CMake module files
[0.875s] Level 1:colcon.colcon_core.environment:checking '/home/leow/colcon_ws/install/turtlebot3_simulations' for CMake config files
[0.876s] Level 1:colcon.colcon_core.shell:create_environment_hook('turtlebot3_simulations', 'cmake_prefix_path')
[0.877s] INFO:colcon.colcon_core.shell:Creating environment hook '/home/leow/colcon_ws/install/turtlebot3_simulations/share/turtlebot3_simulations/hook/cmake_prefix_path.ps1'
[0.878s] INFO:colcon.colcon_core.shell:Creating environment descriptor '/home/leow/colcon_ws/install/turtlebot3_simulations/share/turtlebot3_simulations/hook/cmake_prefix_path.dsv'
[0.878s] INFO:colcon.colcon_core.shell:Creating environment hook '/home/leow/colcon_ws/install/turtlebot3_simulations/share/turtlebot3_simulations/hook/cmake_prefix_path.sh'
[0.879s] Level 1:colcon.colcon_core.environment:checking '/home/leow/colcon_ws/install/turtlebot3_simulations/bin'
[0.879s] Level 1:colcon.colcon_core.environment:checking '/home/leow/colcon_ws/install/turtlebot3_simulations/lib/pkgconfig/turtlebot3_simulations.pc'
[0.879s] Level 1:colcon.colcon_core.environment:checking '/home/leow/colcon_ws/install/turtlebot3_simulations/lib/python3.8/site-packages'
[0.879s] Level 1:colcon.colcon_core.environment:checking '/home/leow/colcon_ws/install/turtlebot3_simulations/bin'
[0.881s] INFO:colcon.colcon_core.shell:Creating package script '/home/leow/colcon_ws/install/turtlebot3_simulations/share/turtlebot3_simulations/package.ps1'
[0.881s] INFO:colcon.colcon_core.shell:Creating package descriptor '/home/leow/colcon_ws/install/turtlebot3_simulations/share/turtlebot3_simulations/package.dsv'
[0.882s] INFO:colcon.colcon_core.shell:Creating package script '/home/leow/colcon_ws/install/turtlebot3_simulations/share/turtlebot3_simulations/package.sh'
[0.882s] INFO:colcon.colcon_core.shell:Creating package script '/home/leow/colcon_ws/install/turtlebot3_simulations/share/turtlebot3_simulations/package.bash'
[0.882s] INFO:colcon.colcon_core.shell:Creating package script '/home/leow/colcon_ws/install/turtlebot3_simulations/share/turtlebot3_simulations/package.zsh'
[0.883s] Level 1:colcon.colcon_core.environment:create_file_with_runtime_dependencies(/home/leow/colcon_ws/install/turtlebot3_simulations/share/colcon-core/packages/turtlebot3_simulations)
[0.941s] DEBUG:colcon.colcon_core.event_handler.log_command:Invoking command in '/home/leow/colcon_ws/build/map_loader': PYTHONPATH=/home/leow/colcon_ws/build/map_loader/prefix_override:/home/leow/colcon_ws/install/map_loader/lib/python3.8/site-packages:${PYTHONPATH} /usr/bin/python3 setup.py develop --editable --build-directory /home/leow/colcon_ws/build/map_loader/build --no-deps install_data
[0.943s] DEBUG:colcon.colcon_core.event_handler.log_command:Invoking command in '/home/leow/colcon_ws/build/auto_nav': PYTHONPATH=/home/leow/colcon_ws/build/auto_nav/prefix_override:/home/leow/colcon_ws/install/auto_nav/lib/python3.8/site-packages:${PYTHONPATH} /usr/bin/python3 setup.py develop --editable --build-directory /home/leow/colcon_ws/build/auto_nav/build --no-deps install_data
[0.953s] DEBUG:colcon.colcon_core.event_handler.log_command:Invoking command in '/home/leow/colcon_ws/build/py_pubsub': PYTHONPATH=/home/leow/colcon_ws/build/py_pubsub/prefix_override:/home/leow/colcon_ws/install/py_pubsub/lib/python3.8/site-packages:${PYTHONPATH} /usr/bin/python3 setup.py develop --editable --build-directory /home/leow/colcon_ws/build/py_pubsub/build --no-deps install_data
[1.197s] Level 1:colcon.colcon_core.shell:create_environment_hook('map_loader', 'pythonpath_develop')
[1.197s] DEBUG:colcon.colcon_core.event_handler.log_command:Invoked command in '/home/leow/colcon_ws/build/map_loader' returned '0': PYTHONPATH=/home/leow/colcon_ws/build/map_loader/prefix_override:/home/leow/colcon_ws/install/map_loader/lib/python3.8/site-packages:${PYTHONPATH} /usr/bin/python3 setup.py develop --editable --build-directory /home/leow/colcon_ws/build/map_loader/build --no-deps install_data
[1.199s] INFO:colcon.colcon_core.shell:Creating environment hook '/home/leow/colcon_ws/build/map_loader/share/map_loader/hook/pythonpath_develop.ps1'
[1.199s] INFO:colcon.colcon_core.shell:Creating environment descriptor '/home/leow/colcon_ws/build/map_loader/share/map_loader/hook/pythonpath_develop.dsv'
[1.200s] INFO:colcon.colcon_core.shell:Creating environment hook '/home/leow/colcon_ws/build/map_loader/share/map_loader/hook/pythonpath_develop.sh'
[1.201s] Level 1:colcon.colcon_core.environment:checking '/home/leow/colcon_ws/install/map_loader' for CMake module files
[1.202s] Level 1:colcon.colcon_core.environment:checking '/home/leow/colcon_ws/install/map_loader' for CMake config files
[1.202s] Level 1:colcon.colcon_core.environment:checking '/home/leow/colcon_ws/install/map_loader/lib'
[1.202s] Level 1:colcon.colcon_core.environment:checking '/home/leow/colcon_ws/install/map_loader/bin'
[1.202s] Level 1:colcon.colcon_core.environment:checking '/home/leow/colcon_ws/install/map_loader/lib/pkgconfig/map_loader.pc'
[1.202s] Level 1:colcon.colcon_core.environment:checking '/home/leow/colcon_ws/install/map_loader/lib/python3.8/site-packages'
[1.202s] Level 1:colcon.colcon_core.shell:create_environment_hook('map_loader', 'pythonpath')
[1.203s] INFO:colcon.colcon_core.shell:Creating environment hook '/home/leow/colcon_ws/install/map_loader/share/map_loader/hook/pythonpath.ps1'
[1.203s] INFO:colcon.colcon_core.shell:Creating environment descriptor '/home/leow/colcon_ws/install/map_loader/share/map_loader/hook/pythonpath.dsv'
[1.203s] INFO:colcon.colcon_core.shell:Creating environment hook '/home/leow/colcon_ws/install/map_loader/share/map_loader/hook/pythonpath.sh'
[1.204s] Level 1:colcon.colcon_core.environment:checking '/home/leow/colcon_ws/install/map_loader/bin'
[1.204s] Level 1:colcon.colcon_core.environment:create_environment_scripts_only(map_loader)
[1.204s] INFO:colcon.colcon_core.shell:Creating package script '/home/leow/colcon_ws/install/map_loader/share/map_loader/package.ps1'
[1.205s] INFO:colcon.colcon_core.shell:Creating package descriptor '/home/leow/colcon_ws/install/map_loader/share/map_loader/package.dsv'
[1.205s] INFO:colcon.colcon_core.shell:Creating package script '/home/leow/colcon_ws/install/map_loader/share/map_loader/package.sh'
[1.205s] INFO:colcon.colcon_core.shell:Creating package script '/home/leow/colcon_ws/install/map_loader/share/map_loader/package.bash'
[1.205s] INFO:colcon.colcon_core.shell:Creating package script '/home/leow/colcon_ws/install/map_loader/share/map_loader/package.zsh'
[1.206s] Level 1:colcon.colcon_core.environment:create_file_with_runtime_dependencies(/home/leow/colcon_ws/install/map_loader/share/colcon-core/packages/map_loader)
[1.206s] Level 1:colcon.colcon_core.shell:create_environment_hook('auto_nav', 'pythonpath_develop')
[1.206s] INFO:colcon.colcon_core.shell:Creating environment hook '/home/leow/colcon_ws/build/auto_nav/share/auto_nav/hook/pythonpath_develop.ps1'
[1.207s] INFO:colcon.colcon_core.shell:Creating environment descriptor '/home/leow/colcon_ws/build/auto_nav/share/auto_nav/hook/pythonpath_develop.dsv'
[1.207s] INFO:colcon.colcon_core.shell:Creating environment hook '/home/leow/colcon_ws/build/auto_nav/share/auto_nav/hook/pythonpath_develop.sh'
[1.208s] Level 1:colcon.colcon_core.environment:checking '/home/leow/colcon_ws/install/auto_nav' for CMake module files
[1.209s] DEBUG:colcon.colcon_core.event_handler.log_command:Invoked command in '/home/leow/colcon_ws/build/auto_nav' returned '0': PYTHONPATH=/home/leow/colcon_ws/build/auto_nav/prefix_override:/home/leow/colcon_ws/install/auto_nav/lib/python3.8/site-packages:${PYTHONPATH} /usr/bin/python3 setup.py develop --editable --build-directory /home/leow/colcon_ws/build/auto_nav/build --no-deps install_data
[1.209s] Level 1:colcon.colcon_core.environment:checking '/home/leow/colcon_ws/install/auto_nav' for CMake config files
[1.210s] Level 1:colcon.colcon_core.environment:checking '/home/leow/colcon_ws/install/auto_nav/lib'
[1.210s] Level 1:colcon.colcon_core.environment:checking '/home/leow/colcon_ws/install/auto_nav/bin'
[1.210s] Level 1:colcon.colcon_core.environment:checking '/home/leow/colcon_ws/install/auto_nav/lib/pkgconfig/auto_nav.pc'
[1.210s] Level 1:colcon.colcon_core.environment:checking '/home/leow/colcon_ws/install/auto_nav/lib/python3.8/site-packages'
[1.210s] Level 1:colcon.colcon_core.shell:create_environment_hook('auto_nav', 'pythonpath')
[1.212s] INFO:colcon.colcon_core.shell:Creating environment hook '/home/leow/colcon_ws/install/auto_nav/share/auto_nav/hook/pythonpath.ps1'
[1.212s] INFO:colcon.colcon_core.shell:Creating environment descriptor '/home/leow/colcon_ws/install/auto_nav/share/auto_nav/hook/pythonpath.dsv'
[1.212s] INFO:colcon.colcon_core.shell:Creating environment hook '/home/leow/colcon_ws/install/auto_nav/share/auto_nav/hook/pythonpath.sh'
[1.213s] Level 1:colcon.colcon_core.environment:checking '/home/leow/colcon_ws/install/auto_nav/bin'
[1.213s] Level 1:colcon.colcon_core.environment:create_environment_scripts_only(auto_nav)
[1.215s] INFO:colcon.colcon_core.shell:Creating package script '/home/leow/colcon_ws/install/auto_nav/share/auto_nav/package.ps1'
[1.215s] INFO:colcon.colcon_core.shell:Creating package descriptor '/home/leow/colcon_ws/install/auto_nav/share/auto_nav/package.dsv'
[1.216s] INFO:colcon.colcon_core.shell:Creating package script '/home/leow/colcon_ws/install/auto_nav/share/auto_nav/package.sh'
[1.216s] INFO:colcon.colcon_core.shell:Creating package script '/home/leow/colcon_ws/install/auto_nav/share/auto_nav/package.bash'
[1.217s] INFO:colcon.colcon_core.shell:Creating package script '/home/leow/colcon_ws/install/auto_nav/share/auto_nav/package.zsh'
[1.217s] Level 1:colcon.colcon_core.environment:create_file_with_runtime_dependencies(/home/leow/colcon_ws/install/auto_nav/share/colcon-core/packages/auto_nav)
[1.218s] Level 1:colcon.colcon_core.shell:create_environment_hook('py_pubsub', 'pythonpath_develop')
[1.219s] DEBUG:colcon.colcon_core.event_handler.log_command:Invoked command in '/home/leow/colcon_ws/build/py_pubsub' returned '0': PYTHONPATH=/home/leow/colcon_ws/build/py_pubsub/prefix_override:/home/leow/colcon_ws/install/py_pubsub/lib/python3.8/site-packages:${PYTHONPATH} /usr/bin/python3 setup.py develop --editable --build-directory /home/leow/colcon_ws/build/py_pubsub/build --no-deps install_data
[1.220s] INFO:colcon.colcon_core.shell:Creating environment hook '/home/leow/colcon_ws/build/py_pubsub/share/py_pubsub/hook/pythonpath_develop.ps1'
[1.220s] INFO:colcon.colcon_core.shell:Creating environment descriptor '/home/leow/colcon_ws/build/py_pubsub/share/py_pubsub/hook/pythonpath_develop.dsv'
[1.220s] INFO:colcon.colcon_core.shell:Creating environment hook '/home/leow/colcon_ws/build/py_pubsub/share/py_pubsub/hook/pythonpath_develop.sh'
[1.222s] Level 1:colcon.colcon_core.environment:checking '/home/leow/colcon_ws/install/py_pubsub' for CMake module files
[1.222s] Level 1:colcon.colcon_core.environment:checking '/home/leow/colcon_ws/install/py_pubsub' for CMake config files
[1.222s] Level 1:colcon.colcon_core.environment:checking '/home/leow/colcon_ws/install/py_pubsub/lib'
[1.222s] Level 1:colcon.colcon_core.environment:checking '/home/leow/colcon_ws/install/py_pubsub/bin'
[1.222s] Level 1:colcon.colcon_core.environment:checking '/home/leow/colcon_ws/install/py_pubsub/lib/pkgconfig/py_pubsub.pc'
[1.222s] Level 1:colcon.colcon_core.environment:checking '/home/leow/colcon_ws/install/py_pubsub/lib/python3.8/site-packages'
[1.222s] Level 1:colcon.colcon_core.shell:create_environment_hook('py_pubsub', 'pythonpath')
[1.223s] INFO:colcon.colcon_core.shell:Creating environment hook '/home/leow/colcon_ws/install/py_pubsub/share/py_pubsub/hook/pythonpath.ps1'
[1.223s] INFO:colcon.colcon_core.shell:Creating environment descriptor '/home/leow/colcon_ws/install/py_pubsub/share/py_pubsub/hook/pythonpath.dsv'
[1.224s] INFO:colcon.colcon_core.shell:Creating environment hook '/home/leow/colcon_ws/install/py_pubsub/share/py_pubsub/hook/pythonpath.sh'
[1.224s] Level 1:colcon.colcon_core.environment:checking '/home/leow/colcon_ws/install/py_pubsub/bin'
[1.224s] Level 1:colcon.colcon_core.environment:create_environment_scripts_only(py_pubsub)
[1.225s] INFO:colcon.colcon_core.shell:Creating package script '/home/leow/colcon_ws/install/py_pubsub/share/py_pubsub/package.ps1'
[1.225s] INFO:colcon.colcon_core.shell:Creating package descriptor '/home/leow/colcon_ws/install/py_pubsub/share/py_pubsub/package.dsv'
[1.225s] INFO:colcon.colcon_core.shell:Creating package script '/home/leow/colcon_ws/install/py_pubsub/share/py_pubsub/package.sh'
[1.226s] INFO:colcon.colcon_core.shell:Creating package script '/home/leow/colcon_ws/install/py_pubsub/share/py_pubsub/package.bash'
[1.226s] INFO:colcon.colcon_core.shell:Creating package script '/home/leow/colcon_ws/install/py_pubsub/share/py_pubsub/package.zsh'
[1.226s] Level 1:colcon.colcon_core.environment:create_file_with_runtime_dependencies(/home/leow/colcon_ws/install/py_pubsub/share/colcon-core/packages/py_pubsub)
[1.226s] DEBUG:colcon.colcon_parallel_executor.executor.parallel:closing loop
[1.227s] DEBUG:colcon.colcon_parallel_executor.executor.parallel:loop closed
[1.227s] DEBUG:colcon.colcon_parallel_executor.executor.parallel:run_until_complete finished with '0'
[1.227s] DEBUG:colcon.colcon_core.event_reactor:joining thread
[1.231s] INFO:colcon.colcon_core.plugin_system:Skipping extension 'colcon_notification.desktop_notification.terminal_notifier': Not used on non-Darwin systems
[1.231s] INFO:colcon.colcon_core.plugin_system:Skipping extension 'colcon_notification.desktop_notification.win32': Not used on non-Windows systems
[1.231s] INFO:colcon.colcon_notification.desktop_notification:Sending desktop notification using 'notify2'
[1.244s] DEBUG:colcon.colcon_core.event_reactor:joined thread
[1.245s] INFO:colcon.colcon_core.shell:Creating prefix script '/home/leow/colcon_ws/install/local_setup.ps1'
[1.246s] INFO:colcon.colcon_core.shell:Creating prefix util module '/home/leow/colcon_ws/install/_local_setup_util_ps1.py'
[1.247s] INFO:colcon.colcon_core.shell:Creating prefix chain script '/home/leow/colcon_ws/install/setup.ps1'
[1.248s] INFO:colcon.colcon_core.shell:Creating prefix script '/home/leow/colcon_ws/install/local_setup.sh'
[1.248s] INFO:colcon.colcon_core.shell:Creating prefix util module '/home/leow/colcon_ws/install/_local_setup_util_sh.py'
[1.249s] INFO:colcon.colcon_core.shell:Creating prefix chain script '/home/leow/colcon_ws/install/setup.sh'
[1.250s] INFO:colcon.colcon_core.shell:Creating prefix script '/home/leow/colcon_ws/install/local_setup.bash'
[1.250s] INFO:colcon.colcon_core.shell:Creating prefix chain script '/home/leow/colcon_ws/install/setup.bash'
[1.251s] INFO:colcon.colcon_core.shell:Creating prefix script '/home/leow/colcon_ws/install/local_setup.zsh'
[1.251s] INFO:colcon.colcon_core.shell:Creating prefix chain script '/home/leow/colcon_ws/install/setup.zsh'
