[0.724s] Invoking command in '/home/leow/colcon_ws/build/auto_nav': PYTHONPATH=/home/leow/colcon_ws/build/auto_nav/prefix_override:/home/leow/colcon_ws/install/auto_nav/lib/python3.8/site-packages:${PYTHONPATH} /usr/bin/python3 setup.py develop --editable --build-directory /home/leow/colcon_ws/build/auto_nav/build --no-deps install_data
[0.854s] running develop
[0.920s] running egg_info
[0.920s] writing auto_nav.egg-info/PKG-INFO
[0.920s] writing dependency_links to auto_nav.egg-info/dependency_links.txt
[0.920s] writing entry points to auto_nav.egg-info/entry_points.txt
[0.921s] writing requirements to auto_nav.egg-info/requires.txt
[0.921s] writing top-level names to auto_nav.egg-info/top_level.txt
[0.940s] reading manifest file 'auto_nav.egg-info/SOURCES.txt'
[0.940s] writing manifest file 'auto_nav.egg-info/SOURCES.txt'
[0.960s] running build_ext
[0.960s] Creating /home/leow/colcon_ws/install/auto_nav/lib/python3.8/site-packages/auto-nav.egg-link (link to .)
[0.961s] Installing r2auto_nav script to /home/leow/colcon_ws/install/auto_nav/lib/auto_nav
[0.961s] Installing r2mover script to /home/leow/colcon_ws/install/auto_nav/lib/auto_nav
[0.961s] Installing r2moverotate script to /home/leow/colcon_ws/install/auto_nav/lib/auto_nav
[0.961s] Installing r2occupancy script to /home/leow/colcon_ws/install/auto_nav/lib/auto_nav
[0.961s] Installing r2occupancy2 script to /home/leow/colcon_ws/install/auto_nav/lib/auto_nav
[0.961s] Installing r2scanner script to /home/leow/colcon_ws/install/auto_nav/lib/auto_nav
[0.961s] Installing turtle_nav script to /home/leow/colcon_ws/install/auto_nav/lib/auto_nav
[0.961s] 
[0.961s] Installed /home/leow/colcon_ws/build/auto_nav
[0.961s] running install_data
[0.989s] Invoked command in '/home/leow/colcon_ws/build/auto_nav' returned '0': PYTHONPATH=/home/leow/colcon_ws/build/auto_nav/prefix_override:/home/leow/colcon_ws/install/auto_nav/lib/python3.8/site-packages:${PYTHONPATH} /usr/bin/python3 setup.py develop --editable --build-directory /home/leow/colcon_ws/build/auto_nav/build --no-deps install_data
