[0.785s] Invoking command in '/home/leow/colcon_ws/build/auto_nav': PYTHONPATH=/home/leow/colcon_ws/build/auto_nav/prefix_override:/home/leow/colcon_ws/install/auto_nav/lib/python3.8/site-packages:${PYTHONPATH} /usr/bin/python3 setup.py develop --editable --build-directory /home/leow/colcon_ws/build/auto_nav/build --no-deps install_data
[0.926s] running develop
[0.990s] running egg_info
[0.990s] writing auto_nav.egg-info/PKG-INFO
[0.990s] writing dependency_links to auto_nav.egg-info/dependency_links.txt
[0.990s] writing entry points to auto_nav.egg-info/entry_points.txt
[0.990s] writing requirements to auto_nav.egg-info/requires.txt
[0.991s] writing top-level names to auto_nav.egg-info/top_level.txt
[1.010s] reading manifest file 'auto_nav.egg-info/SOURCES.txt'
[1.011s] writing manifest file 'auto_nav.egg-info/SOURCES.txt'
[1.031s] running build_ext
[1.032s] Creating /home/leow/colcon_ws/install/auto_nav/lib/python3.8/site-packages/auto-nav.egg-link (link to .)
[1.032s] Installing r2auto_nav script to /home/leow/colcon_ws/install/auto_nav/lib/auto_nav
[1.032s] Installing r2mover script to /home/leow/colcon_ws/install/auto_nav/lib/auto_nav
[1.032s] Installing r2moverotate script to /home/leow/colcon_ws/install/auto_nav/lib/auto_nav
[1.032s] Installing r2occupancy script to /home/leow/colcon_ws/install/auto_nav/lib/auto_nav
[1.032s] Installing r2occupancy2 script to /home/leow/colcon_ws/install/auto_nav/lib/auto_nav
[1.032s] Installing r2scanner script to /home/leow/colcon_ws/install/auto_nav/lib/auto_nav
[1.032s] Installing turtle_nav script to /home/leow/colcon_ws/install/auto_nav/lib/auto_nav
[1.032s] 
[1.032s] Installed /home/leow/colcon_ws/build/auto_nav
[1.032s] running install_data
[1.067s] Invoked command in '/home/leow/colcon_ws/build/auto_nav' returned '0': PYTHONPATH=/home/leow/colcon_ws/build/auto_nav/prefix_override:/home/leow/colcon_ws/install/auto_nav/lib/python3.8/site-packages:${PYTHONPATH} /usr/bin/python3 setup.py develop --editable --build-directory /home/leow/colcon_ws/build/auto_nav/build --no-deps install_data
