[0.517s] Invoking command in '/home/leow/colcon_ws/src/auto_nav': PYTHONPATH=/home/leow/colcon_ws/build/auto_nav/prefix_override:/home/leow/colcon_ws/install/auto_nav/lib/python3.8/site-packages:${PYTHONPATH} /usr/bin/python3 setup.py egg_info --egg-base ../../build/auto_nav build --build-base /home/leow/colcon_ws/build/auto_nav/build install --record /home/leow/colcon_ws/build/auto_nav/install.log --install-scripts $base/lib/auto_nav --single-version-externally-managed
[0.629s] running egg_info
[0.629s] writing ../../build/auto_nav/auto_nav.egg-info/PKG-INFO
[0.629s] writing dependency_links to ../../build/auto_nav/auto_nav.egg-info/dependency_links.txt
[0.629s] writing entry points to ../../build/auto_nav/auto_nav.egg-info/entry_points.txt
[0.629s] writing requirements to ../../build/auto_nav/auto_nav.egg-info/requires.txt
[0.630s] writing top-level names to ../../build/auto_nav/auto_nav.egg-info/top_level.txt
[0.650s] reading manifest file '../../build/auto_nav/auto_nav.egg-info/SOURCES.txt'
[0.650s] writing manifest file '../../build/auto_nav/auto_nav.egg-info/SOURCES.txt'
[0.650s] running build
[0.650s] running build_py
[0.651s] running install
[0.651s] running install_lib
[0.652s] running install_data
[0.652s] running install_egg_info
[0.653s] removing '/home/leow/colcon_ws/install/auto_nav/lib/python3.8/site-packages/auto_nav-0.0.0-py3.8.egg-info' (and everything under it)
[0.653s] Copying ../../build/auto_nav/auto_nav.egg-info to /home/leow/colcon_ws/install/auto_nav/lib/python3.8/site-packages/auto_nav-0.0.0-py3.8.egg-info
[0.653s] running install_scripts
[0.664s] Installing r2auto_nav script to /home/leow/colcon_ws/install/auto_nav/lib/auto_nav
[0.664s] Installing r2mover script to /home/leow/colcon_ws/install/auto_nav/lib/auto_nav
[0.664s] Installing r2moverotate script to /home/leow/colcon_ws/install/auto_nav/lib/auto_nav
[0.664s] Installing r2occupancy script to /home/leow/colcon_ws/install/auto_nav/lib/auto_nav
[0.664s] Installing r2occupancy2 script to /home/leow/colcon_ws/install/auto_nav/lib/auto_nav
[0.665s] Installing r2scanner script to /home/leow/colcon_ws/install/auto_nav/lib/auto_nav
[0.665s] writing list of installed files to '/home/leow/colcon_ws/build/auto_nav/install.log'
[0.679s] Invoked command in '/home/leow/colcon_ws/src/auto_nav' returned '0': PYTHONPATH=/home/leow/colcon_ws/build/auto_nav/prefix_override:/home/leow/colcon_ws/install/auto_nav/lib/python3.8/site-packages:${PYTHONPATH} /usr/bin/python3 setup.py egg_info --egg-base ../../build/auto_nav build --build-base /home/leow/colcon_ws/build/auto_nav/build install --record /home/leow/colcon_ws/build/auto_nav/install.log --install-scripts $base/lib/auto_nav --single-version-externally-managed
