[0.090s] DEBUG:colcon:Command line arguments: ['/usr/bin/colcon', 'build', '--symlink-install']
[0.090s] DEBUG:colcon:Parsed command line arguments: Namespace(allow_overriding=[], ament_cmake_args=None, base_paths=['.'], build_base='build', catkin_cmake_args=None, catkin_skip_building_tests=False, cmake_args=None, cmake_clean_cache=False, cmake_clean_first=False, cmake_force_configure=False, cmake_target=None, cmake_target_skip_unavailable=False, continue_on_error=False, event_handlers=None, executor='parallel', ignore_user_meta=False, install_base='install', log_base=None, log_level=None, main=<bound method BuildVerb.main of <colcon_core.verb.build.BuildVerb object at 0x7f46e81a7160>>, merge_install=False, metas=['./colcon.meta'], packages_above=None, packages_above_and_dependencies=None, packages_above_depth=None, packages_end=None, packages_ignore=None, packages_ignore_regex=None, packages_select=None, packages_select_build_failed=False, packages_select_by_dep=None, packages_select_regex=None, packages_select_test_failures=False, packages_skip=None, packages_skip_build_finished=False, packages_skip_by_dep=None, packages_skip_regex=None, packages_skip_test_passed=False, packages_skip_up_to=None, packages_start=None, packages_up_to=None, packages_up_to_regex=None, parallel_workers=20, paths=None, symlink_install=True, test_result_base=None, verb_extension=<colcon_core.verb.build.BuildVerb object at 0x7f46e81a7160>, verb_name='build', verb_parser=<colcon_defaults.argument_parser.defaults.DefaultArgumentsDecorator object at 0x7f46e81a76a0>)
[0.105s] Level 1:colcon.colcon_core.package_discovery:discover_packages(colcon_meta) check parameters
[0.105s] Level 1:colcon.colcon_core.package_discovery:discover_packages(recursive) check parameters
[0.105s] Level 1:colcon.colcon_core.package_discovery:discover_packages(ignore) check parameters
[0.105s] Level 1:colcon.colcon_core.package_discovery:discover_packages(path) check parameters
[0.105s] Level 1:colcon.colcon_core.package_discovery:discover_packages(colcon_meta) discover
[0.105s] Level 1:colcon.colcon_core.package_discovery:discover_packages(recursive) discover
[0.105s] INFO:colcon.colcon_core.package_discovery:Crawling recursively for packages in '/home/leow/colcon_ws'
[0.105s] Level 1:colcon.colcon_core.package_identification:_identify(.) by extensions ['ignore', 'ignore_ament_install']
[0.105s] Level 1:colcon.colcon_core.package_identification:_identify(.) by extension 'ignore'
[0.105s] Level 1:colcon.colcon_core.package_identification:_identify(.) by extension 'ignore_ament_install'
[0.105s] Level 1:colcon.colcon_core.package_identification:_identify(.) by extensions ['colcon_pkg']
[0.105s] Level 1:colcon.colcon_core.package_identification:_identify(.) by extension 'colcon_pkg'
[0.105s] Level 1:colcon.colcon_core.package_identification:_identify(.) by extensions ['colcon_meta']
[0.105s] Level 1:colcon.colcon_core.package_identification:_identify(.) by extension 'colcon_meta'
[0.105s] Level 1:colcon.colcon_core.package_identification:_identify(.) by extensions ['ros']
[0.105s] Level 1:colcon.colcon_core.package_identification:_identify(.) by extension 'ros'
[0.112s] Level 1:colcon.colcon_core.package_identification:_identify(.) by extensions ['cmake', 'python']
[0.112s] Level 1:colcon.colcon_core.package_identification:_identify(.) by extension 'cmake'
[0.112s] Level 1:colcon.colcon_core.package_identification:_identify(.) by extension 'python'
[0.112s] Level 1:colcon.colcon_core.package_identification:_identify(.) by extensions ['python_setup_py']
[0.113s] Level 1:colcon.colcon_core.package_identification:_identify(.) by extension 'python_setup_py'
[0.113s] Level 1:colcon.colcon_core.package_identification:_identify(build) by extensions ['ignore', 'ignore_ament_install']
[0.113s] Level 1:colcon.colcon_core.package_identification:_identify(build) by extension 'ignore'
[0.113s] Level 1:colcon.colcon_core.package_identification:_identify(build) ignored
[0.113s] Level 1:colcon.colcon_core.package_identification:_identify(install) by extensions ['ignore', 'ignore_ament_install']
[0.113s] Level 1:colcon.colcon_core.package_identification:_identify(install) by extension 'ignore'
[0.113s] Level 1:colcon.colcon_core.package_identification:_identify(install) ignored
[0.113s] Level 1:colcon.colcon_core.package_identification:_identify(log) by extensions ['ignore', 'ignore_ament_install']
[0.113s] Level 1:colcon.colcon_core.package_identification:_identify(log) by extension 'ignore'
[0.113s] Level 1:colcon.colcon_core.package_identification:_identify(log) ignored
[0.113s] Level 1:colcon.colcon_core.package_identification:_identify(src) by extensions ['ignore', 'ignore_ament_install']
[0.113s] Level 1:colcon.colcon_core.package_identification:_identify(src) by extension 'ignore'
[0.113s] Level 1:colcon.colcon_core.package_identification:_identify(src) by extension 'ignore_ament_install'
[0.113s] Level 1:colcon.colcon_core.package_identification:_identify(src) by extensions ['colcon_pkg']
[0.113s] Level 1:colcon.colcon_core.package_identification:_identify(src) by extension 'colcon_pkg'
[0.113s] Level 1:colcon.colcon_core.package_identification:_identify(src) by extensions ['colcon_meta']
[0.113s] Level 1:colcon.colcon_core.package_identification:_identify(src) by extension 'colcon_meta'
[0.113s] Level 1:colcon.colcon_core.package_identification:_identify(src) by extensions ['ros']
[0.113s] Level 1:colcon.colcon_core.package_identification:_identify(src) by extension 'ros'
[0.113s] Level 1:colcon.colcon_core.package_identification:_identify(src) by extensions ['cmake', 'python']
[0.113s] Level 1:colcon.colcon_core.package_identification:_identify(src) by extension 'cmake'
[0.113s] Level 1:colcon.colcon_core.package_identification:_identify(src) by extension 'python'
[0.113s] Level 1:colcon.colcon_core.package_identification:_identify(src) by extensions ['python_setup_py']
[0.113s] Level 1:colcon.colcon_core.package_identification:_identify(src) by extension 'python_setup_py'
[0.113s] Level 1:colcon.colcon_core.package_identification:_identify(src/auto_nav) by extensions ['ignore', 'ignore_ament_install']
[0.113s] Level 1:colcon.colcon_core.package_identification:_identify(src/auto_nav) by extension 'ignore'
[0.113s] Level 1:colcon.colcon_core.package_identification:_identify(src/auto_nav) by extension 'ignore_ament_install'
[0.113s] Level 1:colcon.colcon_core.package_identification:_identify(src/auto_nav) by extensions ['colcon_pkg']
[0.113s] Level 1:colcon.colcon_core.package_identification:_identify(src/auto_nav) by extension 'colcon_pkg'
[0.114s] Level 1:colcon.colcon_core.package_identification:_identify(src/auto_nav) by extensions ['colcon_meta']
[0.114s] Level 1:colcon.colcon_core.package_identification:_identify(src/auto_nav) by extension 'colcon_meta'
[0.114s] Level 1:colcon.colcon_core.package_identification:_identify(src/auto_nav) by extensions ['ros']
[0.114s] Level 1:colcon.colcon_core.package_identification:_identify(src/auto_nav) by extension 'ros'
[0.115s] DEBUG:colcon.colcon_core.package_identification:Package 'src/auto_nav' with type 'ros.ament_python' and name 'auto_nav'
[0.115s] Level 1:colcon.colcon_core.package_identification:_identify(src/py_pubsub) by extensions ['ignore', 'ignore_ament_install']
[0.115s] Level 1:colcon.colcon_core.package_identification:_identify(src/py_pubsub) by extension 'ignore'
[0.115s] Level 1:colcon.colcon_core.package_identification:_identify(src/py_pubsub) by extension 'ignore_ament_install'
[0.115s] Level 1:colcon.colcon_core.package_identification:_identify(src/py_pubsub) by extensions ['colcon_pkg']
[0.115s] Level 1:colcon.colcon_core.package_identification:_identify(src/py_pubsub) by extension 'colcon_pkg'
[0.115s] Level 1:colcon.colcon_core.package_identification:_identify(src/py_pubsub) by extensions ['colcon_meta']
[0.115s] Level 1:colcon.colcon_core.package_identification:_identify(src/py_pubsub) by extension 'colcon_meta'
[0.115s] Level 1:colcon.colcon_core.package_identification:_identify(src/py_pubsub) by extensions ['ros']
[0.115s] Level 1:colcon.colcon_core.package_identification:_identify(src/py_pubsub) by extension 'ros'
[0.116s] DEBUG:colcon.colcon_core.package_identification:Package 'src/py_pubsub' with type 'ros.ament_python' and name 'py_pubsub'
[0.116s] Level 1:colcon.colcon_core.package_identification:_identify(src/turtlebot3_simulations) by extensions ['ignore', 'ignore_ament_install']
[0.116s] Level 1:colcon.colcon_core.package_identification:_identify(src/turtlebot3_simulations) by extension 'ignore'
[0.116s] Level 1:colcon.colcon_core.package_identification:_identify(src/turtlebot3_simulations) by extension 'ignore_ament_install'
[0.116s] Level 1:colcon.colcon_core.package_identification:_identify(src/turtlebot3_simulations) by extensions ['colcon_pkg']
[0.116s] Level 1:colcon.colcon_core.package_identification:_identify(src/turtlebot3_simulations) by extension 'colcon_pkg'
[0.116s] Level 1:colcon.colcon_core.package_identification:_identify(src/turtlebot3_simulations) by extensions ['colcon_meta']
[0.116s] Level 1:colcon.colcon_core.package_identification:_identify(src/turtlebot3_simulations) by extension 'colcon_meta'
[0.116s] Level 1:colcon.colcon_core.package_identification:_identify(src/turtlebot3_simulations) by extensions ['ros']
[0.116s] Level 1:colcon.colcon_core.package_identification:_identify(src/turtlebot3_simulations) by extension 'ros'
[0.116s] Level 1:colcon.colcon_core.package_identification:_identify(src/turtlebot3_simulations) by extensions ['cmake', 'python']
[0.116s] Level 1:colcon.colcon_core.package_identification:_identify(src/turtlebot3_simulations) by extension 'cmake'
[0.116s] Level 1:colcon.colcon_core.package_identification:_identify(src/turtlebot3_simulations) by extension 'python'
[0.116s] Level 1:colcon.colcon_core.package_identification:_identify(src/turtlebot3_simulations) by extensions ['python_setup_py']
[0.116s] Level 1:colcon.colcon_core.package_identification:_identify(src/turtlebot3_simulations) by extension 'python_setup_py'
[0.116s] Level 1:colcon.colcon_core.package_identification:_identify(src/turtlebot3_simulations/turtlebot3_fake_node) by extensions ['ignore', 'ignore_ament_install']
[0.116s] Level 1:colcon.colcon_core.package_identification:_identify(src/turtlebot3_simulations/turtlebot3_fake_node) by extension 'ignore'
[0.116s] Level 1:colcon.colcon_core.package_identification:_identify(src/turtlebot3_simulations/turtlebot3_fake_node) by extension 'ignore_ament_install'
[0.116s] Level 1:colcon.colcon_core.package_identification:_identify(src/turtlebot3_simulations/turtlebot3_fake_node) by extensions ['colcon_pkg']
[0.116s] Level 1:colcon.colcon_core.package_identification:_identify(src/turtlebot3_simulations/turtlebot3_fake_node) by extension 'colcon_pkg'
[0.116s] Level 1:colcon.colcon_core.package_identification:_identify(src/turtlebot3_simulations/turtlebot3_fake_node) by extensions ['colcon_meta']
[0.116s] Level 1:colcon.colcon_core.package_identification:_identify(src/turtlebot3_simulations/turtlebot3_fake_node) by extension 'colcon_meta'
[0.116s] Level 1:colcon.colcon_core.package_identification:_identify(src/turtlebot3_simulations/turtlebot3_fake_node) by extensions ['ros']
[0.116s] Level 1:colcon.colcon_core.package_identification:_identify(src/turtlebot3_simulations/turtlebot3_fake_node) by extension 'ros'
[0.117s] DEBUG:colcon.colcon_core.package_identification:Package 'src/turtlebot3_simulations/turtlebot3_fake_node' with type 'ros.ament_cmake' and name 'turtlebot3_fake_node'
[0.117s] Level 1:colcon.colcon_core.package_identification:_identify(src/turtlebot3_simulations/turtlebot3_gazebo) by extensions ['ignore', 'ignore_ament_install']
[0.117s] Level 1:colcon.colcon_core.package_identification:_identify(src/turtlebot3_simulations/turtlebot3_gazebo) by extension 'ignore'
[0.117s] Level 1:colcon.colcon_core.package_identification:_identify(src/turtlebot3_simulations/turtlebot3_gazebo) by extension 'ignore_ament_install'
[0.117s] Level 1:colcon.colcon_core.package_identification:_identify(src/turtlebot3_simulations/turtlebot3_gazebo) by extensions ['colcon_pkg']
[0.117s] Level 1:colcon.colcon_core.package_identification:_identify(src/turtlebot3_simulations/turtlebot3_gazebo) by extension 'colcon_pkg'
[0.117s] Level 1:colcon.colcon_core.package_identification:_identify(src/turtlebot3_simulations/turtlebot3_gazebo) by extensions ['colcon_meta']
[0.117s] Level 1:colcon.colcon_core.package_identification:_identify(src/turtlebot3_simulations/turtlebot3_gazebo) by extension 'colcon_meta'
[0.117s] Level 1:colcon.colcon_core.package_identification:_identify(src/turtlebot3_simulations/turtlebot3_gazebo) by extensions ['ros']
[0.117s] Level 1:colcon.colcon_core.package_identification:_identify(src/turtlebot3_simulations/turtlebot3_gazebo) by extension 'ros'
[0.119s] DEBUG:colcon.colcon_core.package_identification:Package 'src/turtlebot3_simulations/turtlebot3_gazebo' with type 'ros.ament_cmake' and name 'turtlebot3_gazebo'
[0.119s] Level 1:colcon.colcon_core.package_identification:_identify(src/turtlebot3_simulations/turtlebot3_simulations) by extensions ['ignore', 'ignore_ament_install']
[0.119s] Level 1:colcon.colcon_core.package_identification:_identify(src/turtlebot3_simulations/turtlebot3_simulations) by extension 'ignore'
[0.119s] Level 1:colcon.colcon_core.package_identification:_identify(src/turtlebot3_simulations/turtlebot3_simulations) by extension 'ignore_ament_install'
[0.119s] Level 1:colcon.colcon_core.package_identification:_identify(src/turtlebot3_simulations/turtlebot3_simulations) by extensions ['colcon_pkg']
[0.119s] Level 1:colcon.colcon_core.package_identification:_identify(src/turtlebot3_simulations/turtlebot3_simulations) by extension 'colcon_pkg'
[0.119s] Level 1:colcon.colcon_core.package_identification:_identify(src/turtlebot3_simulations/turtlebot3_simulations) by extensions ['colcon_meta']
[0.119s] Level 1:colcon.colcon_core.package_identification:_identify(src/turtlebot3_simulations/turtlebot3_simulations) by extension 'colcon_meta'
[0.119s] Level 1:colcon.colcon_core.package_identification:_identify(src/turtlebot3_simulations/turtlebot3_simulations) by extensions ['ros']
[0.119s] Level 1:colcon.colcon_core.package_identification:_identify(src/turtlebot3_simulations/turtlebot3_simulations) by extension 'ros'
[0.119s] DEBUG:colcon.colcon_core.package_identification:Package 'src/turtlebot3_simulations/turtlebot3_simulations' with type 'ros.ament_cmake' and name 'turtlebot3_simulations'
[0.119s] Level 1:colcon.colcon_core.package_discovery:discover_packages(recursive) using defaults
[0.119s] Level 1:colcon.colcon_core.package_discovery:discover_packages(ignore) discover
[0.119s] Level 1:colcon.colcon_core.package_discovery:discover_packages(ignore) using defaults
[0.119s] Level 1:colcon.colcon_core.package_discovery:discover_packages(path) discover
[0.119s] Level 1:colcon.colcon_core.package_discovery:discover_packages(path) using defaults
[0.137s] Level 1:colcon.colcon_core.package_discovery:discover_packages(prefix_path) check parameters
[0.137s] Level 1:colcon.colcon_core.package_discovery:discover_packages(prefix_path) discover
[0.139s] DEBUG:colcon.colcon_installed_package_information.package_discovery:Found 5 installed packages in /home/leow/colcon_ws/install
[0.140s] DEBUG:colcon.colcon_installed_package_information.package_discovery:Found 333 installed packages in /opt/ros/foxy
[0.141s] Level 1:colcon.colcon_core.package_discovery:discover_packages(prefix_path) using defaults
[0.182s] Level 5:colcon.colcon_core.verb:set package 'auto_nav' build argument 'cmake_args' from command line to 'None'
[0.182s] Level 5:colcon.colcon_core.verb:set package 'auto_nav' build argument 'cmake_target' from command line to 'None'
[0.182s] Level 5:colcon.colcon_core.verb:set package 'auto_nav' build argument 'cmake_target_skip_unavailable' from command line to 'False'
[0.182s] Level 5:colcon.colcon_core.verb:set package 'auto_nav' build argument 'cmake_clean_cache' from command line to 'False'
[0.182s] Level 5:colcon.colcon_core.verb:set package 'auto_nav' build argument 'cmake_clean_first' from command line to 'False'
[0.182s] Level 5:colcon.colcon_core.verb:set package 'auto_nav' build argument 'cmake_force_configure' from command line to 'False'
[0.182s] Level 5:colcon.colcon_core.verb:set package 'auto_nav' build argument 'ament_cmake_args' from command line to 'None'
[0.182s] Level 5:colcon.colcon_core.verb:set package 'auto_nav' build argument 'catkin_cmake_args' from command line to 'None'
[0.182s] Level 5:colcon.colcon_core.verb:set package 'auto_nav' build argument 'catkin_skip_building_tests' from command line to 'False'
[0.182s] DEBUG:colcon.colcon_core.verb:Building package 'auto_nav' with the following arguments: {'ament_cmake_args': None, 'build_base': '/home/leow/colcon_ws/build/auto_nav', 'catkin_cmake_args': None, 'catkin_skip_building_tests': False, 'cmake_args': None, 'cmake_clean_cache': False, 'cmake_clean_first': False, 'cmake_force_configure': False, 'cmake_target': None, 'cmake_target_skip_unavailable': False, 'install_base': '/home/leow/colcon_ws/install/auto_nav', 'merge_install': False, 'path': '/home/leow/colcon_ws/src/auto_nav', 'symlink_install': True, 'test_result_base': None}
[0.183s] Level 5:colcon.colcon_core.verb:set package 'py_pubsub' build argument 'cmake_args' from command line to 'None'
[0.183s] Level 5:colcon.colcon_core.verb:set package 'py_pubsub' build argument 'cmake_target' from command line to 'None'
[0.183s] Level 5:colcon.colcon_core.verb:set package 'py_pubsub' build argument 'cmake_target_skip_unavailable' from command line to 'False'
[0.183s] Level 5:colcon.colcon_core.verb:set package 'py_pubsub' build argument 'cmake_clean_cache' from command line to 'False'
[0.183s] Level 5:colcon.colcon_core.verb:set package 'py_pubsub' build argument 'cmake_clean_first' from command line to 'False'
[0.183s] Level 5:colcon.colcon_core.verb:set package 'py_pubsub' build argument 'cmake_force_configure' from command line to 'False'
[0.183s] Level 5:colcon.colcon_core.verb:set package 'py_pubsub' build argument 'ament_cmake_args' from command line to 'None'
[0.183s] Level 5:colcon.colcon_core.verb:set package 'py_pubsub' build argument 'catkin_cmake_args' from command line to 'None'
[0.183s] Level 5:colcon.colcon_core.verb:set package 'py_pubsub' build argument 'catkin_skip_building_tests' from command line to 'False'
[0.183s] DEBUG:colcon.colcon_core.verb:Building package 'py_pubsub' with the following arguments: {'ament_cmake_args': None, 'build_base': '/home/leow/colcon_ws/build/py_pubsub', 'catkin_cmake_args': None, 'catkin_skip_building_tests': False, 'cmake_args': None, 'cmake_clean_cache': False, 'cmake_clean_first': False, 'cmake_force_configure': False, 'cmake_target': None, 'cmake_target_skip_unavailable': False, 'install_base': '/home/leow/colcon_ws/install/py_pubsub', 'merge_install': False, 'path': '/home/leow/colcon_ws/src/py_pubsub', 'symlink_install': True, 'test_result_base': None}
[0.184s] Level 5:colcon.colcon_core.verb:set package 'turtlebot3_fake_node' build argument 'cmake_args' from command line to 'None'
[0.184s] Level 5:colcon.colcon_core.verb:set package 'turtlebot3_fake_node' build argument 'cmake_target' from command line to 'None'
[0.184s] Level 5:colcon.colcon_core.verb:set package 'turtlebot3_fake_node' build argument 'cmake_target_skip_unavailable' from command line to 'False'
[0.184s] Level 5:colcon.colcon_core.verb:set package 'turtlebot3_fake_node' build argument 'cmake_clean_cache' from command line to 'False'
[0.184s] Level 5:colcon.colcon_core.verb:set package 'turtlebot3_fake_node' build argument 'cmake_clean_first' from command line to 'False'
[0.184s] Level 5:colcon.colcon_core.verb:set package 'turtlebot3_fake_node' build argument 'cmake_force_configure' from command line to 'False'
[0.184s] Level 5:colcon.colcon_core.verb:set package 'turtlebot3_fake_node' build argument 'ament_cmake_args' from command line to 'None'
[0.184s] Level 5:colcon.colcon_core.verb:set package 'turtlebot3_fake_node' build argument 'catkin_cmake_args' from command line to 'None'
[0.184s] Level 5:colcon.colcon_core.verb:set package 'turtlebot3_fake_node' build argument 'catkin_skip_building_tests' from command line to 'False'
[0.184s] DEBUG:colcon.colcon_core.verb:Building package 'turtlebot3_fake_node' with the following arguments: {'ament_cmake_args': None, 'build_base': '/home/leow/colcon_ws/build/turtlebot3_fake_node', 'catkin_cmake_args': None, 'catkin_skip_building_tests': False, 'cmake_args': None, 'cmake_clean_cache': False, 'cmake_clean_first': False, 'cmake_force_configure': False, 'cmake_target': None, 'cmake_target_skip_unavailable': False, 'install_base': '/home/leow/colcon_ws/install/turtlebot3_fake_node', 'merge_install': False, 'path': '/home/leow/colcon_ws/src/turtlebot3_simulations/turtlebot3_fake_node', 'symlink_install': True, 'test_result_base': None}
[0.184s] Level 5:colcon.colcon_core.verb:set package 'turtlebot3_gazebo' build argument 'cmake_args' from command line to 'None'
[0.184s] Level 5:colcon.colcon_core.verb:set package 'turtlebot3_gazebo' build argument 'cmake_target' from command line to 'None'
[0.184s] Level 5:colcon.colcon_core.verb:set package 'turtlebot3_gazebo' build argument 'cmake_target_skip_unavailable' from command line to 'False'
[0.184s] Level 5:colcon.colcon_core.verb:set package 'turtlebot3_gazebo' build argument 'cmake_clean_cache' from command line to 'False'
[0.184s] Level 5:colcon.colcon_core.verb:set package 'turtlebot3_gazebo' build argument 'cmake_clean_first' from command line to 'False'
[0.184s] Level 5:colcon.colcon_core.verb:set package 'turtlebot3_gazebo' build argument 'cmake_force_configure' from command line to 'False'
[0.184s] Level 5:colcon.colcon_core.verb:set package 'turtlebot3_gazebo' build argument 'ament_cmake_args' from command line to 'None'
[0.184s] Level 5:colcon.colcon_core.verb:set package 'turtlebot3_gazebo' build argument 'catkin_cmake_args' from command line to 'None'
[0.184s] Level 5:colcon.colcon_core.verb:set package 'turtlebot3_gazebo' build argument 'catkin_skip_building_tests' from command line to 'False'
[0.184s] DEBUG:colcon.colcon_core.verb:Building package 'turtlebot3_gazebo' with the following arguments: {'ament_cmake_args': None, 'build_base': '/home/leow/colcon_ws/build/turtlebot3_gazebo', 'catkin_cmake_args': None, 'catkin_skip_building_tests': False, 'cmake_args': None, 'cmake_clean_cache': False, 'cmake_clean_first': False, 'cmake_force_configure': False, 'cmake_target': None, 'cmake_target_skip_unavailable': False, 'install_base': '/home/leow/colcon_ws/install/turtlebot3_gazebo', 'merge_install': False, 'path': '/home/leow/colcon_ws/src/turtlebot3_simulations/turtlebot3_gazebo', 'symlink_install': True, 'test_result_base': None}
[0.185s] Level 5:colcon.colcon_core.verb:set package 'turtlebot3_simulations' build argument 'cmake_args' from command line to 'None'
[0.185s] Level 5:colcon.colcon_core.verb:set package 'turtlebot3_simulations' build argument 'cmake_target' from command line to 'None'
[0.185s] Level 5:colcon.colcon_core.verb:set package 'turtlebot3_simulations' build argument 'cmake_target_skip_unavailable' from command line to 'False'
[0.185s] Level 5:colcon.colcon_core.verb:set package 'turtlebot3_simulations' build argument 'cmake_clean_cache' from command line to 'False'
[0.185s] Level 5:colcon.colcon_core.verb:set package 'turtlebot3_simulations' build argument 'cmake_clean_first' from command line to 'False'
[0.185s] Level 5:colcon.colcon_core.verb:set package 'turtlebot3_simulations' build argument 'cmake_force_configure' from command line to 'False'
[0.185s] Level 5:colcon.colcon_core.verb:set package 'turtlebot3_simulations' build argument 'ament_cmake_args' from command line to 'None'
[0.185s] Level 5:colcon.colcon_core.verb:set package 'turtlebot3_simulations' build argument 'catkin_cmake_args' from command line to 'None'
[0.185s] Level 5:colcon.colcon_core.verb:set package 'turtlebot3_simulations' build argument 'catkin_skip_building_tests' from command line to 'False'
[0.185s] DEBUG:colcon.colcon_core.verb:Building package 'turtlebot3_simulations' with the following arguments: {'ament_cmake_args': None, 'build_base': '/home/leow/colcon_ws/build/turtlebot3_simulations', 'catkin_cmake_args': None, 'catkin_skip_building_tests': False, 'cmake_args': None, 'cmake_clean_cache': False, 'cmake_clean_first': False, 'cmake_force_configure': False, 'cmake_target': None, 'cmake_target_skip_unavailable': False, 'install_base': '/home/leow/colcon_ws/install/turtlebot3_simulations', 'merge_install': False, 'path': '/home/leow/colcon_ws/src/turtlebot3_simulations/turtlebot3_simulations', 'symlink_install': True, 'test_result_base': None}
[0.186s] INFO:colcon.colcon_core.executor:Executing jobs using 'parallel' executor
[0.188s] DEBUG:colcon.colcon_parallel_executor.executor.parallel:run_until_complete
[0.188s] INFO:colcon.colcon_ros.task.ament_cmake.build:Building ROS package in '/home/leow/colcon_ws/src/turtlebot3_simulations/turtlebot3_fake_node' with build type 'ament_cmake'
[0.188s] INFO:colcon.colcon_cmake.task.cmake.build:Building CMake package in '/home/leow/colcon_ws/src/turtlebot3_simulations/turtlebot3_fake_node'
[0.190s] INFO:colcon.colcon_core.plugin_system:Skipping extension 'colcon_core.shell.bat': Not used on non-Windows systems
[0.191s] INFO:colcon.colcon_core.shell:Skip shell extension 'powershell' for command environment: Not usable outside of PowerShell
[0.191s] DEBUG:colcon.colcon_core.shell:Skip shell extension 'dsv' for command environment
[0.195s] INFO:colcon.colcon_ros.task.ament_cmake.build:Building ROS package in '/home/leow/colcon_ws/src/turtlebot3_simulations/turtlebot3_gazebo' with build type 'ament_cmake'
[0.195s] INFO:colcon.colcon_cmake.task.cmake.build:Building CMake package in '/home/leow/colcon_ws/src/turtlebot3_simulations/turtlebot3_gazebo'
[0.196s] INFO:colcon.colcon_core.shell:Skip shell extension 'powershell' for command environment: Not usable outside of PowerShell
[0.196s] DEBUG:colcon.colcon_core.shell:Skip shell extension 'dsv' for command environment
[0.199s] INFO:colcon.colcon_ros.task.ament_python.build:Building ROS package in '/home/leow/colcon_ws/src/auto_nav' with build type 'ament_python'
[0.200s] Level 1:colcon.colcon_core.shell:create_environment_hook('auto_nav', 'ament_prefix_path')
[0.201s] INFO:colcon.colcon_core.shell:Creating environment hook '/home/leow/colcon_ws/install/auto_nav/share/auto_nav/hook/ament_prefix_path.ps1'
[0.201s] INFO:colcon.colcon_core.shell:Creating environment descriptor '/home/leow/colcon_ws/install/auto_nav/share/auto_nav/hook/ament_prefix_path.dsv'
[0.201s] INFO:colcon.colcon_core.shell:Creating environment hook '/home/leow/colcon_ws/install/auto_nav/share/auto_nav/hook/ament_prefix_path.sh'
[0.202s] INFO:colcon.colcon_core.shell:Skip shell extension 'powershell' for command environment: Not usable outside of PowerShell
[0.202s] DEBUG:colcon.colcon_core.shell:Skip shell extension 'dsv' for command environment
[0.207s] INFO:colcon.colcon_ros.task.ament_python.build:Building ROS package in '/home/leow/colcon_ws/src/py_pubsub' with build type 'ament_python'
[0.207s] Level 1:colcon.colcon_core.shell:create_environment_hook('py_pubsub', 'ament_prefix_path')
[0.208s] INFO:colcon.colcon_core.shell:Creating environment hook '/home/leow/colcon_ws/install/py_pubsub/share/py_pubsub/hook/ament_prefix_path.ps1'
[0.209s] INFO:colcon.colcon_core.shell:Creating environment descriptor '/home/leow/colcon_ws/install/py_pubsub/share/py_pubsub/hook/ament_prefix_path.dsv'
[0.209s] INFO:colcon.colcon_core.shell:Creating environment hook '/home/leow/colcon_ws/install/py_pubsub/share/py_pubsub/hook/ament_prefix_path.sh'
[0.210s] INFO:colcon.colcon_core.shell:Skip shell extension 'powershell' for command environment: Not usable outside of PowerShell
[0.210s] DEBUG:colcon.colcon_core.shell:Skip shell extension 'dsv' for command environment
[0.218s] DEBUG:colcon.colcon_core.event_handler.log_command:Invoking command in '/home/leow/colcon_ws/build/turtlebot3_fake_node': CMAKE_PREFIX_PATH=/home/leow/colcon_ws/install/py_pubsub:/home/leow/colcon_ws/install/auto_nav:/opt/ros/foxy /usr/bin/cmake /home/leow/colcon_ws/src/turtlebot3_simulations/turtlebot3_fake_node -DAMENT_CMAKE_SYMLINK_INSTALL=1 -DCMAKE_INSTALL_PREFIX=/home/leow/colcon_ws/install/turtlebot3_fake_node
[0.220s] DEBUG:colcon.colcon_core.event_handler.log_command:Invoking command in '/home/leow/colcon_ws/build/turtlebot3_gazebo': CMAKE_PREFIX_PATH=/home/leow/colcon_ws/install/py_pubsub:/home/leow/colcon_ws/install/auto_nav:/opt/ros/foxy /usr/bin/cmake /home/leow/colcon_ws/src/turtlebot3_simulations/turtlebot3_gazebo -DAMENT_CMAKE_SYMLINK_INSTALL=1 -DCMAKE_INSTALL_PREFIX=/home/leow/colcon_ws/install/turtlebot3_gazebo
[0.348s] INFO:colcon.colcon_core.task.python.build:Building Python package in '/home/leow/colcon_ws/src/auto_nav'
[0.350s] INFO:colcon.colcon_core.shell:Skip shell extension 'powershell' for command environment: Not usable outside of PowerShell
[0.350s] DEBUG:colcon.colcon_core.shell:Skip shell extension 'dsv' for command environment
[0.482s] INFO:colcon.colcon_core.task.python.build:Building Python package in '/home/leow/colcon_ws/src/py_pubsub'
[0.484s] INFO:colcon.colcon_core.shell:Skip shell extension 'powershell' for command environment: Not usable outside of PowerShell
[0.484s] DEBUG:colcon.colcon_core.shell:Skip shell extension 'dsv' for command environment
[0.713s] DEBUG:colcon.colcon_core.task.python.build:While undoing a previous installation files outside the Python library path are being ignored: /home/leow/colcon_ws/install/auto_nav/share/ament_index/resource_index/packages/auto_nav
[0.713s] DEBUG:colcon.colcon_core.task.python.build:While undoing a previous installation files outside the Python library path are being ignored: /home/leow/colcon_ws/install/auto_nav/share/auto_nav/package.xml
[0.713s] DEBUG:colcon.colcon_core.task.python.build:While undoing a previous installation files outside the Python library path are being ignored: /home/leow/colcon_ws/install/auto_nav/lib/auto_nav/r2auto_nav
[0.713s] DEBUG:colcon.colcon_core.task.python.build:While undoing a previous installation files outside the Python library path are being ignored: /home/leow/colcon_ws/install/auto_nav/lib/auto_nav/r2mover
[0.713s] DEBUG:colcon.colcon_core.task.python.build:While undoing a previous installation files outside the Python library path are being ignored: /home/leow/colcon_ws/install/auto_nav/lib/auto_nav/r2moverotate
[0.713s] DEBUG:colcon.colcon_core.task.python.build:While undoing a previous installation files outside the Python library path are being ignored: /home/leow/colcon_ws/install/auto_nav/lib/auto_nav/r2occupancy
[0.713s] DEBUG:colcon.colcon_core.task.python.build:While undoing a previous installation files outside the Python library path are being ignored: /home/leow/colcon_ws/install/auto_nav/lib/auto_nav/r2occupancy2
[0.713s] DEBUG:colcon.colcon_core.task.python.build:While undoing a previous installation files outside the Python library path are being ignored: /home/leow/colcon_ws/install/auto_nav/lib/auto_nav/r2scanner
[0.716s] DEBUG:colcon.colcon_core.event_handler.log_command:Invoking command in '/home/leow/colcon_ws/build/auto_nav': PYTHONPATH=/home/leow/colcon_ws/build/auto_nav/prefix_override:/home/leow/colcon_ws/install/auto_nav/lib/python3.8/site-packages:${PYTHONPATH} /usr/bin/python3 setup.py develop --editable --build-directory /home/leow/colcon_ws/build/auto_nav/build --no-deps install_data
[0.718s] DEBUG:colcon.colcon_core.task.python.build:While undoing a previous installation files outside the Python library path are being ignored: /home/leow/colcon_ws/install/py_pubsub/share/ament_index/resource_index/packages/py_pubsub
[0.718s] DEBUG:colcon.colcon_core.task.python.build:While undoing a previous installation files outside the Python library path are being ignored: /home/leow/colcon_ws/install/py_pubsub/share/py_pubsub/package.xml
[0.718s] DEBUG:colcon.colcon_core.task.python.build:While undoing a previous installation files outside the Python library path are being ignored: /home/leow/colcon_ws/install/py_pubsub/lib/py_pubsub/listener
[0.718s] DEBUG:colcon.colcon_core.task.python.build:While undoing a previous installation files outside the Python library path are being ignored: /home/leow/colcon_ws/install/py_pubsub/lib/py_pubsub/talker
[0.720s] DEBUG:colcon.colcon_core.event_handler.log_command:Invoking command in '/home/leow/colcon_ws/build/py_pubsub': PYTHONPATH=/home/leow/colcon_ws/build/py_pubsub/prefix_override:/home/leow/colcon_ws/install/py_pubsub/lib/python3.8/site-packages:${PYTHONPATH} /usr/bin/python3 setup.py develop --editable --build-directory /home/leow/colcon_ws/build/py_pubsub/build --no-deps install_data
[0.968s] DEBUG:colcon.colcon_core.event_handler.log_command:Invoked command in '/home/leow/colcon_ws/build/turtlebot3_fake_node' returned '0': CMAKE_PREFIX_PATH=/home/leow/colcon_ws/install/py_pubsub:/home/leow/colcon_ws/install/auto_nav:/opt/ros/foxy /usr/bin/cmake /home/leow/colcon_ws/src/turtlebot3_simulations/turtlebot3_fake_node -DAMENT_CMAKE_SYMLINK_INSTALL=1 -DCMAKE_INSTALL_PREFIX=/home/leow/colcon_ws/install/turtlebot3_fake_node
[0.970s] DEBUG:colcon.colcon_core.event_handler.log_command:Invoking command in '/home/leow/colcon_ws/build/turtlebot3_fake_node': CMAKE_PREFIX_PATH=/home/leow/colcon_ws/install/py_pubsub:/home/leow/colcon_ws/install/auto_nav:/opt/ros/foxy /usr/bin/cmake --build /home/leow/colcon_ws/build/turtlebot3_fake_node -- -j20 -l20
[0.972s] Level 1:colcon.colcon_core.shell:create_environment_hook('auto_nav', 'pythonpath_develop')
[0.972s] DEBUG:colcon.colcon_core.event_handler.log_command:Invoked command in '/home/leow/colcon_ws/build/auto_nav' returned '0': PYTHONPATH=/home/leow/colcon_ws/build/auto_nav/prefix_override:/home/leow/colcon_ws/install/auto_nav/lib/python3.8/site-packages:${PYTHONPATH} /usr/bin/python3 setup.py develop --editable --build-directory /home/leow/colcon_ws/build/auto_nav/build --no-deps install_data
[0.974s] INFO:colcon.colcon_core.shell:Creating environment hook '/home/leow/colcon_ws/build/auto_nav/share/auto_nav/hook/pythonpath_develop.ps1'
[0.974s] INFO:colcon.colcon_core.shell:Creating environment descriptor '/home/leow/colcon_ws/build/auto_nav/share/auto_nav/hook/pythonpath_develop.dsv'
[0.975s] INFO:colcon.colcon_core.shell:Creating environment hook '/home/leow/colcon_ws/build/auto_nav/share/auto_nav/hook/pythonpath_develop.sh'
[0.981s] Level 1:colcon.colcon_core.environment:checking '/home/leow/colcon_ws/install/auto_nav' for CMake module files
[0.981s] Level 1:colcon.colcon_core.environment:checking '/home/leow/colcon_ws/install/auto_nav' for CMake config files
[0.982s] Level 1:colcon.colcon_core.environment:checking '/home/leow/colcon_ws/install/auto_nav/lib'
[0.982s] Level 1:colcon.colcon_core.environment:checking '/home/leow/colcon_ws/install/auto_nav/bin'
[0.982s] Level 1:colcon.colcon_core.environment:checking '/home/leow/colcon_ws/install/auto_nav/lib/pkgconfig/auto_nav.pc'
[0.982s] Level 1:colcon.colcon_core.environment:checking '/home/leow/colcon_ws/install/auto_nav/lib/python3.8/site-packages'
[0.982s] Level 1:colcon.colcon_core.shell:create_environment_hook('auto_nav', 'pythonpath')
[0.984s] INFO:colcon.colcon_core.shell:Creating environment hook '/home/leow/colcon_ws/install/auto_nav/share/auto_nav/hook/pythonpath.ps1'
[0.984s] INFO:colcon.colcon_core.shell:Creating environment descriptor '/home/leow/colcon_ws/install/auto_nav/share/auto_nav/hook/pythonpath.dsv'
[0.984s] INFO:colcon.colcon_core.shell:Creating environment hook '/home/leow/colcon_ws/install/auto_nav/share/auto_nav/hook/pythonpath.sh'
[0.985s] Level 1:colcon.colcon_core.environment:checking '/home/leow/colcon_ws/install/auto_nav/bin'
[0.985s] Level 1:colcon.colcon_core.environment:create_environment_scripts_only(auto_nav)
[0.986s] INFO:colcon.colcon_core.shell:Creating package script '/home/leow/colcon_ws/install/auto_nav/share/auto_nav/package.ps1'
[0.987s] INFO:colcon.colcon_core.shell:Creating package descriptor '/home/leow/colcon_ws/install/auto_nav/share/auto_nav/package.dsv'
[0.987s] INFO:colcon.colcon_core.shell:Creating package script '/home/leow/colcon_ws/install/auto_nav/share/auto_nav/package.sh'
[0.988s] INFO:colcon.colcon_core.shell:Creating package script '/home/leow/colcon_ws/install/auto_nav/share/auto_nav/package.bash'
[0.988s] INFO:colcon.colcon_core.shell:Creating package script '/home/leow/colcon_ws/install/auto_nav/share/auto_nav/package.zsh'
[0.988s] Level 1:colcon.colcon_core.environment:create_file_with_runtime_dependencies(/home/leow/colcon_ws/install/auto_nav/share/colcon-core/packages/auto_nav)
[0.989s] Level 1:colcon.colcon_core.shell:create_environment_hook('py_pubsub', 'pythonpath_develop')
[0.990s] INFO:colcon.colcon_core.shell:Creating environment hook '/home/leow/colcon_ws/build/py_pubsub/share/py_pubsub/hook/pythonpath_develop.ps1'
[0.991s] DEBUG:colcon.colcon_core.event_handler.log_command:Invoked command in '/home/leow/colcon_ws/build/py_pubsub' returned '0': PYTHONPATH=/home/leow/colcon_ws/build/py_pubsub/prefix_override:/home/leow/colcon_ws/install/py_pubsub/lib/python3.8/site-packages:${PYTHONPATH} /usr/bin/python3 setup.py develop --editable --build-directory /home/leow/colcon_ws/build/py_pubsub/build --no-deps install_data
[0.991s] INFO:colcon.colcon_core.shell:Creating environment descriptor '/home/leow/colcon_ws/build/py_pubsub/share/py_pubsub/hook/pythonpath_develop.dsv'
[0.991s] INFO:colcon.colcon_core.shell:Creating environment hook '/home/leow/colcon_ws/build/py_pubsub/share/py_pubsub/hook/pythonpath_develop.sh'
[0.992s] Level 1:colcon.colcon_core.environment:checking '/home/leow/colcon_ws/install/py_pubsub' for CMake module files
[0.993s] Level 1:colcon.colcon_core.environment:checking '/home/leow/colcon_ws/install/py_pubsub' for CMake config files
[0.993s] Level 1:colcon.colcon_core.environment:checking '/home/leow/colcon_ws/install/py_pubsub/lib'
[0.993s] Level 1:colcon.colcon_core.environment:checking '/home/leow/colcon_ws/install/py_pubsub/bin'
[0.993s] Level 1:colcon.colcon_core.environment:checking '/home/leow/colcon_ws/install/py_pubsub/lib/pkgconfig/py_pubsub.pc'
[0.993s] Level 1:colcon.colcon_core.environment:checking '/home/leow/colcon_ws/install/py_pubsub/lib/python3.8/site-packages'
[0.993s] Level 1:colcon.colcon_core.shell:create_environment_hook('py_pubsub', 'pythonpath')
[0.994s] INFO:colcon.colcon_core.shell:Creating environment hook '/home/leow/colcon_ws/install/py_pubsub/share/py_pubsub/hook/pythonpath.ps1'
[0.994s] INFO:colcon.colcon_core.shell:Creating environment descriptor '/home/leow/colcon_ws/install/py_pubsub/share/py_pubsub/hook/pythonpath.dsv'
[0.994s] INFO:colcon.colcon_core.shell:Creating environment hook '/home/leow/colcon_ws/install/py_pubsub/share/py_pubsub/hook/pythonpath.sh'
[0.994s] Level 1:colcon.colcon_core.environment:checking '/home/leow/colcon_ws/install/py_pubsub/bin'
[0.994s] Level 1:colcon.colcon_core.environment:create_environment_scripts_only(py_pubsub)
[0.995s] INFO:colcon.colcon_core.shell:Creating package script '/home/leow/colcon_ws/install/py_pubsub/share/py_pubsub/package.ps1'
[0.995s] INFO:colcon.colcon_core.shell:Creating package descriptor '/home/leow/colcon_ws/install/py_pubsub/share/py_pubsub/package.dsv'
[0.996s] INFO:colcon.colcon_core.shell:Creating package script '/home/leow/colcon_ws/install/py_pubsub/share/py_pubsub/package.sh'
[0.996s] INFO:colcon.colcon_core.shell:Creating package script '/home/leow/colcon_ws/install/py_pubsub/share/py_pubsub/package.bash'
[0.996s] INFO:colcon.colcon_core.shell:Creating package script '/home/leow/colcon_ws/install/py_pubsub/share/py_pubsub/package.zsh'
[0.996s] Level 1:colcon.colcon_core.environment:create_file_with_runtime_dependencies(/home/leow/colcon_ws/install/py_pubsub/share/colcon-core/packages/py_pubsub)
[1.021s] DEBUG:colcon.colcon_core.event_handler.log_command:Invoked command in '/home/leow/colcon_ws/build/turtlebot3_fake_node' returned '0': CMAKE_PREFIX_PATH=/home/leow/colcon_ws/install/py_pubsub:/home/leow/colcon_ws/install/auto_nav:/opt/ros/foxy /usr/bin/cmake --build /home/leow/colcon_ws/build/turtlebot3_fake_node -- -j20 -l20
[1.043s] DEBUG:colcon.colcon_core.event_handler.log_command:Invoking command in '/home/leow/colcon_ws/build/turtlebot3_fake_node': CMAKE_PREFIX_PATH=/home/leow/colcon_ws/install/py_pubsub:/home/leow/colcon_ws/install/auto_nav:/opt/ros/foxy /usr/bin/cmake --install /home/leow/colcon_ws/build/turtlebot3_fake_node
[1.059s] Level 1:colcon.colcon_core.environment:create_environment_scripts_only(turtlebot3_fake_node)
[1.060s] Level 1:colcon.colcon_core.environment:checking '/home/leow/colcon_ws/install/turtlebot3_fake_node' for CMake module files
[1.061s] DEBUG:colcon.colcon_core.event_handler.log_command:Invoked command in '/home/leow/colcon_ws/build/turtlebot3_fake_node' returned '0': CMAKE_PREFIX_PATH=/home/leow/colcon_ws/install/py_pubsub:/home/leow/colcon_ws/install/auto_nav:/opt/ros/foxy /usr/bin/cmake --install /home/leow/colcon_ws/build/turtlebot3_fake_node
[1.061s] Level 1:colcon.colcon_core.environment:checking '/home/leow/colcon_ws/install/turtlebot3_fake_node' for CMake config files
[1.061s] Level 1:colcon.colcon_core.shell:create_environment_hook('turtlebot3_fake_node', 'cmake_prefix_path')
[1.062s] INFO:colcon.colcon_core.shell:Creating environment hook '/home/leow/colcon_ws/install/turtlebot3_fake_node/share/turtlebot3_fake_node/hook/cmake_prefix_path.ps1'
[1.062s] INFO:colcon.colcon_core.shell:Creating environment descriptor '/home/leow/colcon_ws/install/turtlebot3_fake_node/share/turtlebot3_fake_node/hook/cmake_prefix_path.dsv'
[1.063s] INFO:colcon.colcon_core.shell:Creating environment hook '/home/leow/colcon_ws/install/turtlebot3_fake_node/share/turtlebot3_fake_node/hook/cmake_prefix_path.sh'
[1.063s] Level 1:colcon.colcon_core.environment:checking '/home/leow/colcon_ws/install/turtlebot3_fake_node/lib'
[1.063s] Level 1:colcon.colcon_core.environment:checking '/home/leow/colcon_ws/install/turtlebot3_fake_node/bin'
[1.063s] Level 1:colcon.colcon_core.environment:checking '/home/leow/colcon_ws/install/turtlebot3_fake_node/lib/pkgconfig/turtlebot3_fake_node.pc'
[1.063s] Level 1:colcon.colcon_core.environment:checking '/home/leow/colcon_ws/install/turtlebot3_fake_node/lib/python3.8/site-packages'
[1.063s] Level 1:colcon.colcon_core.environment:checking '/home/leow/colcon_ws/install/turtlebot3_fake_node/bin'
[1.064s] INFO:colcon.colcon_core.shell:Creating package script '/home/leow/colcon_ws/install/turtlebot3_fake_node/share/turtlebot3_fake_node/package.ps1'
[1.064s] INFO:colcon.colcon_core.shell:Creating package descriptor '/home/leow/colcon_ws/install/turtlebot3_fake_node/share/turtlebot3_fake_node/package.dsv'
[1.065s] INFO:colcon.colcon_core.shell:Creating package script '/home/leow/colcon_ws/install/turtlebot3_fake_node/share/turtlebot3_fake_node/package.sh'
[1.065s] INFO:colcon.colcon_core.shell:Creating package script '/home/leow/colcon_ws/install/turtlebot3_fake_node/share/turtlebot3_fake_node/package.bash'
[1.065s] INFO:colcon.colcon_core.shell:Creating package script '/home/leow/colcon_ws/install/turtlebot3_fake_node/share/turtlebot3_fake_node/package.zsh'
[1.065s] Level 1:colcon.colcon_core.environment:create_file_with_runtime_dependencies(/home/leow/colcon_ws/install/turtlebot3_fake_node/share/colcon-core/packages/turtlebot3_fake_node)
[1.081s] Level 1:colcon.colcon_core.environment:create_environment_scripts_only(turtlebot3_fake_node)
[1.082s] Level 1:colcon.colcon_core.environment:checking '/home/leow/colcon_ws/install/turtlebot3_fake_node' for CMake module files
[1.083s] Level 1:colcon.colcon_core.environment:checking '/home/leow/colcon_ws/install/turtlebot3_fake_node' for CMake config files
[1.083s] Level 1:colcon.colcon_core.shell:create_environment_hook('turtlebot3_fake_node', 'cmake_prefix_path')
[1.084s] INFO:colcon.colcon_core.shell:Creating environment hook '/home/leow/colcon_ws/install/turtlebot3_fake_node/share/turtlebot3_fake_node/hook/cmake_prefix_path.ps1'
[1.084s] INFO:colcon.colcon_core.shell:Creating environment descriptor '/home/leow/colcon_ws/install/turtlebot3_fake_node/share/turtlebot3_fake_node/hook/cmake_prefix_path.dsv'
[1.084s] INFO:colcon.colcon_core.shell:Creating environment hook '/home/leow/colcon_ws/install/turtlebot3_fake_node/share/turtlebot3_fake_node/hook/cmake_prefix_path.sh'
[1.085s] Level 1:colcon.colcon_core.environment:checking '/home/leow/colcon_ws/install/turtlebot3_fake_node/lib'
[1.085s] Level 1:colcon.colcon_core.environment:checking '/home/leow/colcon_ws/install/turtlebot3_fake_node/bin'
[1.085s] Level 1:colcon.colcon_core.environment:checking '/home/leow/colcon_ws/install/turtlebot3_fake_node/lib/pkgconfig/turtlebot3_fake_node.pc'
[1.085s] Level 1:colcon.colcon_core.environment:checking '/home/leow/colcon_ws/install/turtlebot3_fake_node/lib/python3.8/site-packages'
[1.085s] Level 1:colcon.colcon_core.environment:checking '/home/leow/colcon_ws/install/turtlebot3_fake_node/bin'
[1.086s] INFO:colcon.colcon_core.shell:Creating package script '/home/leow/colcon_ws/install/turtlebot3_fake_node/share/turtlebot3_fake_node/package.ps1'
[1.086s] INFO:colcon.colcon_core.shell:Creating package descriptor '/home/leow/colcon_ws/install/turtlebot3_fake_node/share/turtlebot3_fake_node/package.dsv'
[1.086s] INFO:colcon.colcon_core.shell:Creating package script '/home/leow/colcon_ws/install/turtlebot3_fake_node/share/turtlebot3_fake_node/package.sh'
[1.087s] INFO:colcon.colcon_core.shell:Creating package script '/home/leow/colcon_ws/install/turtlebot3_fake_node/share/turtlebot3_fake_node/package.bash'
[1.087s] INFO:colcon.colcon_core.shell:Creating package script '/home/leow/colcon_ws/install/turtlebot3_fake_node/share/turtlebot3_fake_node/package.zsh'
[1.087s] Level 1:colcon.colcon_core.environment:create_file_with_runtime_dependencies(/home/leow/colcon_ws/install/turtlebot3_fake_node/share/colcon-core/packages/turtlebot3_fake_node)
[1.195s] DEBUG:colcon.colcon_core.event_handler.log_command:Invoked command in '/home/leow/colcon_ws/build/turtlebot3_gazebo' returned '0': CMAKE_PREFIX_PATH=/home/leow/colcon_ws/install/py_pubsub:/home/leow/colcon_ws/install/auto_nav:/opt/ros/foxy /usr/bin/cmake /home/leow/colcon_ws/src/turtlebot3_simulations/turtlebot3_gazebo -DAMENT_CMAKE_SYMLINK_INSTALL=1 -DCMAKE_INSTALL_PREFIX=/home/leow/colcon_ws/install/turtlebot3_gazebo
[1.195s] DEBUG:colcon.colcon_core.event_handler.log_command:Invoking command in '/home/leow/colcon_ws/build/turtlebot3_gazebo': CMAKE_PREFIX_PATH=/home/leow/colcon_ws/install/py_pubsub:/home/leow/colcon_ws/install/auto_nav:/opt/ros/foxy /usr/bin/cmake --build /home/leow/colcon_ws/build/turtlebot3_gazebo -- -j20 -l20
[1.245s] DEBUG:colcon.colcon_core.event_handler.log_command:Invoked command in '/home/leow/colcon_ws/build/turtlebot3_gazebo' returned '0': CMAKE_PREFIX_PATH=/home/leow/colcon_ws/install/py_pubsub:/home/leow/colcon_ws/install/auto_nav:/opt/ros/foxy /usr/bin/cmake --build /home/leow/colcon_ws/build/turtlebot3_gazebo -- -j20 -l20
[1.269s] DEBUG:colcon.colcon_core.event_handler.log_command:Invoking command in '/home/leow/colcon_ws/build/turtlebot3_gazebo': CMAKE_PREFIX_PATH=/home/leow/colcon_ws/install/py_pubsub:/home/leow/colcon_ws/install/auto_nav:/opt/ros/foxy /usr/bin/cmake --install /home/leow/colcon_ws/build/turtlebot3_gazebo
[1.294s] Level 1:colcon.colcon_core.environment:create_environment_scripts_only(turtlebot3_gazebo)
[1.294s] DEBUG:colcon.colcon_core.event_handler.log_command:Invoked command in '/home/leow/colcon_ws/build/turtlebot3_gazebo' returned '0': CMAKE_PREFIX_PATH=/home/leow/colcon_ws/install/py_pubsub:/home/leow/colcon_ws/install/auto_nav:/opt/ros/foxy /usr/bin/cmake --install /home/leow/colcon_ws/build/turtlebot3_gazebo
[1.295s] Level 1:colcon.colcon_core.environment:checking '/home/leow/colcon_ws/install/turtlebot3_gazebo' for CMake module files
[1.296s] Level 1:colcon.colcon_core.environment:checking '/home/leow/colcon_ws/install/turtlebot3_gazebo' for CMake config files
[1.296s] Level 1:colcon.colcon_core.shell:create_environment_hook('turtlebot3_gazebo', 'cmake_prefix_path')
[1.297s] INFO:colcon.colcon_core.shell:Creating environment hook '/home/leow/colcon_ws/install/turtlebot3_gazebo/share/turtlebot3_gazebo/hook/cmake_prefix_path.ps1'
[1.297s] INFO:colcon.colcon_core.shell:Creating environment descriptor '/home/leow/colcon_ws/install/turtlebot3_gazebo/share/turtlebot3_gazebo/hook/cmake_prefix_path.dsv'
[1.298s] INFO:colcon.colcon_core.shell:Creating environment hook '/home/leow/colcon_ws/install/turtlebot3_gazebo/share/turtlebot3_gazebo/hook/cmake_prefix_path.sh'
[1.298s] Level 1:colcon.colcon_core.environment:checking '/home/leow/colcon_ws/install/turtlebot3_gazebo/lib'
[1.298s] Level 1:colcon.colcon_core.environment:checking '/home/leow/colcon_ws/install/turtlebot3_gazebo/bin'
[1.298s] Level 1:colcon.colcon_core.environment:checking '/home/leow/colcon_ws/install/turtlebot3_gazebo/lib/pkgconfig/turtlebot3_gazebo.pc'
[1.298s] Level 1:colcon.colcon_core.environment:checking '/home/leow/colcon_ws/install/turtlebot3_gazebo/lib/python3.8/site-packages'
[1.298s] Level 1:colcon.colcon_core.environment:checking '/home/leow/colcon_ws/install/turtlebot3_gazebo/bin'
[1.299s] INFO:colcon.colcon_core.shell:Creating package script '/home/leow/colcon_ws/install/turtlebot3_gazebo/share/turtlebot3_gazebo/package.ps1'
[1.299s] INFO:colcon.colcon_core.shell:Creating package descriptor '/home/leow/colcon_ws/install/turtlebot3_gazebo/share/turtlebot3_gazebo/package.dsv'
[1.300s] INFO:colcon.colcon_core.shell:Creating package script '/home/leow/colcon_ws/install/turtlebot3_gazebo/share/turtlebot3_gazebo/package.sh'
[1.300s] INFO:colcon.colcon_core.shell:Creating package script '/home/leow/colcon_ws/install/turtlebot3_gazebo/share/turtlebot3_gazebo/package.bash'
[1.300s] INFO:colcon.colcon_core.shell:Creating package script '/home/leow/colcon_ws/install/turtlebot3_gazebo/share/turtlebot3_gazebo/package.zsh'
[1.300s] Level 1:colcon.colcon_core.environment:create_file_with_runtime_dependencies(/home/leow/colcon_ws/install/turtlebot3_gazebo/share/colcon-core/packages/turtlebot3_gazebo)
[1.333s] Level 1:colcon.colcon_core.environment:create_environment_scripts_only(turtlebot3_gazebo)
[1.336s] Level 1:colcon.colcon_core.environment:checking '/home/leow/colcon_ws/install/turtlebot3_gazebo' for CMake module files
[1.337s] Level 1:colcon.colcon_core.environment:checking '/home/leow/colcon_ws/install/turtlebot3_gazebo' for CMake config files
[1.337s] Level 1:colcon.colcon_core.shell:create_environment_hook('turtlebot3_gazebo', 'cmake_prefix_path')
[1.339s] INFO:colcon.colcon_core.shell:Creating environment hook '/home/leow/colcon_ws/install/turtlebot3_gazebo/share/turtlebot3_gazebo/hook/cmake_prefix_path.ps1'
[1.339s] INFO:colcon.colcon_core.shell:Creating environment descriptor '/home/leow/colcon_ws/install/turtlebot3_gazebo/share/turtlebot3_gazebo/hook/cmake_prefix_path.dsv'
[1.339s] INFO:colcon.colcon_core.shell:Creating environment hook '/home/leow/colcon_ws/install/turtlebot3_gazebo/share/turtlebot3_gazebo/hook/cmake_prefix_path.sh'
[1.340s] Level 1:colcon.colcon_core.environment:checking '/home/leow/colcon_ws/install/turtlebot3_gazebo/lib'
[1.340s] Level 1:colcon.colcon_core.environment:checking '/home/leow/colcon_ws/install/turtlebot3_gazebo/bin'
[1.340s] Level 1:colcon.colcon_core.environment:checking '/home/leow/colcon_ws/install/turtlebot3_gazebo/lib/pkgconfig/turtlebot3_gazebo.pc'
[1.340s] Level 1:colcon.colcon_core.environment:checking '/home/leow/colcon_ws/install/turtlebot3_gazebo/lib/python3.8/site-packages'
[1.340s] Level 1:colcon.colcon_core.environment:checking '/home/leow/colcon_ws/install/turtlebot3_gazebo/bin'
[1.341s] INFO:colcon.colcon_core.shell:Creating package script '/home/leow/colcon_ws/install/turtlebot3_gazebo/share/turtlebot3_gazebo/package.ps1'
[1.342s] INFO:colcon.colcon_core.shell:Creating package descriptor '/home/leow/colcon_ws/install/turtlebot3_gazebo/share/turtlebot3_gazebo/package.dsv'
[1.342s] INFO:colcon.colcon_core.shell:Creating package script '/home/leow/colcon_ws/install/turtlebot3_gazebo/share/turtlebot3_gazebo/package.sh'
[1.342s] INFO:colcon.colcon_core.shell:Creating package script '/home/leow/colcon_ws/install/turtlebot3_gazebo/share/turtlebot3_gazebo/package.bash'
[1.342s] INFO:colcon.colcon_core.shell:Creating package script '/home/leow/colcon_ws/install/turtlebot3_gazebo/share/turtlebot3_gazebo/package.zsh'
[1.343s] Level 1:colcon.colcon_core.environment:create_file_with_runtime_dependencies(/home/leow/colcon_ws/install/turtlebot3_gazebo/share/colcon-core/packages/turtlebot3_gazebo)
[1.343s] INFO:colcon.colcon_ros.task.ament_cmake.build:Building ROS package in '/home/leow/colcon_ws/src/turtlebot3_simulations/turtlebot3_simulations' with build type 'ament_cmake'
[1.343s] INFO:colcon.colcon_cmake.task.cmake.build:Building CMake package in '/home/leow/colcon_ws/src/turtlebot3_simulations/turtlebot3_simulations'
[1.344s] INFO:colcon.colcon_core.shell:Skip shell extension 'powershell' for command environment: Not usable outside of PowerShell
[1.344s] DEBUG:colcon.colcon_core.shell:Skip shell extension 'dsv' for command environment
[1.352s] DEBUG:colcon.colcon_core.event_handler.log_command:Invoking command in '/home/leow/colcon_ws/build/turtlebot3_simulations': AMENT_PREFIX_PATH=/home/leow/colcon_ws/install/turtlebot3_gazebo:/home/leow/colcon_ws/install/turtlebot3_fake_node:${AMENT_PREFIX_PATH} CMAKE_PREFIX_PATH=/home/leow/colcon_ws/install/turtlebot3_gazebo:/home/leow/colcon_ws/install/turtlebot3_fake_node:/home/leow/colcon_ws/install/py_pubsub:/home/leow/colcon_ws/install/auto_nav:/opt/ros/foxy /usr/bin/cmake /home/leow/colcon_ws/src/turtlebot3_simulations/turtlebot3_simulations -DAMENT_CMAKE_SYMLINK_INSTALL=1 -DCMAKE_INSTALL_PREFIX=/home/leow/colcon_ws/install/turtlebot3_simulations
[1.528s] DEBUG:colcon.colcon_core.event_handler.log_command:Invoked command in '/home/leow/colcon_ws/build/turtlebot3_simulations' returned '0': AMENT_PREFIX_PATH=/home/leow/colcon_ws/install/turtlebot3_gazebo:/home/leow/colcon_ws/install/turtlebot3_fake_node:${AMENT_PREFIX_PATH} CMAKE_PREFIX_PATH=/home/leow/colcon_ws/install/turtlebot3_gazebo:/home/leow/colcon_ws/install/turtlebot3_fake_node:/home/leow/colcon_ws/install/py_pubsub:/home/leow/colcon_ws/install/auto_nav:/opt/ros/foxy /usr/bin/cmake /home/leow/colcon_ws/src/turtlebot3_simulations/turtlebot3_simulations -DAMENT_CMAKE_SYMLINK_INSTALL=1 -DCMAKE_INSTALL_PREFIX=/home/leow/colcon_ws/install/turtlebot3_simulations
[1.529s] DEBUG:colcon.colcon_core.event_handler.log_command:Invoking command in '/home/leow/colcon_ws/build/turtlebot3_simulations': AMENT_PREFIX_PATH=/home/leow/colcon_ws/install/turtlebot3_gazebo:/home/leow/colcon_ws/install/turtlebot3_fake_node:${AMENT_PREFIX_PATH} CMAKE_PREFIX_PATH=/home/leow/colcon_ws/install/turtlebot3_gazebo:/home/leow/colcon_ws/install/turtlebot3_fake_node:/home/leow/colcon_ws/install/py_pubsub:/home/leow/colcon_ws/install/auto_nav:/opt/ros/foxy /usr/bin/cmake --build /home/leow/colcon_ws/build/turtlebot3_simulations -- -j20 -l20
[1.556s] DEBUG:colcon.colcon_core.event_handler.log_command:Invoked command in '/home/leow/colcon_ws/build/turtlebot3_simulations' returned '0': AMENT_PREFIX_PATH=/home/leow/colcon_ws/install/turtlebot3_gazebo:/home/leow/colcon_ws/install/turtlebot3_fake_node:${AMENT_PREFIX_PATH} CMAKE_PREFIX_PATH=/home/leow/colcon_ws/install/turtlebot3_gazebo:/home/leow/colcon_ws/install/turtlebot3_fake_node:/home/leow/colcon_ws/install/py_pubsub:/home/leow/colcon_ws/install/auto_nav:/opt/ros/foxy /usr/bin/cmake --build /home/leow/colcon_ws/build/turtlebot3_simulations -- -j20 -l20
[1.568s] DEBUG:colcon.colcon_core.event_handler.log_command:Invoking command in '/home/leow/colcon_ws/build/turtlebot3_simulations': AMENT_PREFIX_PATH=/home/leow/colcon_ws/install/turtlebot3_gazebo:/home/leow/colcon_ws/install/turtlebot3_fake_node:${AMENT_PREFIX_PATH} CMAKE_PREFIX_PATH=/home/leow/colcon_ws/install/turtlebot3_gazebo:/home/leow/colcon_ws/install/turtlebot3_fake_node:/home/leow/colcon_ws/install/py_pubsub:/home/leow/colcon_ws/install/auto_nav:/opt/ros/foxy /usr/bin/cmake --install /home/leow/colcon_ws/build/turtlebot3_simulations
[1.665s] Level 1:colcon.colcon_core.environment:create_environment_scripts_only(turtlebot3_simulations)
[1.667s] Level 1:colcon.colcon_core.environment:checking '/home/leow/colcon_ws/install/turtlebot3_simulations' for CMake module files
[1.667s] DEBUG:colcon.colcon_core.event_handler.log_command:Invoked command in '/home/leow/colcon_ws/build/turtlebot3_simulations' returned '0': AMENT_PREFIX_PATH=/home/leow/colcon_ws/install/turtlebot3_gazebo:/home/leow/colcon_ws/install/turtlebot3_fake_node:${AMENT_PREFIX_PATH} CMAKE_PREFIX_PATH=/home/leow/colcon_ws/install/turtlebot3_gazebo:/home/leow/colcon_ws/install/turtlebot3_fake_node:/home/leow/colcon_ws/install/py_pubsub:/home/leow/colcon_ws/install/auto_nav:/opt/ros/foxy /usr/bin/cmake --install /home/leow/colcon_ws/build/turtlebot3_simulations
[1.667s] Level 1:colcon.colcon_core.environment:checking '/home/leow/colcon_ws/install/turtlebot3_simulations' for CMake config files
[1.668s] Level 1:colcon.colcon_core.shell:create_environment_hook('turtlebot3_simulations', 'cmake_prefix_path')
[1.668s] INFO:colcon.colcon_core.shell:Creating environment hook '/home/leow/colcon_ws/install/turtlebot3_simulations/share/turtlebot3_simulations/hook/cmake_prefix_path.ps1'
[1.669s] INFO:colcon.colcon_core.shell:Creating environment descriptor '/home/leow/colcon_ws/install/turtlebot3_simulations/share/turtlebot3_simulations/hook/cmake_prefix_path.dsv'
[1.669s] INFO:colcon.colcon_core.shell:Creating environment hook '/home/leow/colcon_ws/install/turtlebot3_simulations/share/turtlebot3_simulations/hook/cmake_prefix_path.sh'
[1.669s] Level 1:colcon.colcon_core.environment:checking '/home/leow/colcon_ws/install/turtlebot3_simulations/bin'
[1.669s] Level 1:colcon.colcon_core.environment:checking '/home/leow/colcon_ws/install/turtlebot3_simulations/lib/pkgconfig/turtlebot3_simulations.pc'
[1.669s] Level 1:colcon.colcon_core.environment:checking '/home/leow/colcon_ws/install/turtlebot3_simulations/lib/python3.8/site-packages'
[1.670s] Level 1:colcon.colcon_core.environment:checking '/home/leow/colcon_ws/install/turtlebot3_simulations/bin'
[1.670s] INFO:colcon.colcon_core.shell:Creating package script '/home/leow/colcon_ws/install/turtlebot3_simulations/share/turtlebot3_simulations/package.ps1'
[1.671s] INFO:colcon.colcon_core.shell:Creating package descriptor '/home/leow/colcon_ws/install/turtlebot3_simulations/share/turtlebot3_simulations/package.dsv'
[1.671s] INFO:colcon.colcon_core.shell:Creating package script '/home/leow/colcon_ws/install/turtlebot3_simulations/share/turtlebot3_simulations/package.sh'
[1.671s] INFO:colcon.colcon_core.shell:Creating package script '/home/leow/colcon_ws/install/turtlebot3_simulations/share/turtlebot3_simulations/package.bash'
[1.671s] INFO:colcon.colcon_core.shell:Creating package script '/home/leow/colcon_ws/install/turtlebot3_simulations/share/turtlebot3_simulations/package.zsh'
[1.671s] Level 1:colcon.colcon_core.environment:create_file_with_runtime_dependencies(/home/leow/colcon_ws/install/turtlebot3_simulations/share/colcon-core/packages/turtlebot3_simulations)
[1.687s] Level 1:colcon.colcon_core.environment:create_environment_scripts_only(turtlebot3_simulations)
[1.689s] Level 1:colcon.colcon_core.environment:checking '/home/leow/colcon_ws/install/turtlebot3_simulations' for CMake module files
[1.689s] Level 1:colcon.colcon_core.environment:checking '/home/leow/colcon_ws/install/turtlebot3_simulations' for CMake config files
[1.689s] Level 1:colcon.colcon_core.shell:create_environment_hook('turtlebot3_simulations', 'cmake_prefix_path')
[1.690s] INFO:colcon.colcon_core.shell:Creating environment hook '/home/leow/colcon_ws/install/turtlebot3_simulations/share/turtlebot3_simulations/hook/cmake_prefix_path.ps1'
[1.691s] INFO:colcon.colcon_core.shell:Creating environment descriptor '/home/leow/colcon_ws/install/turtlebot3_simulations/share/turtlebot3_simulations/hook/cmake_prefix_path.dsv'
[1.691s] INFO:colcon.colcon_core.shell:Creating environment hook '/home/leow/colcon_ws/install/turtlebot3_simulations/share/turtlebot3_simulations/hook/cmake_prefix_path.sh'
[1.692s] Level 1:colcon.colcon_core.environment:checking '/home/leow/colcon_ws/install/turtlebot3_simulations/bin'
[1.693s] Level 1:colcon.colcon_core.environment:checking '/home/leow/colcon_ws/install/turtlebot3_simulations/lib/pkgconfig/turtlebot3_simulations.pc'
[1.693s] Level 1:colcon.colcon_core.environment:checking '/home/leow/colcon_ws/install/turtlebot3_simulations/lib/python3.8/site-packages'
[1.693s] Level 1:colcon.colcon_core.environment:checking '/home/leow/colcon_ws/install/turtlebot3_simulations/bin'
[1.695s] INFO:colcon.colcon_core.shell:Creating package script '/home/leow/colcon_ws/install/turtlebot3_simulations/share/turtlebot3_simulations/package.ps1'
[1.695s] INFO:colcon.colcon_core.shell:Creating package descriptor '/home/leow/colcon_ws/install/turtlebot3_simulations/share/turtlebot3_simulations/package.dsv'
[1.696s] INFO:colcon.colcon_core.shell:Creating package script '/home/leow/colcon_ws/install/turtlebot3_simulations/share/turtlebot3_simulations/package.sh'
[1.696s] INFO:colcon.colcon_core.shell:Creating package script '/home/leow/colcon_ws/install/turtlebot3_simulations/share/turtlebot3_simulations/package.bash'
[1.696s] INFO:colcon.colcon_core.shell:Creating package script '/home/leow/colcon_ws/install/turtlebot3_simulations/share/turtlebot3_simulations/package.zsh'
[1.697s] Level 1:colcon.colcon_core.environment:create_file_with_runtime_dependencies(/home/leow/colcon_ws/install/turtlebot3_simulations/share/colcon-core/packages/turtlebot3_simulations)
[1.697s] DEBUG:colcon.colcon_parallel_executor.executor.parallel:closing loop
[1.697s] DEBUG:colcon.colcon_parallel_executor.executor.parallel:loop closed
[1.697s] DEBUG:colcon.colcon_parallel_executor.executor.parallel:run_until_complete finished with '0'
[1.697s] DEBUG:colcon.colcon_core.event_reactor:joining thread
[1.704s] INFO:colcon.colcon_core.plugin_system:Skipping extension 'colcon_notification.desktop_notification.terminal_notifier': Not used on non-Darwin systems
[1.704s] INFO:colcon.colcon_core.plugin_system:Skipping extension 'colcon_notification.desktop_notification.win32': Not used on non-Windows systems
[1.704s] INFO:colcon.colcon_notification.desktop_notification:Sending desktop notification using 'notify2'
[1.725s] DEBUG:colcon.colcon_core.event_reactor:joined thread
[1.726s] INFO:colcon.colcon_core.shell:Creating prefix script '/home/leow/colcon_ws/install/local_setup.ps1'
[1.727s] INFO:colcon.colcon_core.shell:Creating prefix util module '/home/leow/colcon_ws/install/_local_setup_util_ps1.py'
[1.729s] INFO:colcon.colcon_core.shell:Creating prefix chain script '/home/leow/colcon_ws/install/setup.ps1'
[1.730s] INFO:colcon.colcon_core.shell:Creating prefix script '/home/leow/colcon_ws/install/local_setup.sh'
[1.731s] INFO:colcon.colcon_core.shell:Creating prefix util module '/home/leow/colcon_ws/install/_local_setup_util_sh.py'
[1.731s] INFO:colcon.colcon_core.shell:Creating prefix chain script '/home/leow/colcon_ws/install/setup.sh'
[1.732s] INFO:colcon.colcon_core.shell:Creating prefix script '/home/leow/colcon_ws/install/local_setup.bash'
[1.733s] INFO:colcon.colcon_core.shell:Creating prefix chain script '/home/leow/colcon_ws/install/setup.bash'
[1.734s] INFO:colcon.colcon_core.shell:Creating prefix script '/home/leow/colcon_ws/install/local_setup.zsh'
[1.734s] INFO:colcon.colcon_core.shell:Creating prefix chain script '/home/leow/colcon_ws/install/setup.zsh'
