[0.722s] Invoking command in '/home/leow/colcon_ws/build/map_loader': PYTHONPATH=/home/leow/colcon_ws/build/map_loader/prefix_override:/home/leow/colcon_ws/install/map_loader/lib/python3.8/site-packages:${PYTHONPATH} /usr/bin/python3 setup.py develop --editable --build-directory /home/leow/colcon_ws/build/map_loader/build --no-deps install_data
[0.859s] running develop
[0.926s] running egg_info
[0.926s] creating map_loader.egg-info
[0.926s] writing map_loader.egg-info/PKG-INFO
[0.926s] writing dependency_links to map_loader.egg-info/dependency_links.txt
[0.926s] writing entry points to map_loader.egg-info/entry_points.txt
[0.926s] writing requirements to map_loader.egg-info/requires.txt
[0.926s] writing top-level names to map_loader.egg-info/top_level.txt
[0.927s] writing manifest file 'map_loader.egg-info/SOURCES.txt'
[0.946s] reading manifest file 'map_loader.egg-info/SOURCES.txt'
[0.947s] writing manifest file 'map_loader.egg-info/SOURCES.txt'
[0.967s] running build_ext
[0.967s] Creating /home/leow/colcon_ws/install/map_loader/lib/python3.8/site-packages/site.py
[0.969s] Creating /home/leow/colcon_ws/install/map_loader/lib/python3.8/site-packages/map-loader.egg-link (link to .)
[0.969s] 
[0.970s] Installed /home/leow/colcon_ws/build/map_loader
[0.970s] running install_data
[0.970s] creating /home/leow/colcon_ws/install/map_loader/share/ament_index
[0.970s] creating /home/leow/colcon_ws/install/map_loader/share/ament_index/resource_index
[0.970s] creating /home/leow/colcon_ws/install/map_loader/share/ament_index/resource_index/packages
[0.970s] copying resource/map_loader -> /home/leow/colcon_ws/install/map_loader/share/ament_index/resource_index/packages
[0.970s] copying package.xml -> /home/leow/colcon_ws/install/map_loader/share/map_loader
[0.999s] Invoked command in '/home/leow/colcon_ws/build/map_loader' returned '0': PYTHONPATH=/home/leow/colcon_ws/build/map_loader/prefix_override:/home/leow/colcon_ws/install/map_loader/lib/python3.8/site-packages:${PYTHONPATH} /usr/bin/python3 setup.py develop --editable --build-directory /home/leow/colcon_ws/build/map_loader/build --no-deps install_data
