[0.132s] DEBUG:colcon:Command line arguments: ['/usr/bin/colcon', 'build', '--symlink-install']
[0.132s] DEBUG:colcon:Parsed command line arguments: Namespace(allow_overriding=[], ament_cmake_args=None, base_paths=['.'], build_base='build', catkin_cmake_args=None, catkin_skip_building_tests=False, cmake_args=None, cmake_clean_cache=False, cmake_clean_first=False, cmake_force_configure=False, cmake_target=None, cmake_target_skip_unavailable=False, continue_on_error=False, event_handlers=None, executor='parallel', ignore_user_meta=False, install_base='install', log_base=None, log_level=None, main=<bound method BuildVerb.main of <colcon_core.verb.build.BuildVerb object at 0x7fbc4fd29490>>, merge_install=False, metas=['./colcon.meta'], packages_above=None, packages_above_and_dependencies=None, packages_above_depth=None, packages_end=None, packages_ignore=None, packages_ignore_regex=None, packages_select=None, packages_select_build_failed=False, packages_select_by_dep=None, packages_select_regex=None, packages_select_test_failures=False, packages_skip=None, packages_skip_build_finished=False, packages_skip_by_dep=None, packages_skip_regex=None, packages_skip_test_passed=False, packages_skip_up_to=None, packages_start=None, packages_up_to=None, packages_up_to_regex=None, parallel_workers=20, paths=None, symlink_install=True, test_result_base=None, verb_extension=<colcon_core.verb.build.BuildVerb object at 0x7fbc4fd29490>, verb_name='build', verb_parser=<colcon_defaults.argument_parser.defaults.DefaultArgumentsDecorator object at 0x7fbc4fd299d0>)
[0.156s] Level 1:colcon.colcon_core.package_discovery:discover_packages(colcon_meta) check parameters
[0.156s] Level 1:colcon.colcon_core.package_discovery:discover_packages(recursive) check parameters
[0.156s] Level 1:colcon.colcon_core.package_discovery:discover_packages(ignore) check parameters
[0.156s] Level 1:colcon.colcon_core.package_discovery:discover_packages(path) check parameters
[0.156s] Level 1:colcon.colcon_core.package_discovery:discover_packages(colcon_meta) discover
[0.157s] Level 1:colcon.colcon_core.package_discovery:discover_packages(recursive) discover
[0.157s] INFO:colcon.colcon_core.package_discovery:Crawling recursively for packages in '/home/leow/colcon_ws'
[0.157s] Level 1:colcon.colcon_core.package_identification:_identify(.) by extensions ['ignore', 'ignore_ament_install']
[0.157s] Level 1:colcon.colcon_core.package_identification:_identify(.) by extension 'ignore'
[0.157s] Level 1:colcon.colcon_core.package_identification:_identify(.) by extension 'ignore_ament_install'
[0.157s] Level 1:colcon.colcon_core.package_identification:_identify(.) by extensions ['colcon_pkg']
[0.157s] Level 1:colcon.colcon_core.package_identification:_identify(.) by extension 'colcon_pkg'
[0.157s] Level 1:colcon.colcon_core.package_identification:_identify(.) by extensions ['colcon_meta']
[0.157s] Level 1:colcon.colcon_core.package_identification:_identify(.) by extension 'colcon_meta'
[0.157s] Level 1:colcon.colcon_core.package_identification:_identify(.) by extensions ['ros']
[0.157s] Level 1:colcon.colcon_core.package_identification:_identify(.) by extension 'ros'
[0.165s] Level 1:colcon.colcon_core.package_identification:_identify(.) by extensions ['cmake', 'python']
[0.165s] Level 1:colcon.colcon_core.package_identification:_identify(.) by extension 'cmake'
[0.165s] Level 1:colcon.colcon_core.package_identification:_identify(.) by extension 'python'
[0.165s] Level 1:colcon.colcon_core.package_identification:_identify(.) by extensions ['python_setup_py']
[0.165s] Level 1:colcon.colcon_core.package_identification:_identify(.) by extension 'python_setup_py'
[0.165s] Level 1:colcon.colcon_core.package_identification:_identify(build) by extensions ['ignore', 'ignore_ament_install']
[0.165s] Level 1:colcon.colcon_core.package_identification:_identify(build) by extension 'ignore'
[0.165s] Level 1:colcon.colcon_core.package_identification:_identify(build) ignored
[0.165s] Level 1:colcon.colcon_core.package_identification:_identify(install) by extensions ['ignore', 'ignore_ament_install']
[0.165s] Level 1:colcon.colcon_core.package_identification:_identify(install) by extension 'ignore'
[0.165s] Level 1:colcon.colcon_core.package_identification:_identify(install) ignored
[0.165s] Level 1:colcon.colcon_core.package_identification:_identify(log) by extensions ['ignore', 'ignore_ament_install']
[0.165s] Level 1:colcon.colcon_core.package_identification:_identify(log) by extension 'ignore'
[0.165s] Level 1:colcon.colcon_core.package_identification:_identify(log) ignored
[0.165s] Level 1:colcon.colcon_core.package_identification:_identify(mapping) by extensions ['ignore', 'ignore_ament_install']
[0.165s] Level 1:colcon.colcon_core.package_identification:_identify(mapping) by extension 'ignore'
[0.165s] Level 1:colcon.colcon_core.package_identification:_identify(mapping) by extension 'ignore_ament_install'
[0.165s] Level 1:colcon.colcon_core.package_identification:_identify(mapping) by extensions ['colcon_pkg']
[0.165s] Level 1:colcon.colcon_core.package_identification:_identify(mapping) by extension 'colcon_pkg'
[0.165s] Level 1:colcon.colcon_core.package_identification:_identify(mapping) by extensions ['colcon_meta']
[0.165s] Level 1:colcon.colcon_core.package_identification:_identify(mapping) by extension 'colcon_meta'
[0.165s] Level 1:colcon.colcon_core.package_identification:_identify(mapping) by extensions ['ros']
[0.165s] Level 1:colcon.colcon_core.package_identification:_identify(mapping) by extension 'ros'
[0.165s] Level 1:colcon.colcon_core.package_identification:_identify(mapping) by extensions ['cmake', 'python']
[0.165s] Level 1:colcon.colcon_core.package_identification:_identify(mapping) by extension 'cmake'
[0.165s] Level 1:colcon.colcon_core.package_identification:_identify(mapping) by extension 'python'
[0.165s] Level 1:colcon.colcon_core.package_identification:_identify(mapping) by extensions ['python_setup_py']
[0.165s] Level 1:colcon.colcon_core.package_identification:_identify(mapping) by extension 'python_setup_py'
[0.165s] Level 1:colcon.colcon_core.package_identification:_identify(src) by extensions ['ignore', 'ignore_ament_install']
[0.166s] Level 1:colcon.colcon_core.package_identification:_identify(src) by extension 'ignore'
[0.166s] Level 1:colcon.colcon_core.package_identification:_identify(src) by extension 'ignore_ament_install'
[0.166s] Level 1:colcon.colcon_core.package_identification:_identify(src) by extensions ['colcon_pkg']
[0.166s] Level 1:colcon.colcon_core.package_identification:_identify(src) by extension 'colcon_pkg'
[0.166s] Level 1:colcon.colcon_core.package_identification:_identify(src) by extensions ['colcon_meta']
[0.166s] Level 1:colcon.colcon_core.package_identification:_identify(src) by extension 'colcon_meta'
[0.166s] Level 1:colcon.colcon_core.package_identification:_identify(src) by extensions ['ros']
[0.166s] Level 1:colcon.colcon_core.package_identification:_identify(src) by extension 'ros'
[0.166s] Level 1:colcon.colcon_core.package_identification:_identify(src) by extensions ['cmake', 'python']
[0.166s] Level 1:colcon.colcon_core.package_identification:_identify(src) by extension 'cmake'
[0.166s] Level 1:colcon.colcon_core.package_identification:_identify(src) by extension 'python'
[0.166s] Level 1:colcon.colcon_core.package_identification:_identify(src) by extensions ['python_setup_py']
[0.166s] Level 1:colcon.colcon_core.package_identification:_identify(src) by extension 'python_setup_py'
[0.166s] Level 1:colcon.colcon_core.package_identification:_identify(src/auto_nav) by extensions ['ignore', 'ignore_ament_install']
[0.166s] Level 1:colcon.colcon_core.package_identification:_identify(src/auto_nav) by extension 'ignore'
[0.166s] Level 1:colcon.colcon_core.package_identification:_identify(src/auto_nav) by extension 'ignore_ament_install'
[0.166s] Level 1:colcon.colcon_core.package_identification:_identify(src/auto_nav) by extensions ['colcon_pkg']
[0.166s] Level 1:colcon.colcon_core.package_identification:_identify(src/auto_nav) by extension 'colcon_pkg'
[0.166s] Level 1:colcon.colcon_core.package_identification:_identify(src/auto_nav) by extensions ['colcon_meta']
[0.166s] Level 1:colcon.colcon_core.package_identification:_identify(src/auto_nav) by extension 'colcon_meta'
[0.166s] Level 1:colcon.colcon_core.package_identification:_identify(src/auto_nav) by extensions ['ros']
[0.166s] Level 1:colcon.colcon_core.package_identification:_identify(src/auto_nav) by extension 'ros'
[0.169s] DEBUG:colcon.colcon_core.package_identification:Package 'src/auto_nav' with type 'ros.ament_python' and name 'auto_nav'
[0.169s] Level 1:colcon.colcon_core.package_identification:_identify(src/map_loader) by extensions ['ignore', 'ignore_ament_install']
[0.169s] Level 1:colcon.colcon_core.package_identification:_identify(src/map_loader) by extension 'ignore'
[0.169s] Level 1:colcon.colcon_core.package_identification:_identify(src/map_loader) by extension 'ignore_ament_install'
[0.169s] Level 1:colcon.colcon_core.package_identification:_identify(src/map_loader) by extensions ['colcon_pkg']
[0.169s] Level 1:colcon.colcon_core.package_identification:_identify(src/map_loader) by extension 'colcon_pkg'
[0.169s] Level 1:colcon.colcon_core.package_identification:_identify(src/map_loader) by extensions ['colcon_meta']
[0.169s] Level 1:colcon.colcon_core.package_identification:_identify(src/map_loader) by extension 'colcon_meta'
[0.169s] Level 1:colcon.colcon_core.package_identification:_identify(src/map_loader) by extensions ['ros']
[0.169s] Level 1:colcon.colcon_core.package_identification:_identify(src/map_loader) by extension 'ros'
[0.170s] DEBUG:colcon.colcon_core.package_identification:Package 'src/map_loader' with type 'ros.ament_python' and name 'map_loader'
[0.170s] Level 1:colcon.colcon_core.package_identification:_identify(src/py_pubsub) by extensions ['ignore', 'ignore_ament_install']
[0.170s] Level 1:colcon.colcon_core.package_identification:_identify(src/py_pubsub) by extension 'ignore'
[0.170s] Level 1:colcon.colcon_core.package_identification:_identify(src/py_pubsub) by extension 'ignore_ament_install'
[0.170s] Level 1:colcon.colcon_core.package_identification:_identify(src/py_pubsub) by extensions ['colcon_pkg']
[0.170s] Level 1:colcon.colcon_core.package_identification:_identify(src/py_pubsub) by extension 'colcon_pkg'
[0.170s] Level 1:colcon.colcon_core.package_identification:_identify(src/py_pubsub) by extensions ['colcon_meta']
[0.170s] Level 1:colcon.colcon_core.package_identification:_identify(src/py_pubsub) by extension 'colcon_meta'
[0.170s] Level 1:colcon.colcon_core.package_identification:_identify(src/py_pubsub) by extensions ['ros']
[0.170s] Level 1:colcon.colcon_core.package_identification:_identify(src/py_pubsub) by extension 'ros'
[0.170s] DEBUG:colcon.colcon_core.package_identification:Package 'src/py_pubsub' with type 'ros.ament_python' and name 'py_pubsub'
[0.170s] Level 1:colcon.colcon_core.package_identification:_identify(src/turtlebot3_simulations) by extensions ['ignore', 'ignore_ament_install']
[0.171s] Level 1:colcon.colcon_core.package_identification:_identify(src/turtlebot3_simulations) by extension 'ignore'
[0.171s] Level 1:colcon.colcon_core.package_identification:_identify(src/turtlebot3_simulations) by extension 'ignore_ament_install'
[0.171s] Level 1:colcon.colcon_core.package_identification:_identify(src/turtlebot3_simulations) by extensions ['colcon_pkg']
[0.171s] Level 1:colcon.colcon_core.package_identification:_identify(src/turtlebot3_simulations) by extension 'colcon_pkg'
[0.171s] Level 1:colcon.colcon_core.package_identification:_identify(src/turtlebot3_simulations) by extensions ['colcon_meta']
[0.171s] Level 1:colcon.colcon_core.package_identification:_identify(src/turtlebot3_simulations) by extension 'colcon_meta'
[0.171s] Level 1:colcon.colcon_core.package_identification:_identify(src/turtlebot3_simulations) by extensions ['ros']
[0.171s] Level 1:colcon.colcon_core.package_identification:_identify(src/turtlebot3_simulations) by extension 'ros'
[0.171s] Level 1:colcon.colcon_core.package_identification:_identify(src/turtlebot3_simulations) by extensions ['cmake', 'python']
[0.171s] Level 1:colcon.colcon_core.package_identification:_identify(src/turtlebot3_simulations) by extension 'cmake'
[0.171s] Level 1:colcon.colcon_core.package_identification:_identify(src/turtlebot3_simulations) by extension 'python'
[0.171s] Level 1:colcon.colcon_core.package_identification:_identify(src/turtlebot3_simulations) by extensions ['python_setup_py']
[0.171s] Level 1:colcon.colcon_core.package_identification:_identify(src/turtlebot3_simulations) by extension 'python_setup_py'
[0.171s] Level 1:colcon.colcon_core.package_identification:_identify(src/turtlebot3_simulations/turtlebot3_fake_node) by extensions ['ignore', 'ignore_ament_install']
[0.171s] Level 1:colcon.colcon_core.package_identification:_identify(src/turtlebot3_simulations/turtlebot3_fake_node) by extension 'ignore'
[0.171s] Level 1:colcon.colcon_core.package_identification:_identify(src/turtlebot3_simulations/turtlebot3_fake_node) by extension 'ignore_ament_install'
[0.171s] Level 1:colcon.colcon_core.package_identification:_identify(src/turtlebot3_simulations/turtlebot3_fake_node) by extensions ['colcon_pkg']
[0.171s] Level 1:colcon.colcon_core.package_identification:_identify(src/turtlebot3_simulations/turtlebot3_fake_node) by extension 'colcon_pkg'
[0.171s] Level 1:colcon.colcon_core.package_identification:_identify(src/turtlebot3_simulations/turtlebot3_fake_node) by extensions ['colcon_meta']
[0.171s] Level 1:colcon.colcon_core.package_identification:_identify(src/turtlebot3_simulations/turtlebot3_fake_node) by extension 'colcon_meta'
[0.171s] Level 1:colcon.colcon_core.package_identification:_identify(src/turtlebot3_simulations/turtlebot3_fake_node) by extensions ['ros']
[0.171s] Level 1:colcon.colcon_core.package_identification:_identify(src/turtlebot3_simulations/turtlebot3_fake_node) by extension 'ros'
[0.177s] DEBUG:colcon.colcon_core.package_identification:Package 'src/turtlebot3_simulations/turtlebot3_fake_node' with type 'ros.ament_cmake' and name 'turtlebot3_fake_node'
[0.177s] Level 1:colcon.colcon_core.package_identification:_identify(src/turtlebot3_simulations/turtlebot3_gazebo) by extensions ['ignore', 'ignore_ament_install']
[0.177s] Level 1:colcon.colcon_core.package_identification:_identify(src/turtlebot3_simulations/turtlebot3_gazebo) by extension 'ignore'
[0.177s] Level 1:colcon.colcon_core.package_identification:_identify(src/turtlebot3_simulations/turtlebot3_gazebo) by extension 'ignore_ament_install'
[0.177s] Level 1:colcon.colcon_core.package_identification:_identify(src/turtlebot3_simulations/turtlebot3_gazebo) by extensions ['colcon_pkg']
[0.177s] Level 1:colcon.colcon_core.package_identification:_identify(src/turtlebot3_simulations/turtlebot3_gazebo) by extension 'colcon_pkg'
[0.177s] Level 1:colcon.colcon_core.package_identification:_identify(src/turtlebot3_simulations/turtlebot3_gazebo) by extensions ['colcon_meta']
[0.177s] Level 1:colcon.colcon_core.package_identification:_identify(src/turtlebot3_simulations/turtlebot3_gazebo) by extension 'colcon_meta'
[0.177s] Level 1:colcon.colcon_core.package_identification:_identify(src/turtlebot3_simulations/turtlebot3_gazebo) by extensions ['ros']
[0.177s] Level 1:colcon.colcon_core.package_identification:_identify(src/turtlebot3_simulations/turtlebot3_gazebo) by extension 'ros'
[0.178s] DEBUG:colcon.colcon_core.package_identification:Package 'src/turtlebot3_simulations/turtlebot3_gazebo' with type 'ros.ament_cmake' and name 'turtlebot3_gazebo'
[0.179s] Level 1:colcon.colcon_core.package_identification:_identify(src/turtlebot3_simulations/turtlebot3_simulations) by extensions ['ignore', 'ignore_ament_install']
[0.179s] Level 1:colcon.colcon_core.package_identification:_identify(src/turtlebot3_simulations/turtlebot3_simulations) by extension 'ignore'
[0.179s] Level 1:colcon.colcon_core.package_identification:_identify(src/turtlebot3_simulations/turtlebot3_simulations) by extension 'ignore_ament_install'
[0.179s] Level 1:colcon.colcon_core.package_identification:_identify(src/turtlebot3_simulations/turtlebot3_simulations) by extensions ['colcon_pkg']
[0.179s] Level 1:colcon.colcon_core.package_identification:_identify(src/turtlebot3_simulations/turtlebot3_simulations) by extension 'colcon_pkg'
[0.179s] Level 1:colcon.colcon_core.package_identification:_identify(src/turtlebot3_simulations/turtlebot3_simulations) by extensions ['colcon_meta']
[0.179s] Level 1:colcon.colcon_core.package_identification:_identify(src/turtlebot3_simulations/turtlebot3_simulations) by extension 'colcon_meta'
[0.179s] Level 1:colcon.colcon_core.package_identification:_identify(src/turtlebot3_simulations/turtlebot3_simulations) by extensions ['ros']
[0.179s] Level 1:colcon.colcon_core.package_identification:_identify(src/turtlebot3_simulations/turtlebot3_simulations) by extension 'ros'
[0.179s] DEBUG:colcon.colcon_core.package_identification:Package 'src/turtlebot3_simulations/turtlebot3_simulations' with type 'ros.ament_cmake' and name 'turtlebot3_simulations'
[0.179s] Level 1:colcon.colcon_core.package_discovery:discover_packages(recursive) using defaults
[0.179s] Level 1:colcon.colcon_core.package_discovery:discover_packages(ignore) discover
[0.179s] Level 1:colcon.colcon_core.package_discovery:discover_packages(ignore) using defaults
[0.179s] Level 1:colcon.colcon_core.package_discovery:discover_packages(path) discover
[0.179s] Level 1:colcon.colcon_core.package_discovery:discover_packages(path) using defaults
[0.197s] Level 1:colcon.colcon_core.package_discovery:discover_packages(prefix_path) check parameters
[0.197s] Level 1:colcon.colcon_core.package_discovery:discover_packages(prefix_path) discover
[0.199s] DEBUG:colcon.colcon_installed_package_information.package_discovery:Found 6 installed packages in /home/leow/colcon_ws/install
[0.201s] DEBUG:colcon.colcon_installed_package_information.package_discovery:Found 333 installed packages in /opt/ros/foxy
[0.202s] Level 1:colcon.colcon_core.package_discovery:discover_packages(prefix_path) using defaults
[0.257s] Level 5:colcon.colcon_core.verb:set package 'auto_nav' build argument 'cmake_args' from command line to 'None'
[0.257s] Level 5:colcon.colcon_core.verb:set package 'auto_nav' build argument 'cmake_target' from command line to 'None'
[0.257s] Level 5:colcon.colcon_core.verb:set package 'auto_nav' build argument 'cmake_target_skip_unavailable' from command line to 'False'
[0.257s] Level 5:colcon.colcon_core.verb:set package 'auto_nav' build argument 'cmake_clean_cache' from command line to 'False'
[0.257s] Level 5:colcon.colcon_core.verb:set package 'auto_nav' build argument 'cmake_clean_first' from command line to 'False'
[0.257s] Level 5:colcon.colcon_core.verb:set package 'auto_nav' build argument 'cmake_force_configure' from command line to 'False'
[0.257s] Level 5:colcon.colcon_core.verb:set package 'auto_nav' build argument 'ament_cmake_args' from command line to 'None'
[0.257s] Level 5:colcon.colcon_core.verb:set package 'auto_nav' build argument 'catkin_cmake_args' from command line to 'None'
[0.257s] Level 5:colcon.colcon_core.verb:set package 'auto_nav' build argument 'catkin_skip_building_tests' from command line to 'False'
[0.257s] DEBUG:colcon.colcon_core.verb:Building package 'auto_nav' with the following arguments: {'ament_cmake_args': None, 'build_base': '/home/leow/colcon_ws/build/auto_nav', 'catkin_cmake_args': None, 'catkin_skip_building_tests': False, 'cmake_args': None, 'cmake_clean_cache': False, 'cmake_clean_first': False, 'cmake_force_configure': False, 'cmake_target': None, 'cmake_target_skip_unavailable': False, 'install_base': '/home/leow/colcon_ws/install/auto_nav', 'merge_install': False, 'path': '/home/leow/colcon_ws/src/auto_nav', 'symlink_install': True, 'test_result_base': None}
[0.258s] Level 5:colcon.colcon_core.verb:set package 'map_loader' build argument 'cmake_args' from command line to 'None'
[0.258s] Level 5:colcon.colcon_core.verb:set package 'map_loader' build argument 'cmake_target' from command line to 'None'
[0.258s] Level 5:colcon.colcon_core.verb:set package 'map_loader' build argument 'cmake_target_skip_unavailable' from command line to 'False'
[0.258s] Level 5:colcon.colcon_core.verb:set package 'map_loader' build argument 'cmake_clean_cache' from command line to 'False'
[0.258s] Level 5:colcon.colcon_core.verb:set package 'map_loader' build argument 'cmake_clean_first' from command line to 'False'
[0.258s] Level 5:colcon.colcon_core.verb:set package 'map_loader' build argument 'cmake_force_configure' from command line to 'False'
[0.258s] Level 5:colcon.colcon_core.verb:set package 'map_loader' build argument 'ament_cmake_args' from command line to 'None'
[0.258s] Level 5:colcon.colcon_core.verb:set package 'map_loader' build argument 'catkin_cmake_args' from command line to 'None'
[0.258s] Level 5:colcon.colcon_core.verb:set package 'map_loader' build argument 'catkin_skip_building_tests' from command line to 'False'
[0.258s] DEBUG:colcon.colcon_core.verb:Building package 'map_loader' with the following arguments: {'ament_cmake_args': None, 'build_base': '/home/leow/colcon_ws/build/map_loader', 'catkin_cmake_args': None, 'catkin_skip_building_tests': False, 'cmake_args': None, 'cmake_clean_cache': False, 'cmake_clean_first': False, 'cmake_force_configure': False, 'cmake_target': None, 'cmake_target_skip_unavailable': False, 'install_base': '/home/leow/colcon_ws/install/map_loader', 'merge_install': False, 'path': '/home/leow/colcon_ws/src/map_loader', 'symlink_install': True, 'test_result_base': None}
[0.259s] Level 5:colcon.colcon_core.verb:set package 'py_pubsub' build argument 'cmake_args' from command line to 'None'
[0.259s] Level 5:colcon.colcon_core.verb:set package 'py_pubsub' build argument 'cmake_target' from command line to 'None'
[0.259s] Level 5:colcon.colcon_core.verb:set package 'py_pubsub' build argument 'cmake_target_skip_unavailable' from command line to 'False'
[0.259s] Level 5:colcon.colcon_core.verb:set package 'py_pubsub' build argument 'cmake_clean_cache' from command line to 'False'
[0.259s] Level 5:colcon.colcon_core.verb:set package 'py_pubsub' build argument 'cmake_clean_first' from command line to 'False'
[0.259s] Level 5:colcon.colcon_core.verb:set package 'py_pubsub' build argument 'cmake_force_configure' from command line to 'False'
[0.259s] Level 5:colcon.colcon_core.verb:set package 'py_pubsub' build argument 'ament_cmake_args' from command line to 'None'
[0.259s] Level 5:colcon.colcon_core.verb:set package 'py_pubsub' build argument 'catkin_cmake_args' from command line to 'None'
[0.259s] Level 5:colcon.colcon_core.verb:set package 'py_pubsub' build argument 'catkin_skip_building_tests' from command line to 'False'
[0.259s] DEBUG:colcon.colcon_core.verb:Building package 'py_pubsub' with the following arguments: {'ament_cmake_args': None, 'build_base': '/home/leow/colcon_ws/build/py_pubsub', 'catkin_cmake_args': None, 'catkin_skip_building_tests': False, 'cmake_args': None, 'cmake_clean_cache': False, 'cmake_clean_first': False, 'cmake_force_configure': False, 'cmake_target': None, 'cmake_target_skip_unavailable': False, 'install_base': '/home/leow/colcon_ws/install/py_pubsub', 'merge_install': False, 'path': '/home/leow/colcon_ws/src/py_pubsub', 'symlink_install': True, 'test_result_base': None}
[0.259s] Level 5:colcon.colcon_core.verb:set package 'turtlebot3_fake_node' build argument 'cmake_args' from command line to 'None'
[0.259s] Level 5:colcon.colcon_core.verb:set package 'turtlebot3_fake_node' build argument 'cmake_target' from command line to 'None'
[0.259s] Level 5:colcon.colcon_core.verb:set package 'turtlebot3_fake_node' build argument 'cmake_target_skip_unavailable' from command line to 'False'
[0.259s] Level 5:colcon.colcon_core.verb:set package 'turtlebot3_fake_node' build argument 'cmake_clean_cache' from command line to 'False'
[0.259s] Level 5:colcon.colcon_core.verb:set package 'turtlebot3_fake_node' build argument 'cmake_clean_first' from command line to 'False'
[0.259s] Level 5:colcon.colcon_core.verb:set package 'turtlebot3_fake_node' build argument 'cmake_force_configure' from command line to 'False'
[0.259s] Level 5:colcon.colcon_core.verb:set package 'turtlebot3_fake_node' build argument 'ament_cmake_args' from command line to 'None'
[0.259s] Level 5:colcon.colcon_core.verb:set package 'turtlebot3_fake_node' build argument 'catkin_cmake_args' from command line to 'None'
[0.259s] Level 5:colcon.colcon_core.verb:set package 'turtlebot3_fake_node' build argument 'catkin_skip_building_tests' from command line to 'False'
[0.259s] DEBUG:colcon.colcon_core.verb:Building package 'turtlebot3_fake_node' with the following arguments: {'ament_cmake_args': None, 'build_base': '/home/leow/colcon_ws/build/turtlebot3_fake_node', 'catkin_cmake_args': None, 'catkin_skip_building_tests': False, 'cmake_args': None, 'cmake_clean_cache': False, 'cmake_clean_first': False, 'cmake_force_configure': False, 'cmake_target': None, 'cmake_target_skip_unavailable': False, 'install_base': '/home/leow/colcon_ws/install/turtlebot3_fake_node', 'merge_install': False, 'path': '/home/leow/colcon_ws/src/turtlebot3_simulations/turtlebot3_fake_node', 'symlink_install': True, 'test_result_base': None}
[0.260s] Level 5:colcon.colcon_core.verb:set package 'turtlebot3_gazebo' build argument 'cmake_args' from command line to 'None'
[0.260s] Level 5:colcon.colcon_core.verb:set package 'turtlebot3_gazebo' build argument 'cmake_target' from command line to 'None'
[0.260s] Level 5:colcon.colcon_core.verb:set package 'turtlebot3_gazebo' build argument 'cmake_target_skip_unavailable' from command line to 'False'
[0.260s] Level 5:colcon.colcon_core.verb:set package 'turtlebot3_gazebo' build argument 'cmake_clean_cache' from command line to 'False'
[0.260s] Level 5:colcon.colcon_core.verb:set package 'turtlebot3_gazebo' build argument 'cmake_clean_first' from command line to 'False'
[0.260s] Level 5:colcon.colcon_core.verb:set package 'turtlebot3_gazebo' build argument 'cmake_force_configure' from command line to 'False'
[0.260s] Level 5:colcon.colcon_core.verb:set package 'turtlebot3_gazebo' build argument 'ament_cmake_args' from command line to 'None'
[0.260s] Level 5:colcon.colcon_core.verb:set package 'turtlebot3_gazebo' build argument 'catkin_cmake_args' from command line to 'None'
[0.260s] Level 5:colcon.colcon_core.verb:set package 'turtlebot3_gazebo' build argument 'catkin_skip_building_tests' from command line to 'False'
[0.260s] DEBUG:colcon.colcon_core.verb:Building package 'turtlebot3_gazebo' with the following arguments: {'ament_cmake_args': None, 'build_base': '/home/leow/colcon_ws/build/turtlebot3_gazebo', 'catkin_cmake_args': None, 'catkin_skip_building_tests': False, 'cmake_args': None, 'cmake_clean_cache': False, 'cmake_clean_first': False, 'cmake_force_configure': False, 'cmake_target': None, 'cmake_target_skip_unavailable': False, 'install_base': '/home/leow/colcon_ws/install/turtlebot3_gazebo', 'merge_install': False, 'path': '/home/leow/colcon_ws/src/turtlebot3_simulations/turtlebot3_gazebo', 'symlink_install': True, 'test_result_base': None}
[0.260s] Level 5:colcon.colcon_core.verb:set package 'turtlebot3_simulations' build argument 'cmake_args' from command line to 'None'
[0.260s] Level 5:colcon.colcon_core.verb:set package 'turtlebot3_simulations' build argument 'cmake_target' from command line to 'None'
[0.260s] Level 5:colcon.colcon_core.verb:set package 'turtlebot3_simulations' build argument 'cmake_target_skip_unavailable' from command line to 'False'
[0.261s] Level 5:colcon.colcon_core.verb:set package 'turtlebot3_simulations' build argument 'cmake_clean_cache' from command line to 'False'
[0.261s] Level 5:colcon.colcon_core.verb:set package 'turtlebot3_simulations' build argument 'cmake_clean_first' from command line to 'False'
[0.261s] Level 5:colcon.colcon_core.verb:set package 'turtlebot3_simulations' build argument 'cmake_force_configure' from command line to 'False'
[0.261s] Level 5:colcon.colcon_core.verb:set package 'turtlebot3_simulations' build argument 'ament_cmake_args' from command line to 'None'
[0.261s] Level 5:colcon.colcon_core.verb:set package 'turtlebot3_simulations' build argument 'catkin_cmake_args' from command line to 'None'
[0.261s] Level 5:colcon.colcon_core.verb:set package 'turtlebot3_simulations' build argument 'catkin_skip_building_tests' from command line to 'False'
[0.261s] DEBUG:colcon.colcon_core.verb:Building package 'turtlebot3_simulations' with the following arguments: {'ament_cmake_args': None, 'build_base': '/home/leow/colcon_ws/build/turtlebot3_simulations', 'catkin_cmake_args': None, 'catkin_skip_building_tests': False, 'cmake_args': None, 'cmake_clean_cache': False, 'cmake_clean_first': False, 'cmake_force_configure': False, 'cmake_target': None, 'cmake_target_skip_unavailable': False, 'install_base': '/home/leow/colcon_ws/install/turtlebot3_simulations', 'merge_install': False, 'path': '/home/leow/colcon_ws/src/turtlebot3_simulations/turtlebot3_simulations', 'symlink_install': True, 'test_result_base': None}
[0.261s] INFO:colcon.colcon_core.executor:Executing jobs using 'parallel' executor
[0.263s] DEBUG:colcon.colcon_parallel_executor.executor.parallel:run_until_complete
[0.263s] INFO:colcon.colcon_ros.task.ament_cmake.build:Building ROS package in '/home/leow/colcon_ws/src/turtlebot3_simulations/turtlebot3_fake_node' with build type 'ament_cmake'
[0.263s] INFO:colcon.colcon_cmake.task.cmake.build:Building CMake package in '/home/leow/colcon_ws/src/turtlebot3_simulations/turtlebot3_fake_node'
[0.268s] INFO:colcon.colcon_core.plugin_system:Skipping extension 'colcon_core.shell.bat': Not used on non-Windows systems
[0.268s] INFO:colcon.colcon_core.shell:Skip shell extension 'powershell' for command environment: Not usable outside of PowerShell
[0.268s] DEBUG:colcon.colcon_core.shell:Skip shell extension 'dsv' for command environment
[0.272s] INFO:colcon.colcon_ros.task.ament_cmake.build:Building ROS package in '/home/leow/colcon_ws/src/turtlebot3_simulations/turtlebot3_gazebo' with build type 'ament_cmake'
[0.272s] INFO:colcon.colcon_cmake.task.cmake.build:Building CMake package in '/home/leow/colcon_ws/src/turtlebot3_simulations/turtlebot3_gazebo'
[0.273s] INFO:colcon.colcon_core.shell:Skip shell extension 'powershell' for command environment: Not usable outside of PowerShell
[0.273s] DEBUG:colcon.colcon_core.shell:Skip shell extension 'dsv' for command environment
[0.277s] INFO:colcon.colcon_ros.task.ament_python.build:Building ROS package in '/home/leow/colcon_ws/src/auto_nav' with build type 'ament_python'
[0.277s] Level 1:colcon.colcon_core.shell:create_environment_hook('auto_nav', 'ament_prefix_path')
[0.278s] INFO:colcon.colcon_core.shell:Creating environment hook '/home/leow/colcon_ws/install/auto_nav/share/auto_nav/hook/ament_prefix_path.ps1'
[0.279s] INFO:colcon.colcon_core.shell:Creating environment descriptor '/home/leow/colcon_ws/install/auto_nav/share/auto_nav/hook/ament_prefix_path.dsv'
[0.279s] INFO:colcon.colcon_core.shell:Creating environment hook '/home/leow/colcon_ws/install/auto_nav/share/auto_nav/hook/ament_prefix_path.sh'
[0.280s] INFO:colcon.colcon_core.shell:Skip shell extension 'powershell' for command environment: Not usable outside of PowerShell
[0.280s] DEBUG:colcon.colcon_core.shell:Skip shell extension 'dsv' for command environment
[0.283s] INFO:colcon.colcon_ros.task.ament_python.build:Building ROS package in '/home/leow/colcon_ws/src/map_loader' with build type 'ament_python'
[0.284s] Level 1:colcon.colcon_core.shell:create_environment_hook('map_loader', 'ament_prefix_path')
[0.284s] INFO:colcon.colcon_core.shell:Creating environment hook '/home/leow/colcon_ws/install/map_loader/share/map_loader/hook/ament_prefix_path.ps1'
[0.285s] INFO:colcon.colcon_core.shell:Creating environment descriptor '/home/leow/colcon_ws/install/map_loader/share/map_loader/hook/ament_prefix_path.dsv'
[0.285s] INFO:colcon.colcon_core.shell:Creating environment hook '/home/leow/colcon_ws/install/map_loader/share/map_loader/hook/ament_prefix_path.sh'
[0.286s] INFO:colcon.colcon_core.shell:Skip shell extension 'powershell' for command environment: Not usable outside of PowerShell
[0.286s] DEBUG:colcon.colcon_core.shell:Skip shell extension 'dsv' for command environment
[0.291s] INFO:colcon.colcon_ros.task.ament_python.build:Building ROS package in '/home/leow/colcon_ws/src/py_pubsub' with build type 'ament_python'
[0.291s] Level 1:colcon.colcon_core.shell:create_environment_hook('py_pubsub', 'ament_prefix_path')
[0.293s] INFO:colcon.colcon_core.shell:Creating environment hook '/home/leow/colcon_ws/install/py_pubsub/share/py_pubsub/hook/ament_prefix_path.ps1'
[0.293s] INFO:colcon.colcon_core.shell:Creating environment descriptor '/home/leow/colcon_ws/install/py_pubsub/share/py_pubsub/hook/ament_prefix_path.dsv'
[0.293s] INFO:colcon.colcon_core.shell:Creating environment hook '/home/leow/colcon_ws/install/py_pubsub/share/py_pubsub/hook/ament_prefix_path.sh'
[0.294s] INFO:colcon.colcon_core.shell:Skip shell extension 'powershell' for command environment: Not usable outside of PowerShell
[0.295s] DEBUG:colcon.colcon_core.shell:Skip shell extension 'dsv' for command environment
[0.303s] DEBUG:colcon.colcon_core.event_handler.log_command:Invoking command in '/home/leow/colcon_ws/build/turtlebot3_fake_node': CMAKE_PREFIX_PATH=${CMAKE_PREFIX_PATH}:/home/leow/colcon_ws/install/py_pubsub:/home/leow/colcon_ws/install/map_loader:/home/leow/colcon_ws/install/auto_nav:/opt/ros/foxy /usr/bin/cmake --build /home/leow/colcon_ws/build/turtlebot3_fake_node -- -j20 -l20
[0.306s] DEBUG:colcon.colcon_core.event_handler.log_command:Invoking command in '/home/leow/colcon_ws/build/turtlebot3_gazebo': CMAKE_PREFIX_PATH=${CMAKE_PREFIX_PATH}:/home/leow/colcon_ws/install/py_pubsub:/home/leow/colcon_ws/install/map_loader:/home/leow/colcon_ws/install/auto_nav:/opt/ros/foxy /usr/bin/cmake --build /home/leow/colcon_ws/build/turtlebot3_gazebo -- -j20 -l20
[0.434s] INFO:colcon.colcon_core.task.python.build:Building Python package in '/home/leow/colcon_ws/src/auto_nav'
[0.435s] INFO:colcon.colcon_core.shell:Skip shell extension 'powershell' for command environment: Not usable outside of PowerShell
[0.435s] DEBUG:colcon.colcon_core.shell:Skip shell extension 'dsv' for command environment
[0.574s] INFO:colcon.colcon_core.task.python.build:Building Python package in '/home/leow/colcon_ws/src/map_loader'
[0.576s] INFO:colcon.colcon_core.shell:Skip shell extension 'powershell' for command environment: Not usable outside of PowerShell
[0.576s] DEBUG:colcon.colcon_core.shell:Skip shell extension 'dsv' for command environment
[0.718s] INFO:colcon.colcon_core.task.python.build:Building Python package in '/home/leow/colcon_ws/src/py_pubsub'
[0.719s] INFO:colcon.colcon_core.shell:Skip shell extension 'powershell' for command environment: Not usable outside of PowerShell
[0.719s] DEBUG:colcon.colcon_core.shell:Skip shell extension 'dsv' for command environment
[0.724s] DEBUG:colcon.colcon_core.event_handler.log_command:Invoked command in '/home/leow/colcon_ws/build/turtlebot3_fake_node' returned '0': CMAKE_PREFIX_PATH=${CMAKE_PREFIX_PATH}:/home/leow/colcon_ws/install/py_pubsub:/home/leow/colcon_ws/install/map_loader:/home/leow/colcon_ws/install/auto_nav:/opt/ros/foxy /usr/bin/cmake --build /home/leow/colcon_ws/build/turtlebot3_fake_node -- -j20 -l20
[0.727s] DEBUG:colcon.colcon_core.event_handler.log_command:Invoked command in '/home/leow/colcon_ws/build/turtlebot3_gazebo' returned '0': CMAKE_PREFIX_PATH=${CMAKE_PREFIX_PATH}:/home/leow/colcon_ws/install/py_pubsub:/home/leow/colcon_ws/install/map_loader:/home/leow/colcon_ws/install/auto_nav:/opt/ros/foxy /usr/bin/cmake --build /home/leow/colcon_ws/build/turtlebot3_gazebo -- -j20 -l20
[0.745s] DEBUG:colcon.colcon_core.event_handler.log_command:Invoking command in '/home/leow/colcon_ws/build/turtlebot3_fake_node': CMAKE_PREFIX_PATH=${CMAKE_PREFIX_PATH}:/home/leow/colcon_ws/install/py_pubsub:/home/leow/colcon_ws/install/map_loader:/home/leow/colcon_ws/install/auto_nav:/opt/ros/foxy /usr/bin/cmake --install /home/leow/colcon_ws/build/turtlebot3_fake_node
[0.747s] DEBUG:colcon.colcon_core.event_handler.log_command:Invoking command in '/home/leow/colcon_ws/build/turtlebot3_gazebo': CMAKE_PREFIX_PATH=${CMAKE_PREFIX_PATH}:/home/leow/colcon_ws/install/py_pubsub:/home/leow/colcon_ws/install/map_loader:/home/leow/colcon_ws/install/auto_nav:/opt/ros/foxy /usr/bin/cmake --install /home/leow/colcon_ws/build/turtlebot3_gazebo
[0.765s] Level 1:colcon.colcon_core.environment:create_environment_scripts_only(turtlebot3_fake_node)
[0.766s] DEBUG:colcon.colcon_core.event_handler.log_command:Invoked command in '/home/leow/colcon_ws/build/turtlebot3_fake_node' returned '0': CMAKE_PREFIX_PATH=${CMAKE_PREFIX_PATH}:/home/leow/colcon_ws/install/py_pubsub:/home/leow/colcon_ws/install/map_loader:/home/leow/colcon_ws/install/auto_nav:/opt/ros/foxy /usr/bin/cmake --install /home/leow/colcon_ws/build/turtlebot3_fake_node
[0.774s] Level 1:colcon.colcon_core.environment:checking '/home/leow/colcon_ws/install/turtlebot3_fake_node' for CMake module files
[0.774s] Level 1:colcon.colcon_core.environment:checking '/home/leow/colcon_ws/install/turtlebot3_fake_node' for CMake config files
[0.775s] Level 1:colcon.colcon_core.shell:create_environment_hook('turtlebot3_fake_node', 'cmake_prefix_path')
[0.776s] INFO:colcon.colcon_core.shell:Creating environment hook '/home/leow/colcon_ws/install/turtlebot3_fake_node/share/turtlebot3_fake_node/hook/cmake_prefix_path.ps1'
[0.777s] INFO:colcon.colcon_core.shell:Creating environment descriptor '/home/leow/colcon_ws/install/turtlebot3_fake_node/share/turtlebot3_fake_node/hook/cmake_prefix_path.dsv'
[0.777s] INFO:colcon.colcon_core.shell:Creating environment hook '/home/leow/colcon_ws/install/turtlebot3_fake_node/share/turtlebot3_fake_node/hook/cmake_prefix_path.sh'
[0.778s] Level 1:colcon.colcon_core.environment:checking '/home/leow/colcon_ws/install/turtlebot3_fake_node/lib'
[0.778s] Level 1:colcon.colcon_core.environment:checking '/home/leow/colcon_ws/install/turtlebot3_fake_node/bin'
[0.778s] Level 1:colcon.colcon_core.environment:checking '/home/leow/colcon_ws/install/turtlebot3_fake_node/lib/pkgconfig/turtlebot3_fake_node.pc'
[0.778s] Level 1:colcon.colcon_core.environment:checking '/home/leow/colcon_ws/install/turtlebot3_fake_node/lib/python3.8/site-packages'
[0.778s] Level 1:colcon.colcon_core.environment:checking '/home/leow/colcon_ws/install/turtlebot3_fake_node/bin'
[0.779s] INFO:colcon.colcon_core.shell:Creating package script '/home/leow/colcon_ws/install/turtlebot3_fake_node/share/turtlebot3_fake_node/package.ps1'
[0.780s] INFO:colcon.colcon_core.shell:Creating package descriptor '/home/leow/colcon_ws/install/turtlebot3_fake_node/share/turtlebot3_fake_node/package.dsv'
[0.781s] INFO:colcon.colcon_core.shell:Creating package script '/home/leow/colcon_ws/install/turtlebot3_fake_node/share/turtlebot3_fake_node/package.sh'
[0.781s] INFO:colcon.colcon_core.shell:Creating package script '/home/leow/colcon_ws/install/turtlebot3_fake_node/share/turtlebot3_fake_node/package.bash'
[0.782s] INFO:colcon.colcon_core.shell:Creating package script '/home/leow/colcon_ws/install/turtlebot3_fake_node/share/turtlebot3_fake_node/package.zsh'
[0.782s] Level 1:colcon.colcon_core.environment:create_file_with_runtime_dependencies(/home/leow/colcon_ws/install/turtlebot3_fake_node/share/colcon-core/packages/turtlebot3_fake_node)
[0.785s] Level 1:colcon.colcon_core.environment:create_environment_scripts_only(turtlebot3_gazebo)
[0.786s] Level 1:colcon.colcon_core.environment:checking '/home/leow/colcon_ws/install/turtlebot3_gazebo' for CMake module files
[0.786s] DEBUG:colcon.colcon_core.event_handler.log_command:Invoked command in '/home/leow/colcon_ws/build/turtlebot3_gazebo' returned '0': CMAKE_PREFIX_PATH=${CMAKE_PREFIX_PATH}:/home/leow/colcon_ws/install/py_pubsub:/home/leow/colcon_ws/install/map_loader:/home/leow/colcon_ws/install/auto_nav:/opt/ros/foxy /usr/bin/cmake --install /home/leow/colcon_ws/build/turtlebot3_gazebo
[0.787s] Level 1:colcon.colcon_core.environment:checking '/home/leow/colcon_ws/install/turtlebot3_gazebo' for CMake config files
[0.787s] Level 1:colcon.colcon_core.shell:create_environment_hook('turtlebot3_gazebo', 'cmake_prefix_path')
[0.788s] INFO:colcon.colcon_core.shell:Creating environment hook '/home/leow/colcon_ws/install/turtlebot3_gazebo/share/turtlebot3_gazebo/hook/cmake_prefix_path.ps1'
[0.788s] INFO:colcon.colcon_core.shell:Creating environment descriptor '/home/leow/colcon_ws/install/turtlebot3_gazebo/share/turtlebot3_gazebo/hook/cmake_prefix_path.dsv'
[0.788s] INFO:colcon.colcon_core.shell:Creating environment hook '/home/leow/colcon_ws/install/turtlebot3_gazebo/share/turtlebot3_gazebo/hook/cmake_prefix_path.sh'
[0.789s] Level 1:colcon.colcon_core.environment:checking '/home/leow/colcon_ws/install/turtlebot3_gazebo/lib'
[0.789s] Level 1:colcon.colcon_core.environment:checking '/home/leow/colcon_ws/install/turtlebot3_gazebo/bin'
[0.789s] Level 1:colcon.colcon_core.environment:checking '/home/leow/colcon_ws/install/turtlebot3_gazebo/lib/pkgconfig/turtlebot3_gazebo.pc'
[0.789s] Level 1:colcon.colcon_core.environment:checking '/home/leow/colcon_ws/install/turtlebot3_gazebo/lib/python3.8/site-packages'
[0.789s] Level 1:colcon.colcon_core.environment:checking '/home/leow/colcon_ws/install/turtlebot3_gazebo/bin'
[0.790s] INFO:colcon.colcon_core.shell:Creating package script '/home/leow/colcon_ws/install/turtlebot3_gazebo/share/turtlebot3_gazebo/package.ps1'
[0.790s] INFO:colcon.colcon_core.shell:Creating package descriptor '/home/leow/colcon_ws/install/turtlebot3_gazebo/share/turtlebot3_gazebo/package.dsv'
[0.790s] INFO:colcon.colcon_core.shell:Creating package script '/home/leow/colcon_ws/install/turtlebot3_gazebo/share/turtlebot3_gazebo/package.sh'
[0.791s] INFO:colcon.colcon_core.shell:Creating package script '/home/leow/colcon_ws/install/turtlebot3_gazebo/share/turtlebot3_gazebo/package.bash'
[0.791s] INFO:colcon.colcon_core.shell:Creating package script '/home/leow/colcon_ws/install/turtlebot3_gazebo/share/turtlebot3_gazebo/package.zsh'
[0.791s] Level 1:colcon.colcon_core.environment:create_file_with_runtime_dependencies(/home/leow/colcon_ws/install/turtlebot3_gazebo/share/colcon-core/packages/turtlebot3_gazebo)
[0.797s] Level 1:colcon.colcon_core.environment:create_environment_scripts_only(turtlebot3_fake_node)
[0.799s] Level 1:colcon.colcon_core.environment:checking '/home/leow/colcon_ws/install/turtlebot3_fake_node' for CMake module files
[0.800s] Level 1:colcon.colcon_core.environment:checking '/home/leow/colcon_ws/install/turtlebot3_fake_node' for CMake config files
[0.800s] Level 1:colcon.colcon_core.shell:create_environment_hook('turtlebot3_fake_node', 'cmake_prefix_path')
[0.801s] INFO:colcon.colcon_core.shell:Creating environment hook '/home/leow/colcon_ws/install/turtlebot3_fake_node/share/turtlebot3_fake_node/hook/cmake_prefix_path.ps1'
[0.801s] INFO:colcon.colcon_core.shell:Creating environment descriptor '/home/leow/colcon_ws/install/turtlebot3_fake_node/share/turtlebot3_fake_node/hook/cmake_prefix_path.dsv'
[0.801s] INFO:colcon.colcon_core.shell:Creating environment hook '/home/leow/colcon_ws/install/turtlebot3_fake_node/share/turtlebot3_fake_node/hook/cmake_prefix_path.sh'
[0.802s] Level 1:colcon.colcon_core.environment:checking '/home/leow/colcon_ws/install/turtlebot3_fake_node/lib'
[0.802s] Level 1:colcon.colcon_core.environment:checking '/home/leow/colcon_ws/install/turtlebot3_fake_node/bin'
[0.802s] Level 1:colcon.colcon_core.environment:checking '/home/leow/colcon_ws/install/turtlebot3_fake_node/lib/pkgconfig/turtlebot3_fake_node.pc'
[0.802s] Level 1:colcon.colcon_core.environment:checking '/home/leow/colcon_ws/install/turtlebot3_fake_node/lib/python3.8/site-packages'
[0.802s] Level 1:colcon.colcon_core.environment:checking '/home/leow/colcon_ws/install/turtlebot3_fake_node/bin'
[0.803s] INFO:colcon.colcon_core.shell:Creating package script '/home/leow/colcon_ws/install/turtlebot3_fake_node/share/turtlebot3_fake_node/package.ps1'
[0.803s] INFO:colcon.colcon_core.shell:Creating package descriptor '/home/leow/colcon_ws/install/turtlebot3_fake_node/share/turtlebot3_fake_node/package.dsv'
[0.803s] INFO:colcon.colcon_core.shell:Creating package script '/home/leow/colcon_ws/install/turtlebot3_fake_node/share/turtlebot3_fake_node/package.sh'
[0.804s] INFO:colcon.colcon_core.shell:Creating package script '/home/leow/colcon_ws/install/turtlebot3_fake_node/share/turtlebot3_fake_node/package.bash'
[0.804s] INFO:colcon.colcon_core.shell:Creating package script '/home/leow/colcon_ws/install/turtlebot3_fake_node/share/turtlebot3_fake_node/package.zsh'
[0.804s] Level 1:colcon.colcon_core.environment:create_file_with_runtime_dependencies(/home/leow/colcon_ws/install/turtlebot3_fake_node/share/colcon-core/packages/turtlebot3_fake_node)
[0.808s] Level 1:colcon.colcon_core.environment:create_environment_scripts_only(turtlebot3_gazebo)
[0.809s] Level 1:colcon.colcon_core.environment:checking '/home/leow/colcon_ws/install/turtlebot3_gazebo' for CMake module files
[0.809s] Level 1:colcon.colcon_core.environment:checking '/home/leow/colcon_ws/install/turtlebot3_gazebo' for CMake config files
[0.809s] Level 1:colcon.colcon_core.shell:create_environment_hook('turtlebot3_gazebo', 'cmake_prefix_path')
[0.810s] INFO:colcon.colcon_core.shell:Creating environment hook '/home/leow/colcon_ws/install/turtlebot3_gazebo/share/turtlebot3_gazebo/hook/cmake_prefix_path.ps1'
[0.810s] INFO:colcon.colcon_core.shell:Creating environment descriptor '/home/leow/colcon_ws/install/turtlebot3_gazebo/share/turtlebot3_gazebo/hook/cmake_prefix_path.dsv'
[0.810s] INFO:colcon.colcon_core.shell:Creating environment hook '/home/leow/colcon_ws/install/turtlebot3_gazebo/share/turtlebot3_gazebo/hook/cmake_prefix_path.sh'
[0.811s] Level 1:colcon.colcon_core.environment:checking '/home/leow/colcon_ws/install/turtlebot3_gazebo/lib'
[0.811s] Level 1:colcon.colcon_core.environment:checking '/home/leow/colcon_ws/install/turtlebot3_gazebo/bin'
[0.811s] Level 1:colcon.colcon_core.environment:checking '/home/leow/colcon_ws/install/turtlebot3_gazebo/lib/pkgconfig/turtlebot3_gazebo.pc'
[0.811s] Level 1:colcon.colcon_core.environment:checking '/home/leow/colcon_ws/install/turtlebot3_gazebo/lib/python3.8/site-packages'
[0.811s] Level 1:colcon.colcon_core.environment:checking '/home/leow/colcon_ws/install/turtlebot3_gazebo/bin'
[0.812s] INFO:colcon.colcon_core.shell:Creating package script '/home/leow/colcon_ws/install/turtlebot3_gazebo/share/turtlebot3_gazebo/package.ps1'
[0.812s] INFO:colcon.colcon_core.shell:Creating package descriptor '/home/leow/colcon_ws/install/turtlebot3_gazebo/share/turtlebot3_gazebo/package.dsv'
[0.812s] INFO:colcon.colcon_core.shell:Creating package script '/home/leow/colcon_ws/install/turtlebot3_gazebo/share/turtlebot3_gazebo/package.sh'
[0.812s] INFO:colcon.colcon_core.shell:Creating package script '/home/leow/colcon_ws/install/turtlebot3_gazebo/share/turtlebot3_gazebo/package.bash'
[0.812s] INFO:colcon.colcon_core.shell:Creating package script '/home/leow/colcon_ws/install/turtlebot3_gazebo/share/turtlebot3_gazebo/package.zsh'
[0.813s] Level 1:colcon.colcon_core.environment:create_file_with_runtime_dependencies(/home/leow/colcon_ws/install/turtlebot3_gazebo/share/colcon-core/packages/turtlebot3_gazebo)
[0.813s] INFO:colcon.colcon_ros.task.ament_cmake.build:Building ROS package in '/home/leow/colcon_ws/src/turtlebot3_simulations/turtlebot3_simulations' with build type 'ament_cmake'
[0.813s] INFO:colcon.colcon_cmake.task.cmake.build:Building CMake package in '/home/leow/colcon_ws/src/turtlebot3_simulations/turtlebot3_simulations'
[0.814s] INFO:colcon.colcon_core.shell:Skip shell extension 'powershell' for command environment: Not usable outside of PowerShell
[0.814s] DEBUG:colcon.colcon_core.shell:Skip shell extension 'dsv' for command environment
[0.822s] DEBUG:colcon.colcon_core.event_handler.log_command:Invoking command in '/home/leow/colcon_ws/build/turtlebot3_simulations': CMAKE_PREFIX_PATH=/home/leow/colcon_ws/install/turtlebot3_gazebo:/home/leow/colcon_ws/install/turtlebot3_fake_node:/home/leow/colcon_ws/install/turtlebot3_simulations:/home/leow/colcon_ws/install/py_pubsub:/home/leow/colcon_ws/install/map_loader:/home/leow/colcon_ws/install/auto_nav:/opt/ros/foxy /usr/bin/cmake --build /home/leow/colcon_ws/build/turtlebot3_simulations -- -j20 -l20
[0.848s] DEBUG:colcon.colcon_core.event_handler.log_command:Invoked command in '/home/leow/colcon_ws/build/turtlebot3_simulations' returned '0': CMAKE_PREFIX_PATH=/home/leow/colcon_ws/install/turtlebot3_gazebo:/home/leow/colcon_ws/install/turtlebot3_fake_node:/home/leow/colcon_ws/install/turtlebot3_simulations:/home/leow/colcon_ws/install/py_pubsub:/home/leow/colcon_ws/install/map_loader:/home/leow/colcon_ws/install/auto_nav:/opt/ros/foxy /usr/bin/cmake --build /home/leow/colcon_ws/build/turtlebot3_simulations -- -j20 -l20
[0.861s] DEBUG:colcon.colcon_core.event_handler.log_command:Invoking command in '/home/leow/colcon_ws/build/turtlebot3_simulations': CMAKE_PREFIX_PATH=/home/leow/colcon_ws/install/turtlebot3_gazebo:/home/leow/colcon_ws/install/turtlebot3_fake_node:/home/leow/colcon_ws/install/turtlebot3_simulations:/home/leow/colcon_ws/install/py_pubsub:/home/leow/colcon_ws/install/map_loader:/home/leow/colcon_ws/install/auto_nav:/opt/ros/foxy /usr/bin/cmake --install /home/leow/colcon_ws/build/turtlebot3_simulations
[0.875s] Level 1:colcon.colcon_core.environment:create_environment_scripts_only(turtlebot3_simulations)
[0.877s] Level 1:colcon.colcon_core.environment:checking '/home/leow/colcon_ws/install/turtlebot3_simulations' for CMake module files
[0.877s] DEBUG:colcon.colcon_core.event_handler.log_command:Invoked command in '/home/leow/colcon_ws/build/turtlebot3_simulations' returned '0': CMAKE_PREFIX_PATH=/home/leow/colcon_ws/install/turtlebot3_gazebo:/home/leow/colcon_ws/install/turtlebot3_fake_node:/home/leow/colcon_ws/install/turtlebot3_simulations:/home/leow/colcon_ws/install/py_pubsub:/home/leow/colcon_ws/install/map_loader:/home/leow/colcon_ws/install/auto_nav:/opt/ros/foxy /usr/bin/cmake --install /home/leow/colcon_ws/build/turtlebot3_simulations
[0.877s] Level 1:colcon.colcon_core.environment:checking '/home/leow/colcon_ws/install/turtlebot3_simulations' for CMake config files
[0.877s] Level 1:colcon.colcon_core.shell:create_environment_hook('turtlebot3_simulations', 'cmake_prefix_path')
[0.878s] INFO:colcon.colcon_core.shell:Creating environment hook '/home/leow/colcon_ws/install/turtlebot3_simulations/share/turtlebot3_simulations/hook/cmake_prefix_path.ps1'
[0.878s] INFO:colcon.colcon_core.shell:Creating environment descriptor '/home/leow/colcon_ws/install/turtlebot3_simulations/share/turtlebot3_simulations/hook/cmake_prefix_path.dsv'
[0.879s] INFO:colcon.colcon_core.shell:Creating environment hook '/home/leow/colcon_ws/install/turtlebot3_simulations/share/turtlebot3_simulations/hook/cmake_prefix_path.sh'
[0.879s] Level 1:colcon.colcon_core.environment:checking '/home/leow/colcon_ws/install/turtlebot3_simulations/bin'
[0.879s] Level 1:colcon.colcon_core.environment:checking '/home/leow/colcon_ws/install/turtlebot3_simulations/lib/pkgconfig/turtlebot3_simulations.pc'
[0.879s] Level 1:colcon.colcon_core.environment:checking '/home/leow/colcon_ws/install/turtlebot3_simulations/lib/python3.8/site-packages'
[0.879s] Level 1:colcon.colcon_core.environment:checking '/home/leow/colcon_ws/install/turtlebot3_simulations/bin'
[0.880s] INFO:colcon.colcon_core.shell:Creating package script '/home/leow/colcon_ws/install/turtlebot3_simulations/share/turtlebot3_simulations/package.ps1'
[0.880s] INFO:colcon.colcon_core.shell:Creating package descriptor '/home/leow/colcon_ws/install/turtlebot3_simulations/share/turtlebot3_simulations/package.dsv'
[0.881s] INFO:colcon.colcon_core.shell:Creating package script '/home/leow/colcon_ws/install/turtlebot3_simulations/share/turtlebot3_simulations/package.sh'
[0.881s] INFO:colcon.colcon_core.shell:Creating package script '/home/leow/colcon_ws/install/turtlebot3_simulations/share/turtlebot3_simulations/package.bash'
[0.881s] INFO:colcon.colcon_core.shell:Creating package script '/home/leow/colcon_ws/install/turtlebot3_simulations/share/turtlebot3_simulations/package.zsh'
[0.881s] Level 1:colcon.colcon_core.environment:create_file_with_runtime_dependencies(/home/leow/colcon_ws/install/turtlebot3_simulations/share/colcon-core/packages/turtlebot3_simulations)
[0.895s] Level 1:colcon.colcon_core.environment:create_environment_scripts_only(turtlebot3_simulations)
[0.897s] Level 1:colcon.colcon_core.environment:checking '/home/leow/colcon_ws/install/turtlebot3_simulations' for CMake module files
[0.897s] Level 1:colcon.colcon_core.environment:checking '/home/leow/colcon_ws/install/turtlebot3_simulations' for CMake config files
[0.897s] Level 1:colcon.colcon_core.shell:create_environment_hook('turtlebot3_simulations', 'cmake_prefix_path')
[0.898s] INFO:colcon.colcon_core.shell:Creating environment hook '/home/leow/colcon_ws/install/turtlebot3_simulations/share/turtlebot3_simulations/hook/cmake_prefix_path.ps1'
[0.898s] INFO:colcon.colcon_core.shell:Creating environment descriptor '/home/leow/colcon_ws/install/turtlebot3_simulations/share/turtlebot3_simulations/hook/cmake_prefix_path.dsv'
[0.898s] INFO:colcon.colcon_core.shell:Creating environment hook '/home/leow/colcon_ws/install/turtlebot3_simulations/share/turtlebot3_simulations/hook/cmake_prefix_path.sh'
[0.899s] Level 1:colcon.colcon_core.environment:checking '/home/leow/colcon_ws/install/turtlebot3_simulations/bin'
[0.899s] Level 1:colcon.colcon_core.environment:checking '/home/leow/colcon_ws/install/turtlebot3_simulations/lib/pkgconfig/turtlebot3_simulations.pc'
[0.899s] Level 1:colcon.colcon_core.environment:checking '/home/leow/colcon_ws/install/turtlebot3_simulations/lib/python3.8/site-packages'
[0.899s] Level 1:colcon.colcon_core.environment:checking '/home/leow/colcon_ws/install/turtlebot3_simulations/bin'
[0.900s] INFO:colcon.colcon_core.shell:Creating package script '/home/leow/colcon_ws/install/turtlebot3_simulations/share/turtlebot3_simulations/package.ps1'
[0.900s] INFO:colcon.colcon_core.shell:Creating package descriptor '/home/leow/colcon_ws/install/turtlebot3_simulations/share/turtlebot3_simulations/package.dsv'
[0.900s] INFO:colcon.colcon_core.shell:Creating package script '/home/leow/colcon_ws/install/turtlebot3_simulations/share/turtlebot3_simulations/package.sh'
[0.901s] INFO:colcon.colcon_core.shell:Creating package script '/home/leow/colcon_ws/install/turtlebot3_simulations/share/turtlebot3_simulations/package.bash'
[0.901s] INFO:colcon.colcon_core.shell:Creating package script '/home/leow/colcon_ws/install/turtlebot3_simulations/share/turtlebot3_simulations/package.zsh'
[0.901s] Level 1:colcon.colcon_core.environment:create_file_with_runtime_dependencies(/home/leow/colcon_ws/install/turtlebot3_simulations/share/colcon-core/packages/turtlebot3_simulations)
[1.001s] DEBUG:colcon.colcon_core.event_handler.log_command:Invoking command in '/home/leow/colcon_ws/build/py_pubsub': PYTHONPATH=/home/leow/colcon_ws/build/py_pubsub/prefix_override:/home/leow/colcon_ws/install/py_pubsub/lib/python3.8/site-packages:${PYTHONPATH} /usr/bin/python3 setup.py develop --editable --build-directory /home/leow/colcon_ws/build/py_pubsub/build --no-deps install_data
[1.003s] DEBUG:colcon.colcon_core.event_handler.log_command:Invoking command in '/home/leow/colcon_ws/build/auto_nav': PYTHONPATH=/home/leow/colcon_ws/build/auto_nav/prefix_override:/home/leow/colcon_ws/install/auto_nav/lib/python3.8/site-packages:${PYTHONPATH} /usr/bin/python3 setup.py develop --editable --build-directory /home/leow/colcon_ws/build/auto_nav/build --no-deps install_data
[1.006s] DEBUG:colcon.colcon_core.event_handler.log_command:Invoking command in '/home/leow/colcon_ws/build/map_loader': PYTHONPATH=/home/leow/colcon_ws/build/map_loader/prefix_override:/home/leow/colcon_ws/install/map_loader/lib/python3.8/site-packages:${PYTHONPATH} /usr/bin/python3 setup.py develop --editable --build-directory /home/leow/colcon_ws/build/map_loader/build --no-deps install_data
[1.265s] Level 1:colcon.colcon_core.shell:create_environment_hook('auto_nav', 'pythonpath_develop')
[1.265s] DEBUG:colcon.colcon_core.event_handler.log_command:Invoked command in '/home/leow/colcon_ws/build/auto_nav' returned '0': PYTHONPATH=/home/leow/colcon_ws/build/auto_nav/prefix_override:/home/leow/colcon_ws/install/auto_nav/lib/python3.8/site-packages:${PYTHONPATH} /usr/bin/python3 setup.py develop --editable --build-directory /home/leow/colcon_ws/build/auto_nav/build --no-deps install_data
[1.266s] INFO:colcon.colcon_core.shell:Creating environment hook '/home/leow/colcon_ws/build/auto_nav/share/auto_nav/hook/pythonpath_develop.ps1'
[1.267s] INFO:colcon.colcon_core.shell:Creating environment descriptor '/home/leow/colcon_ws/build/auto_nav/share/auto_nav/hook/pythonpath_develop.dsv'
[1.267s] INFO:colcon.colcon_core.shell:Creating environment hook '/home/leow/colcon_ws/build/auto_nav/share/auto_nav/hook/pythonpath_develop.sh'
[1.269s] Level 1:colcon.colcon_core.environment:checking '/home/leow/colcon_ws/install/auto_nav' for CMake module files
[1.269s] Level 1:colcon.colcon_core.environment:checking '/home/leow/colcon_ws/install/auto_nav' for CMake config files
[1.269s] Level 1:colcon.colcon_core.environment:checking '/home/leow/colcon_ws/install/auto_nav/lib'
[1.270s] Level 1:colcon.colcon_core.environment:checking '/home/leow/colcon_ws/install/auto_nav/bin'
[1.270s] Level 1:colcon.colcon_core.environment:checking '/home/leow/colcon_ws/install/auto_nav/lib/pkgconfig/auto_nav.pc'
[1.270s] Level 1:colcon.colcon_core.environment:checking '/home/leow/colcon_ws/install/auto_nav/lib/python3.8/site-packages'
[1.270s] Level 1:colcon.colcon_core.shell:create_environment_hook('auto_nav', 'pythonpath')
[1.271s] INFO:colcon.colcon_core.shell:Creating environment hook '/home/leow/colcon_ws/install/auto_nav/share/auto_nav/hook/pythonpath.ps1'
[1.271s] INFO:colcon.colcon_core.shell:Creating environment descriptor '/home/leow/colcon_ws/install/auto_nav/share/auto_nav/hook/pythonpath.dsv'
[1.271s] INFO:colcon.colcon_core.shell:Creating environment hook '/home/leow/colcon_ws/install/auto_nav/share/auto_nav/hook/pythonpath.sh'
[1.271s] Level 1:colcon.colcon_core.environment:checking '/home/leow/colcon_ws/install/auto_nav/bin'
[1.271s] Level 1:colcon.colcon_core.environment:create_environment_scripts_only(auto_nav)
[1.272s] INFO:colcon.colcon_core.shell:Creating package script '/home/leow/colcon_ws/install/auto_nav/share/auto_nav/package.ps1'
[1.273s] INFO:colcon.colcon_core.shell:Creating package descriptor '/home/leow/colcon_ws/install/auto_nav/share/auto_nav/package.dsv'
[1.273s] INFO:colcon.colcon_core.shell:Creating package script '/home/leow/colcon_ws/install/auto_nav/share/auto_nav/package.sh'
[1.273s] INFO:colcon.colcon_core.shell:Creating package script '/home/leow/colcon_ws/install/auto_nav/share/auto_nav/package.bash'
[1.273s] INFO:colcon.colcon_core.shell:Creating package script '/home/leow/colcon_ws/install/auto_nav/share/auto_nav/package.zsh'
[1.273s] Level 1:colcon.colcon_core.environment:create_file_with_runtime_dependencies(/home/leow/colcon_ws/install/auto_nav/share/colcon-core/packages/auto_nav)
[1.274s] Level 1:colcon.colcon_core.shell:create_environment_hook('py_pubsub', 'pythonpath_develop')
[1.275s] INFO:colcon.colcon_core.shell:Creating environment hook '/home/leow/colcon_ws/build/py_pubsub/share/py_pubsub/hook/pythonpath_develop.ps1'
[1.275s] INFO:colcon.colcon_core.shell:Creating environment descriptor '/home/leow/colcon_ws/build/py_pubsub/share/py_pubsub/hook/pythonpath_develop.dsv'
[1.276s] INFO:colcon.colcon_core.shell:Creating environment hook '/home/leow/colcon_ws/build/py_pubsub/share/py_pubsub/hook/pythonpath_develop.sh'
[1.276s] DEBUG:colcon.colcon_core.event_handler.log_command:Invoked command in '/home/leow/colcon_ws/build/py_pubsub' returned '0': PYTHONPATH=/home/leow/colcon_ws/build/py_pubsub/prefix_override:/home/leow/colcon_ws/install/py_pubsub/lib/python3.8/site-packages:${PYTHONPATH} /usr/bin/python3 setup.py develop --editable --build-directory /home/leow/colcon_ws/build/py_pubsub/build --no-deps install_data
[1.277s] Level 1:colcon.colcon_core.environment:checking '/home/leow/colcon_ws/install/py_pubsub' for CMake module files
[1.277s] Level 1:colcon.colcon_core.environment:checking '/home/leow/colcon_ws/install/py_pubsub' for CMake config files
[1.278s] Level 1:colcon.colcon_core.environment:checking '/home/leow/colcon_ws/install/py_pubsub/lib'
[1.278s] Level 1:colcon.colcon_core.environment:checking '/home/leow/colcon_ws/install/py_pubsub/bin'
[1.278s] Level 1:colcon.colcon_core.environment:checking '/home/leow/colcon_ws/install/py_pubsub/lib/pkgconfig/py_pubsub.pc'
[1.278s] Level 1:colcon.colcon_core.environment:checking '/home/leow/colcon_ws/install/py_pubsub/lib/python3.8/site-packages'
[1.278s] Level 1:colcon.colcon_core.shell:create_environment_hook('py_pubsub', 'pythonpath')
[1.278s] INFO:colcon.colcon_core.shell:Creating environment hook '/home/leow/colcon_ws/install/py_pubsub/share/py_pubsub/hook/pythonpath.ps1'
[1.279s] INFO:colcon.colcon_core.shell:Creating environment descriptor '/home/leow/colcon_ws/install/py_pubsub/share/py_pubsub/hook/pythonpath.dsv'
[1.279s] INFO:colcon.colcon_core.shell:Creating environment hook '/home/leow/colcon_ws/install/py_pubsub/share/py_pubsub/hook/pythonpath.sh'
[1.279s] Level 1:colcon.colcon_core.environment:checking '/home/leow/colcon_ws/install/py_pubsub/bin'
[1.279s] Level 1:colcon.colcon_core.environment:create_environment_scripts_only(py_pubsub)
[1.280s] INFO:colcon.colcon_core.shell:Creating package script '/home/leow/colcon_ws/install/py_pubsub/share/py_pubsub/package.ps1'
[1.280s] INFO:colcon.colcon_core.shell:Creating package descriptor '/home/leow/colcon_ws/install/py_pubsub/share/py_pubsub/package.dsv'
[1.280s] INFO:colcon.colcon_core.shell:Creating package script '/home/leow/colcon_ws/install/py_pubsub/share/py_pubsub/package.sh'
[1.281s] INFO:colcon.colcon_core.shell:Creating package script '/home/leow/colcon_ws/install/py_pubsub/share/py_pubsub/package.bash'
[1.281s] INFO:colcon.colcon_core.shell:Creating package script '/home/leow/colcon_ws/install/py_pubsub/share/py_pubsub/package.zsh'
[1.281s] Level 1:colcon.colcon_core.environment:create_file_with_runtime_dependencies(/home/leow/colcon_ws/install/py_pubsub/share/colcon-core/packages/py_pubsub)
[1.281s] Level 1:colcon.colcon_core.shell:create_environment_hook('map_loader', 'pythonpath_develop')
[1.282s] INFO:colcon.colcon_core.shell:Creating environment hook '/home/leow/colcon_ws/build/map_loader/share/map_loader/hook/pythonpath_develop.ps1'
[1.282s] DEBUG:colcon.colcon_core.event_handler.log_command:Invoked command in '/home/leow/colcon_ws/build/map_loader' returned '0': PYTHONPATH=/home/leow/colcon_ws/build/map_loader/prefix_override:/home/leow/colcon_ws/install/map_loader/lib/python3.8/site-packages:${PYTHONPATH} /usr/bin/python3 setup.py develop --editable --build-directory /home/leow/colcon_ws/build/map_loader/build --no-deps install_data
[1.282s] INFO:colcon.colcon_core.shell:Creating environment descriptor '/home/leow/colcon_ws/build/map_loader/share/map_loader/hook/pythonpath_develop.dsv'
[1.283s] INFO:colcon.colcon_core.shell:Creating environment hook '/home/leow/colcon_ws/build/map_loader/share/map_loader/hook/pythonpath_develop.sh'
[1.284s] Level 1:colcon.colcon_core.environment:checking '/home/leow/colcon_ws/install/map_loader' for CMake module files
[1.284s] Level 1:colcon.colcon_core.environment:checking '/home/leow/colcon_ws/install/map_loader' for CMake config files
[1.285s] Level 1:colcon.colcon_core.environment:checking '/home/leow/colcon_ws/install/map_loader/lib'
[1.285s] Level 1:colcon.colcon_core.environment:checking '/home/leow/colcon_ws/install/map_loader/bin'
[1.285s] Level 1:colcon.colcon_core.environment:checking '/home/leow/colcon_ws/install/map_loader/lib/pkgconfig/map_loader.pc'
[1.285s] Level 1:colcon.colcon_core.environment:checking '/home/leow/colcon_ws/install/map_loader/lib/python3.8/site-packages'
[1.285s] Level 1:colcon.colcon_core.shell:create_environment_hook('map_loader', 'pythonpath')
[1.286s] INFO:colcon.colcon_core.shell:Creating environment hook '/home/leow/colcon_ws/install/map_loader/share/map_loader/hook/pythonpath.ps1'
[1.286s] INFO:colcon.colcon_core.shell:Creating environment descriptor '/home/leow/colcon_ws/install/map_loader/share/map_loader/hook/pythonpath.dsv'
[1.286s] INFO:colcon.colcon_core.shell:Creating environment hook '/home/leow/colcon_ws/install/map_loader/share/map_loader/hook/pythonpath.sh'
[1.286s] Level 1:colcon.colcon_core.environment:checking '/home/leow/colcon_ws/install/map_loader/bin'
[1.286s] Level 1:colcon.colcon_core.environment:create_environment_scripts_only(map_loader)
[1.287s] INFO:colcon.colcon_core.shell:Creating package script '/home/leow/colcon_ws/install/map_loader/share/map_loader/package.ps1'
[1.287s] INFO:colcon.colcon_core.shell:Creating package descriptor '/home/leow/colcon_ws/install/map_loader/share/map_loader/package.dsv'
[1.287s] INFO:colcon.colcon_core.shell:Creating package script '/home/leow/colcon_ws/install/map_loader/share/map_loader/package.sh'
[1.288s] INFO:colcon.colcon_core.shell:Creating package script '/home/leow/colcon_ws/install/map_loader/share/map_loader/package.bash'
[1.288s] INFO:colcon.colcon_core.shell:Creating package script '/home/leow/colcon_ws/install/map_loader/share/map_loader/package.zsh'
[1.288s] Level 1:colcon.colcon_core.environment:create_file_with_runtime_dependencies(/home/leow/colcon_ws/install/map_loader/share/colcon-core/packages/map_loader)
[1.288s] DEBUG:colcon.colcon_parallel_executor.executor.parallel:closing loop
[1.288s] DEBUG:colcon.colcon_parallel_executor.executor.parallel:loop closed
[1.288s] DEBUG:colcon.colcon_parallel_executor.executor.parallel:run_until_complete finished with '0'
[1.288s] DEBUG:colcon.colcon_core.event_reactor:joining thread
[1.293s] INFO:colcon.colcon_core.plugin_system:Skipping extension 'colcon_notification.desktop_notification.terminal_notifier': Not used on non-Darwin systems
[1.293s] INFO:colcon.colcon_core.plugin_system:Skipping extension 'colcon_notification.desktop_notification.win32': Not used on non-Windows systems
[1.294s] INFO:colcon.colcon_notification.desktop_notification:Sending desktop notification using 'notify2'
[1.306s] DEBUG:colcon.colcon_core.event_reactor:joined thread
[1.307s] INFO:colcon.colcon_core.shell:Creating prefix script '/home/leow/colcon_ws/install/local_setup.ps1'
[1.308s] INFO:colcon.colcon_core.shell:Creating prefix util module '/home/leow/colcon_ws/install/_local_setup_util_ps1.py'
[1.309s] INFO:colcon.colcon_core.shell:Creating prefix chain script '/home/leow/colcon_ws/install/setup.ps1'
[1.310s] INFO:colcon.colcon_core.shell:Creating prefix script '/home/leow/colcon_ws/install/local_setup.sh'
[1.310s] INFO:colcon.colcon_core.shell:Creating prefix util module '/home/leow/colcon_ws/install/_local_setup_util_sh.py'
[1.311s] INFO:colcon.colcon_core.shell:Creating prefix chain script '/home/leow/colcon_ws/install/setup.sh'
[1.312s] INFO:colcon.colcon_core.shell:Creating prefix script '/home/leow/colcon_ws/install/local_setup.bash'
[1.312s] INFO:colcon.colcon_core.shell:Creating prefix chain script '/home/leow/colcon_ws/install/setup.bash'
[1.313s] INFO:colcon.colcon_core.shell:Creating prefix script '/home/leow/colcon_ws/install/local_setup.zsh'
[1.313s] INFO:colcon.colcon_core.shell:Creating prefix chain script '/home/leow/colcon_ws/install/setup.zsh'
