[0.033s] Invoking command in '/home/leow/colcon_ws/build/turtlebot3_gazebo': CMAKE_PREFIX_PATH=/home/leow/colcon_ws/install/py_pubsub:/home/leow/colcon_ws/install/auto_nav:/opt/ros/foxy /usr/bin/cmake /home/leow/colcon_ws/src/turtlebot3_simulations/turtlebot3_gazebo -DAMENT_CMAKE_SYMLINK_INSTALL=1 -DCMAKE_INSTALL_PREFIX=/home/leow/colcon_ws/install/turtlebot3_gazebo
[0.220s] -- Found ament_cmake: 0.9.11 (/opt/ros/foxy/share/ament_cmake/cmake)
[0.221s] -- Using PYTHON_EXECUTABLE: /usr/bin/python3
[0.221s] -- Override CMake install command with custom implementation using symlinks instead of copying resources
[0.222s] CMake Error at CMakeLists.txt:23 (find_package):
[0.222s]   By not providing "Findgazebo.cmake" in CMAKE_MODULE_PATH this project has
[0.222s]   asked CMake to find a package configuration file provided by "gazebo", but
[0.222s]   CMake did not find one.
[0.222s] 
[0.222s]   Could not find a package configuration file provided by "gazebo" with any
[0.223s]   of the following names:
[0.223s] 
[0.223s]     gazeboConfig.cmake
[0.223s]     gazebo-config.cmake
[0.223s] 
[0.223s]   Add the installation prefix of "gazebo" to CMAKE_PREFIX_PATH or set
[0.225s]   "gazebo_DIR" to a directory containing one of the above files.  If "gazebo"
[0.225s]   provides a separate development package or SDK, be sure it has been
[0.225s]   installed.
[0.225s] 
[0.225s] 
[0.225s] -- Configuring incomplete, errors occurred!
[0.225s] See also "/home/leow/colcon_ws/build/turtlebot3_gazebo/CMakeFiles/CMakeOutput.log".
[0.376s] Invoked command in '/home/leow/colcon_ws/build/turtlebot3_gazebo' returned '1': CMAKE_PREFIX_PATH=/home/leow/colcon_ws/install/py_pubsub:/home/leow/colcon_ws/install/auto_nav:/opt/ros/foxy /usr/bin/cmake /home/leow/colcon_ws/src/turtlebot3_simulations/turtlebot3_gazebo -DAMENT_CMAKE_SYMLINK_INSTALL=1 -DCMAKE_INSTALL_PREFIX=/home/leow/colcon_ws/install/turtlebot3_gazebo
