[0.413s] Invoking command in '/home/leow/colcon_ws/src/py_pubsub': PYTHONPATH=/home/leow/colcon_ws/build/py_pubsub/prefix_override:/home/leow/colcon_ws/install/py_pubsub/lib/python3.8/site-packages:${PYTHONPATH} /usr/bin/python3 setup.py egg_info --egg-base ../../build/py_pubsub build --build-base /home/leow/colcon_ws/build/py_pubsub/build install --record /home/leow/colcon_ws/build/py_pubsub/install.log --install-scripts $base/lib/py_pubsub --single-version-externally-managed
[0.529s] running egg_info
[0.529s] creating ../../build/py_pubsub/py_pubsub.egg-info
[0.529s] writing ../../build/py_pubsub/py_pubsub.egg-info/PKG-INFO
[0.529s] writing dependency_links to ../../build/py_pubsub/py_pubsub.egg-info/dependency_links.txt
[0.529s] writing entry points to ../../build/py_pubsub/py_pubsub.egg-info/entry_points.txt
[0.530s] writing requirements to ../../build/py_pubsub/py_pubsub.egg-info/requires.txt
[0.530s] writing top-level names to ../../build/py_pubsub/py_pubsub.egg-info/top_level.txt
[0.547s] writing manifest file '../../build/py_pubsub/py_pubsub.egg-info/SOURCES.txt'
[0.567s] reading manifest file '../../build/py_pubsub/py_pubsub.egg-info/SOURCES.txt'
[0.567s] writing manifest file '../../build/py_pubsub/py_pubsub.egg-info/SOURCES.txt'
[0.567s] running build
[0.567s] running build_py
[0.567s] creating /home/leow/colcon_ws/build/py_pubsub/build
[0.567s] creating /home/leow/colcon_ws/build/py_pubsub/build/lib
[0.567s] creating /home/leow/colcon_ws/build/py_pubsub/build/lib/py_pubsub
[0.568s] copying py_pubsub/subscriber_member_function.py -> /home/leow/colcon_ws/build/py_pubsub/build/lib/py_pubsub
[0.568s] copying py_pubsub/__init__.py -> /home/leow/colcon_ws/build/py_pubsub/build/lib/py_pubsub
[0.568s] copying py_pubsub/publisher_member_function.py -> /home/leow/colcon_ws/build/py_pubsub/build/lib/py_pubsub
[0.568s] running install
[0.568s] running install_lib
[0.569s] creating /home/leow/colcon_ws/install/py_pubsub/lib/python3.8/site-packages/py_pubsub
[0.569s] copying /home/leow/colcon_ws/build/py_pubsub/build/lib/py_pubsub/subscriber_member_function.py -> /home/leow/colcon_ws/install/py_pubsub/lib/python3.8/site-packages/py_pubsub
[0.569s] copying /home/leow/colcon_ws/build/py_pubsub/build/lib/py_pubsub/__init__.py -> /home/leow/colcon_ws/install/py_pubsub/lib/python3.8/site-packages/py_pubsub
[0.569s] copying /home/leow/colcon_ws/build/py_pubsub/build/lib/py_pubsub/publisher_member_function.py -> /home/leow/colcon_ws/install/py_pubsub/lib/python3.8/site-packages/py_pubsub
[0.569s] byte-compiling /home/leow/colcon_ws/install/py_pubsub/lib/python3.8/site-packages/py_pubsub/subscriber_member_function.py to subscriber_member_function.cpython-38.pyc
[0.570s] byte-compiling /home/leow/colcon_ws/install/py_pubsub/lib/python3.8/site-packages/py_pubsub/__init__.py to __init__.cpython-38.pyc
[0.570s] byte-compiling /home/leow/colcon_ws/install/py_pubsub/lib/python3.8/site-packages/py_pubsub/publisher_member_function.py to publisher_member_function.cpython-38.pyc
[0.570s] running install_data
[0.570s] creating /home/leow/colcon_ws/install/py_pubsub/share/ament_index
[0.570s] creating /home/leow/colcon_ws/install/py_pubsub/share/ament_index/resource_index
[0.570s] creating /home/leow/colcon_ws/install/py_pubsub/share/ament_index/resource_index/packages
[0.570s] copying resource/py_pubsub -> /home/leow/colcon_ws/install/py_pubsub/share/ament_index/resource_index/packages
[0.570s] copying package.xml -> /home/leow/colcon_ws/install/py_pubsub/share/py_pubsub
[0.570s] running install_egg_info
[0.571s] Copying ../../build/py_pubsub/py_pubsub.egg-info to /home/leow/colcon_ws/install/py_pubsub/lib/python3.8/site-packages/py_pubsub-0.0.0-py3.8.egg-info
[0.572s] running install_scripts
[0.582s] Installing listener script to /home/leow/colcon_ws/install/py_pubsub/lib/py_pubsub
[0.583s] Installing talker script to /home/leow/colcon_ws/install/py_pubsub/lib/py_pubsub
[0.583s] writing list of installed files to '/home/leow/colcon_ws/build/py_pubsub/install.log'
[0.597s] Invoked command in '/home/leow/colcon_ws/src/py_pubsub' returned '0': PYTHONPATH=/home/leow/colcon_ws/build/py_pubsub/prefix_override:/home/leow/colcon_ws/install/py_pubsub/lib/python3.8/site-packages:${PYTHONPATH} /usr/bin/python3 setup.py egg_info --egg-base ../../build/py_pubsub build --build-base /home/leow/colcon_ws/build/py_pubsub/build install --record /home/leow/colcon_ws/build/py_pubsub/install.log --install-scripts $base/lib/py_pubsub --single-version-externally-managed
