[0.531s] Invoking command in '/home/leow/colcon_ws/src/py_pubsub': PYTHONPATH=/home/leow/colcon_ws/build/py_pubsub/prefix_override:/home/leow/colcon_ws/install/py_pubsub/lib/python3.8/site-packages:${PYTHONPATH} /usr/bin/python3 setup.py egg_info --egg-base ../../build/py_pubsub build --build-base /home/leow/colcon_ws/build/py_pubsub/build install --record /home/leow/colcon_ws/build/py_pubsub/install.log --install-scripts $base/lib/py_pubsub --single-version-externally-managed
[0.648s] running egg_info
[0.649s] writing ../../build/py_pubsub/py_pubsub.egg-info/PKG-INFO
[0.649s] writing dependency_links to ../../build/py_pubsub/py_pubsub.egg-info/dependency_links.txt
[0.649s] writing entry points to ../../build/py_pubsub/py_pubsub.egg-info/entry_points.txt
[0.649s] writing requirements to ../../build/py_pubsub/py_pubsub.egg-info/requires.txt
[0.649s] writing top-level names to ../../build/py_pubsub/py_pubsub.egg-info/top_level.txt
[0.672s] reading manifest file '../../build/py_pubsub/py_pubsub.egg-info/SOURCES.txt'
[0.673s] writing manifest file '../../build/py_pubsub/py_pubsub.egg-info/SOURCES.txt'
[0.673s] running build
[0.673s] running build_py
[0.674s] running install
[0.674s] running install_lib
[0.676s] running install_data
[0.676s] running install_egg_info
[0.677s] removing '/home/leow/colcon_ws/install/py_pubsub/lib/python3.8/site-packages/py_pubsub-0.0.0-py3.8.egg-info' (and everything under it)
[0.677s] Copying ../../build/py_pubsub/py_pubsub.egg-info to /home/leow/colcon_ws/install/py_pubsub/lib/python3.8/site-packages/py_pubsub-0.0.0-py3.8.egg-info
[0.678s] running install_scripts
[0.689s] Installing listener script to /home/leow/colcon_ws/install/py_pubsub/lib/py_pubsub
[0.689s] Installing talker script to /home/leow/colcon_ws/install/py_pubsub/lib/py_pubsub
[0.689s] writing list of installed files to '/home/leow/colcon_ws/build/py_pubsub/install.log'
[0.705s] Invoked command in '/home/leow/colcon_ws/src/py_pubsub' returned '0': PYTHONPATH=/home/leow/colcon_ws/build/py_pubsub/prefix_override:/home/leow/colcon_ws/install/py_pubsub/lib/python3.8/site-packages:${PYTHONPATH} /usr/bin/python3 setup.py egg_info --egg-base ../../build/py_pubsub build --build-base /home/leow/colcon_ws/build/py_pubsub/build install --record /home/leow/colcon_ws/build/py_pubsub/install.log --install-scripts $base/lib/py_pubsub --single-version-externally-managed
