[0.029s] Invoking command in '/home/leow/colcon_ws/build/turtlebot3_fake_node': CMAKE_PREFIX_PATH=/home/leow/colcon_ws/install/py_pubsub:/home/leow/colcon_ws/install/auto_nav:/opt/ros/foxy /usr/bin/cmake /home/leow/colcon_ws/src/turtlebot3_simulations/turtlebot3_fake_node -DAMENT_CMAKE_SYMLINK_INSTALL=1 -DCMAKE_INSTALL_PREFIX=/home/leow/colcon_ws/install/turtlebot3_fake_node
[0.169s] -- Found ament_cmake: 0.9.11 (/opt/ros/foxy/share/ament_cmake/cmake)
[0.169s] -- Using PYTHON_EXECUTABLE: /usr/bin/python3
[0.170s] -- Override CMake install command with custom implementation using symlinks instead of copying resources
[0.171s] -- Found geometry_msgs: 2.0.5 (/opt/ros/foxy/share/geometry_msgs/cmake)
[0.177s] -- Using all available rosidl_typesupport_c: rosidl_typesupport_fastrtps_c;rosidl_typesupport_introspection_c
[0.180s] -- Found rosidl_adapter: 1.3.0 (/opt/ros/foxy/share/rosidl_adapter/cmake)
[0.259s] -- Using all available rosidl_typesupport_cpp: rosidl_typesupport_fastrtps_cpp;rosidl_typesupport_introspection_cpp
[0.313s] -- Found nav_msgs: 2.0.5 (/opt/ros/foxy/share/nav_msgs/cmake)
[0.361s] -- Found rclcpp: 2.4.2 (/opt/ros/foxy/share/rclcpp/cmake)
[0.384s] -- Found rmw_implementation_cmake: 1.0.3 (/opt/ros/foxy/share/rmw_implementation_cmake/cmake)
[0.385s] -- Using RMW implementation 'rmw_fastrtps_cpp' as default
[0.473s] -- Found sensor_msgs: 2.0.5 (/opt/ros/foxy/share/sensor_msgs/cmake)
[0.522s] -- Found tf2: 0.13.13 (/opt/ros/foxy/share/tf2/cmake)
[0.529s] -- Found tf2_msgs: 0.13.13 (/opt/ros/foxy/share/tf2_msgs/cmake)
[0.652s] -- Found turtlebot3_msgs: 2.2.1 (/opt/ros/foxy/share/turtlebot3_msgs/cmake)
[0.762s] -- Configuring done
[0.772s] -- Generating done
[0.773s] -- Build files have been written to: /home/leow/colcon_ws/build/turtlebot3_fake_node
[0.779s] Invoked command in '/home/leow/colcon_ws/build/turtlebot3_fake_node' returned '0': CMAKE_PREFIX_PATH=/home/leow/colcon_ws/install/py_pubsub:/home/leow/colcon_ws/install/auto_nav:/opt/ros/foxy /usr/bin/cmake /home/leow/colcon_ws/src/turtlebot3_simulations/turtlebot3_fake_node -DAMENT_CMAKE_SYMLINK_INSTALL=1 -DCMAKE_INSTALL_PREFIX=/home/leow/colcon_ws/install/turtlebot3_fake_node
[0.782s] Invoking command in '/home/leow/colcon_ws/build/turtlebot3_fake_node': CMAKE_PREFIX_PATH=/home/leow/colcon_ws/install/py_pubsub:/home/leow/colcon_ws/install/auto_nav:/opt/ros/foxy /usr/bin/cmake --build /home/leow/colcon_ws/build/turtlebot3_fake_node -- -j20 -l20
[0.822s] [100%] Built target turtlebot3_fake_node
[0.832s] Invoked command in '/home/leow/colcon_ws/build/turtlebot3_fake_node' returned '0': CMAKE_PREFIX_PATH=/home/leow/colcon_ws/install/py_pubsub:/home/leow/colcon_ws/install/auto_nav:/opt/ros/foxy /usr/bin/cmake --build /home/leow/colcon_ws/build/turtlebot3_fake_node -- -j20 -l20
[0.854s] Invoking command in '/home/leow/colcon_ws/build/turtlebot3_fake_node': CMAKE_PREFIX_PATH=/home/leow/colcon_ws/install/py_pubsub:/home/leow/colcon_ws/install/auto_nav:/opt/ros/foxy /usr/bin/cmake --install /home/leow/colcon_ws/build/turtlebot3_fake_node
[0.860s] -- Install configuration: ""
[0.860s] -- Execute custom install script
[0.860s] -- Up-to-date symlink: /home/leow/colcon_ws/install/turtlebot3_fake_node/lib/turtlebot3_fake_node/turtlebot3_fake_node
[0.860s] -- Up-to-date symlink: /home/leow/colcon_ws/install/turtlebot3_fake_node/share/turtlebot3_fake_node/launch/rviz2.launch.py
[0.860s] -- Up-to-date symlink: /home/leow/colcon_ws/install/turtlebot3_fake_node/share/turtlebot3_fake_node/launch/turtlebot3_fake_node.launch.py
[0.861s] -- Up-to-date symlink: /home/leow/colcon_ws/install/turtlebot3_fake_node/share/turtlebot3_fake_node/param/burger.yaml
[0.861s] -- Up-to-date symlink: /home/leow/colcon_ws/install/turtlebot3_fake_node/share/turtlebot3_fake_node/param/waffle.yaml
[0.861s] -- Up-to-date symlink: /home/leow/colcon_ws/install/turtlebot3_fake_node/share/turtlebot3_fake_node/param/waffle_pi.yaml
[0.861s] -- Up-to-date symlink: /home/leow/colcon_ws/install/turtlebot3_fake_node/share/turtlebot3_fake_node/rviz/model.rviz
[0.861s] -- Up-to-date symlink: /home/leow/colcon_ws/install/turtlebot3_fake_node/include//turtlebot3_fake_node/turtlebot3_fake_node.hpp
[0.861s] -- Up-to-date symlink: /home/leow/colcon_ws/install/turtlebot3_fake_node/share/ament_index/resource_index/package_run_dependencies/turtlebot3_fake_node
[0.861s] -- Up-to-date symlink: /home/leow/colcon_ws/install/turtlebot3_fake_node/share/ament_index/resource_index/parent_prefix_path/turtlebot3_fake_node
[0.862s] -- Up-to-date symlink: /home/leow/colcon_ws/install/turtlebot3_fake_node/share/turtlebot3_fake_node/environment/ament_prefix_path.sh
[0.862s] -- Up-to-date symlink: /home/leow/colcon_ws/install/turtlebot3_fake_node/share/turtlebot3_fake_node/environment/ament_prefix_path.dsv
[0.862s] -- Up-to-date symlink: /home/leow/colcon_ws/install/turtlebot3_fake_node/share/turtlebot3_fake_node/environment/path.sh
[0.862s] -- Up-to-date symlink: /home/leow/colcon_ws/install/turtlebot3_fake_node/share/turtlebot3_fake_node/environment/path.dsv
[0.862s] -- Up-to-date symlink: /home/leow/colcon_ws/install/turtlebot3_fake_node/share/turtlebot3_fake_node/local_setup.bash
[0.862s] -- Up-to-date symlink: /home/leow/colcon_ws/install/turtlebot3_fake_node/share/turtlebot3_fake_node/local_setup.sh
[0.862s] -- Up-to-date symlink: /home/leow/colcon_ws/install/turtlebot3_fake_node/share/turtlebot3_fake_node/local_setup.zsh
[0.862s] -- Up-to-date symlink: /home/leow/colcon_ws/install/turtlebot3_fake_node/share/turtlebot3_fake_node/local_setup.dsv
[0.862s] -- Symlinking: /home/leow/colcon_ws/install/turtlebot3_fake_node/share/turtlebot3_fake_node/package.dsv
[0.868s] -- Up-to-date symlink: /home/leow/colcon_ws/install/turtlebot3_fake_node/share/ament_index/resource_index/packages/turtlebot3_fake_node
[0.868s] -- Up-to-date symlink: /home/leow/colcon_ws/install/turtlebot3_fake_node/share/turtlebot3_fake_node/cmake/ament_cmake_export_include_directories-extras.cmake
[0.869s] -- Up-to-date symlink: /home/leow/colcon_ws/install/turtlebot3_fake_node/share/turtlebot3_fake_node/cmake/ament_cmake_export_dependencies-extras.cmake
[0.869s] -- Up-to-date symlink: /home/leow/colcon_ws/install/turtlebot3_fake_node/share/turtlebot3_fake_node/cmake/turtlebot3_fake_nodeConfig.cmake
[0.869s] -- Up-to-date symlink: /home/leow/colcon_ws/install/turtlebot3_fake_node/share/turtlebot3_fake_node/cmake/turtlebot3_fake_nodeConfig-version.cmake
[0.869s] -- Up-to-date symlink: /home/leow/colcon_ws/install/turtlebot3_fake_node/share/turtlebot3_fake_node/package.xml
[0.872s] Invoked command in '/home/leow/colcon_ws/build/turtlebot3_fake_node' returned '0': CMAKE_PREFIX_PATH=/home/leow/colcon_ws/install/py_pubsub:/home/leow/colcon_ws/install/auto_nav:/opt/ros/foxy /usr/bin/cmake --install /home/leow/colcon_ws/build/turtlebot3_fake_node
