[1.313s] Invoking command in '/home/leow/colcon_ws/build/auto_nav': PYTHONPATH=/home/leow/colcon_ws/build/auto_nav/prefix_override:/home/leow/colcon_ws/install/auto_nav/lib/python3.8/site-packages:${PYTHONPATH} /usr/bin/python3 setup.py develop --editable --build-directory /home/leow/colcon_ws/build/auto_nav/build --no-deps install_data
[1.599s] running develop
[1.758s] running egg_info
[1.758s] writing auto_nav.egg-info/PKG-INFO
[1.758s] writing dependency_links to auto_nav.egg-info/dependency_links.txt
[1.758s] writing entry points to auto_nav.egg-info/entry_points.txt
[1.758s] writing requirements to auto_nav.egg-info/requires.txt
[1.759s] writing top-level names to auto_nav.egg-info/top_level.txt
[1.817s] reading manifest file 'auto_nav.egg-info/SOURCES.txt'
[1.819s] writing manifest file 'auto_nav.egg-info/SOURCES.txt'
[1.862s] running build_ext
[1.863s] Creating /home/leow/colcon_ws/install/auto_nav/lib/python3.8/site-packages/auto-nav.egg-link (link to .)
[1.864s] Installing r2auto_nav script to /home/leow/colcon_ws/install/auto_nav/lib/auto_nav
[1.864s] Installing r2mover script to /home/leow/colcon_ws/install/auto_nav/lib/auto_nav
[1.865s] Installing r2moverotate script to /home/leow/colcon_ws/install/auto_nav/lib/auto_nav
[1.865s] Installing r2occupancy script to /home/leow/colcon_ws/install/auto_nav/lib/auto_nav
[1.865s] Installing r2occupancy2 script to /home/leow/colcon_ws/install/auto_nav/lib/auto_nav
[1.865s] Installing r2scanner script to /home/leow/colcon_ws/install/auto_nav/lib/auto_nav
[1.865s] 
[1.865s] Installed /home/leow/colcon_ws/build/auto_nav
[1.865s] running install_data
[1.920s] Invoked command in '/home/leow/colcon_ws/build/auto_nav' returned '0': PYTHONPATH=/home/leow/colcon_ws/build/auto_nav/prefix_override:/home/leow/colcon_ws/install/auto_nav/lib/python3.8/site-packages:${PYTHONPATH} /usr/bin/python3 setup.py develop --editable --build-directory /home/leow/colcon_ws/build/auto_nav/build --no-deps install_data
